<?xml version="1.0" encoding="UTF-8"?>
<!-- Generated by org.testng.reporters.JUnitXMLReporter -->
<testsuite hostname="ATMECSINLT-647" ignored="0" name="Create Customer API Test" tests="5" failures="0" timestamp="2021-01-08T13:47:25 IST" time="3.829" errors="0">
  <testcase name="skipTestIntentionally" time="0.005" classname="com.learning.testcases.stripe.CreateCustomerTest">
    <skipped/>
  </testcase> <!-- skipTestIntentionally -->
  <testcase name="validateCreateCustomerAPI" time="3.053" classname="com.learning.testcases.stripe.CreateCustomerTest"/>
  <testcase name="validateCreateCustomerAPI" time="3.059" classname="com.learning.testcases.stripe.CreateCustomerTest"/>
  <testcase name="validateCreateCustomerAPI" time="3.062" classname="com.learning.testcases.stripe.CreateCustomerTest"/>
  <testcase name="validateCreateCustomerAPI" time="3.062" classname="com.learning.testcases.stripe.CreateCustomerTest"/>
</testsuite> <!-- Create Customer API Test -->
