<?xml version="1.0" encoding="UTF-8"?>
<!-- Generated by org.testng.reporters.JUnitXMLReporter -->
<testsuite hostname="ATMECSINLT-647" ignored="0" name="Create Customer API Test" tests="5" failures="0" timestamp="2021-01-08T14:41:01 IST" time="3.203" errors="0">
  <testcase name="skipTestIntentionally" time="0.007" classname="com.learning.testcases.stripe.CreateCustomerTest">
    <skipped/>
  </testcase> <!-- skipTestIntentionally -->
  <testcase name="validateCreateCustomerAPI" time="2.623" classname="com.learning.testcases.stripe.CreateCustomerTest"/>
  <testcase name="validateCreateCustomerAPI" time="2.623" classname="com.learning.testcases.stripe.CreateCustomerTest"/>
  <testcase name="validateCreateCustomerAPI" time="2.621" classname="com.learning.testcases.stripe.CreateCustomerTest"/>
  <testcase name="validateCreateCustomerAPI" time="2.618" classname="com.learning.testcases.stripe.CreateCustomerTest"/>
</testsuite> <!-- Create Customer API Test -->
