<?xml version="1.0" encoding="UTF-8"?>
<!-- Generated by org.testng.reporters.JUnitXMLReporter -->
<testsuite hostname="ATMECSINLT-647" ignored="0" name="Delete Customer API Test" tests="2" failures="2" timestamp="2021-01-08T14:41:01 IST" time="3.23" errors="0">
  <testcase name="validateDeleteCustomerAPI" time="2.638" classname="com.learning.testcases.stripe.DeleteCustomerTest">
    <failure type="java.lang.AssertionError" message="Response doesn&amp;apos;t have ID as a field expected [true] but found [false]">
      <![CDATA[java.lang.AssertionError: Response doesn't have ID as a field expected [true] but found [false]
at com.learning.testcases.stripe.DeleteCustomerTest.doValidationUsingJSONObject(DeleteCustomerTest.java:51)
at com.learning.testcases.stripe.DeleteCustomerTest.validateDeleteCustomerAPI(DeleteCustomerTest.java:37)
at java.util.concurrent.FutureTask.run(FutureTask.java:266)
at java.util.concurrent.Executors$RunnableAdapter.call(Executors.java:511)
at java.util.concurrent.FutureTask.run(FutureTask.java:266)
at java.util.concurrent.ThreadPoolExecutor.runWorker(ThreadPoolExecutor.java:1149)
at java.util.concurrent.ThreadPoolExecutor$Worker.run(ThreadPoolExecutor.java:624)
at java.lang.Thread.run(Thread.java:748)
... Removed 12 stack frames]]>
    </failure>
  </testcase> <!-- validateDeleteCustomerAPI -->
  <testcase name="validateDeleteCustomerAPI" time="2.639" classname="com.learning.testcases.stripe.DeleteCustomerTest">
    <failure type="java.lang.AssertionError" message="Response doesn&amp;apos;t have ID as a field expected [true] but found [false]">
      <![CDATA[java.lang.AssertionError: Response doesn't have ID as a field expected [true] but found [false]
at com.learning.testcases.stripe.DeleteCustomerTest.doValidationUsingJSONObject(DeleteCustomerTest.java:51)
at com.learning.testcases.stripe.DeleteCustomerTest.validateDeleteCustomerAPI(DeleteCustomerTest.java:37)
at java.util.concurrent.FutureTask.run(FutureTask.java:266)
at java.util.concurrent.Executors$RunnableAdapter.call(Executors.java:511)
at java.util.concurrent.FutureTask.run(FutureTask.java:266)
at java.util.concurrent.ThreadPoolExecutor.runWorker(ThreadPoolExecutor.java:1149)
at java.util.concurrent.ThreadPoolExecutor$Worker.run(ThreadPoolExecutor.java:624)
at java.lang.Thread.run(Thread.java:748)
... Removed 12 stack frames]]>
    </failure>
  </testcase> <!-- validateDeleteCustomerAPI -->
</testsuite> <!-- Delete Customer API Test -->
