<?xml version="1.0" encoding="UTF-8"?>
<!-- Generated by org.testng.reporters.JUnitXMLReporter -->
<testsuite hostname="ATMECSINLT-647" ignored="0" name="Create Customer API Test" tests="3" failures="0" timestamp="2021-01-07T16:34:26 IST" time="3.089" errors="0">
  <testcase name="validateCreateCustomerAPI" time="3.033" classname="com.learning.testcases.CreateCustomerTest"/>
  <testcase name="validateCreateCustomerAPI" time="3.033" classname="com.learning.testcases.CreateCustomerTest"/>
  <testcase name="validateCreateCustomerAPI" time="3.033" classname="com.learning.testcases.CreateCustomerTest"/>
</testsuite> <!-- Create Customer API Test -->
