<?xml version="1.0" encoding="UTF-8"?>
<!-- Generated by org.testng.reporters.JUnitXMLReporter -->
<testsuite hostname="ATMECSINLT-647" ignored="0" name="Create Customer API Test" tests="3" failures="0" timestamp="2021-01-07T16:40:37 IST" time="6.502" errors="0">
  <testcase name="validateCreateCustomerAPI" time="4.946" classname="com.learning.testcases.CreateCustomerTest"/>
  <testcase name="validateCreateCustomerAPI" time="5.374" classname="com.learning.testcases.CreateCustomerTest"/>
  <testcase name="validateCreateCustomerAPI" time="6.437" classname="com.learning.testcases.CreateCustomerTest"/>
</testsuite> <!-- Create Customer API Test -->
