<?xml version="1.0" encoding="UTF-8"?>
<testsuite xmlns:xsi="http://www.w3.org/2001/XMLSchema-instance" xsi:noNamespaceSchemaLocation="https://maven.apache.org/surefire/maven-surefire-plugin/xsd/surefire-test-report.xsd" name="TestSuite" time="97.067" tests="697" errors="0" skipped="1" failures="354">
  <properties>
[...]
</properties>
  <testcase name="skipTestIntentionally" classname="com.learning.testcases.CreateCustomerTest" time="0">
    <skipped message="Skipping the test intentionally"/>
    <system-out><![CDATA[Sheet Name: validateDeleteCustomerAPI
]]></system-out>
  </testcase>
  <testcase name="validateCreateCustomerAPI" classname="com.learning.testcases.CreateCustomerTest" time="4.165"/>
  <testcase name="validateCreateCustomerAPI" classname="com.learning.testcases.CreateCustomerTest" time="4.165"/>
  <testcase name="validateCreateCustomerAPI" classname="com.learning.testcases.CreateCustomerTest" time="0.131"/>
  <testcase name="validateCreateCustomerAPI" classname="com.learning.testcases.CreateCustomerTest" time="0.089"/>
  <testcase name="validateCreateCustomerAPI" classname="com.learning.testcases.CreateCustomerTest" time="0.089"/>
  <testcase name="validateCreateCustomerAPI" classname="com.learning.testcases.CreateCustomerTest" time="0"/>
  <testcase name="validateCreateCustomerAPI" classname="com.learning.testcases.CreateCustomerTest" time="0.006">
    <failure message="expected [200] but found [400]" type="java.lang.AssertionError">java.lang.AssertionError: expected [200] but found [400]
	at com.learning.testcases.CreateCustomerTest.validateCreateCustomerAPI(CreateCustomerTest.java:30)
</failure>
  </testcase>
  <testcase name="validateCreateCustomerAPI" classname="com.learning.testcases.CreateCustomerTest" time="0.006">
    <failure message="expected [200] but found [400]" type="java.lang.AssertionError">java.lang.AssertionError: expected [200] but found [400]
	at com.learning.testcases.CreateCustomerTest.validateCreateCustomerAPI(CreateCustomerTest.java:30)
</failure>
  </testcase>
  <testcase name="validateCreateCustomerAPI" classname="com.learning.testcases.CreateCustomerTest" time="0.019">
    <failure message="expected [200] but found [400]" type="java.lang.AssertionError">java.lang.AssertionError: expected [200] but found [400]
	at com.learning.testcases.CreateCustomerTest.validateCreateCustomerAPI(CreateCustomerTest.java:30)
</failure>
  </testcase>
  <testcase name="validateCreateCustomerAPI" classname="com.learning.testcases.CreateCustomerTest" time="0.005"/>
  <testcase name="validateCreateCustomerAPI" classname="com.learning.testcases.CreateCustomerTest" time="0.834">
    <failure message="expected [200] but found [400]" type="java.lang.AssertionError">java.lang.AssertionError: expected [200] but found [400]
	at com.learning.testcases.CreateCustomerTest.validateCreateCustomerAPI(CreateCustomerTest.java:30)
</failure>
    <system-out><![CDATA[{
    "error": {
        "code": "email_invalid",
        "doc_url": "https://stripe.com/docs/error-codes/email-invalid",
        "message": "Invalid email address: customer_id",
        "param": "email",
        "type": "invalid_request_error"
    }
}
Status code: 400
]]></system-out>
  </testcase>
  <testcase name="validateCreateCustomerAPI" classname="com.learning.testcases.CreateCustomerTest" time="0.072"/>
  <testcase name="validateCreateCustomerAPI" classname="com.learning.testcases.CreateCustomerTest" time="0.077"/>
  <testcase name="validateCreateCustomerAPI" classname="com.learning.testcases.CreateCustomerTest" time="0.005"/>
  <testcase name="validateCreateCustomerAPI" classname="com.learning.testcases.CreateCustomerTest" time="0.021"/>
  <testcase name="validateCreateCustomerAPI" classname="com.learning.testcases.CreateCustomerTest" time="0.017"/>
  <testcase name="validateCreateCustomerAPI" classname="com.learning.testcases.CreateCustomerTest" time="0.005"/>
  <testcase name="validateCreateCustomerAPI" classname="com.learning.testcases.CreateCustomerTest" time="0.024"/>
  <testcase name="validateCreateCustomerAPI" classname="com.learning.testcases.CreateCustomerTest" time="0.006"/>
  <testcase name="validateCreateCustomerAPI" classname="com.learning.testcases.CreateCustomerTest" time="0.114"/>
  <testcase name="validateCreateCustomerAPI" classname="com.learning.testcases.CreateCustomerTest" time="0.714"/>
  <testcase name="validateCreateCustomerAPI" classname="com.learning.testcases.CreateCustomerTest" time="0.721"/>
  <testcase name="validateCreateCustomerAPI" classname="com.learning.testcases.CreateCustomerTest" time="0.045"/>
  <testcase name="validateCreateCustomerAPI" classname="com.learning.testcases.CreateCustomerTest" time="0.006"/>
  <testcase name="validateCreateCustomerAPI" classname="com.learning.testcases.CreateCustomerTest" time="0.005"/>
  <testcase name="validateCreateCustomerAPI" classname="com.learning.testcases.CreateCustomerTest" time="0.005"/>
  <testcase name="validateCreateCustomerAPI" classname="com.learning.testcases.CreateCustomerTest" time="0.008"/>
  <testcase name="validateCreateCustomerAPI" classname="com.learning.testcases.CreateCustomerTest" time="0.007"/>
  <testcase name="validateCreateCustomerAPI" classname="com.learning.testcases.CreateCustomerTest" time="0.037"/>
  <testcase name="validateCreateCustomerAPI" classname="com.learning.testcases.CreateCustomerTest" time="0.005"/>
  <testcase name="validateCreateCustomerAPI" classname="com.learning.testcases.CreateCustomerTest" time="0.5"/>
  <testcase name="validateCreateCustomerAPI" classname="com.learning.testcases.CreateCustomerTest" time="0.006"/>
  <testcase name="validateCreateCustomerAPI" classname="com.learning.testcases.CreateCustomerTest" time="0.053"/>
  <testcase name="validateCreateCustomerAPI" classname="com.learning.testcases.CreateCustomerTest" time="0.005"/>
  <testcase name="validateCreateCustomerAPI" classname="com.learning.testcases.CreateCustomerTest" time="0.005"/>
  <testcase name="validateCreateCustomerAPI" classname="com.learning.testcases.CreateCustomerTest" time="0.006"/>
  <testcase name="validateCreateCustomerAPI" classname="com.learning.testcases.CreateCustomerTest" time="0.005"/>
  <testcase name="validateCreateCustomerAPI" classname="com.learning.testcases.CreateCustomerTest" time="0.042"/>
  <testcase name="validateCreateCustomerAPI" classname="com.learning.testcases.CreateCustomerTest" time="0.012"/>
  <testcase name="validateCreateCustomerAPI" classname="com.learning.testcases.CreateCustomerTest" time="0.006"/>
  <testcase name="validateCreateCustomerAPI" classname="com.learning.testcases.CreateCustomerTest" time="0.337"/>
  <testcase name="validateCreateCustomerAPI" classname="com.learning.testcases.CreateCustomerTest" time="0.022"/>
  <testcase name="validateCreateCustomerAPI" classname="com.learning.testcases.CreateCustomerTest" time="0.006"/>
  <testcase name="validateCreateCustomerAPI" classname="com.learning.testcases.CreateCustomerTest" time="0.005"/>
  <testcase name="validateCreateCustomerAPI" classname="com.learning.testcases.CreateCustomerTest" time="0.004"/>
  <testcase name="validateCreateCustomerAPI" classname="com.learning.testcases.CreateCustomerTest" time="0.005"/>
  <testcase name="validateCreateCustomerAPI" classname="com.learning.testcases.CreateCustomerTest" time="0.077"/>
  <testcase name="validateCreateCustomerAPI" classname="com.learning.testcases.CreateCustomerTest" time="0.024"/>
  <testcase name="validateCreateCustomerAPI" classname="com.learning.testcases.CreateCustomerTest" time="0.031"/>
  <testcase name="validateCreateCustomerAPI" classname="com.learning.testcases.CreateCustomerTest" time="0.017"/>
  <testcase name="validateCreateCustomerAPI" classname="com.learning.testcases.CreateCustomerTest" time="0.218"/>
  <testcase name="validateCreateCustomerAPI" classname="com.learning.testcases.CreateCustomerTest" time="0.218"/>
  <testcase name="validateCreateCustomerAPI" classname="com.learning.testcases.CreateCustomerTest" time="0.006"/>
  <testcase name="validateCreateCustomerAPI" classname="com.learning.testcases.CreateCustomerTest" time="0.018"/>
  <testcase name="validateCreateCustomerAPI" classname="com.learning.testcases.CreateCustomerTest" time="0.035"/>
  <testcase name="validateCreateCustomerAPI" classname="com.learning.testcases.CreateCustomerTest" time="0.01"/>
  <testcase name="validateCreateCustomerAPI" classname="com.learning.testcases.CreateCustomerTest" time="0.036"/>
  <testcase name="validateCreateCustomerAPI" classname="com.learning.testcases.CreateCustomerTest" time="0.017"/>
  <testcase name="validateCreateCustomerAPI" classname="com.learning.testcases.CreateCustomerTest" time="0.052"/>
  <testcase name="validateCreateCustomerAPI" classname="com.learning.testcases.CreateCustomerTest" time="0.028"/>
  <testcase name="validateCreateCustomerAPI" classname="com.learning.testcases.CreateCustomerTest" time="0.011"/>
  <testcase name="validateCreateCustomerAPI" classname="com.learning.testcases.CreateCustomerTest" time="0.006"/>
  <testcase name="validateCreateCustomerAPI" classname="com.learning.testcases.CreateCustomerTest" time="0.047"/>
  <testcase name="validateCreateCustomerAPI" classname="com.learning.testcases.CreateCustomerTest" time="0.047"/>
  <testcase name="validateCreateCustomerAPI" classname="com.learning.testcases.CreateCustomerTest" time="0.005"/>
  <testcase name="validateCreateCustomerAPI" classname="com.learning.testcases.CreateCustomerTest" time="0.014"/>
  <testcase name="validateCreateCustomerAPI" classname="com.learning.testcases.CreateCustomerTest" time="0.007"/>
  <testcase name="validateCreateCustomerAPI" classname="com.learning.testcases.CreateCustomerTest" time="0.08"/>
  <testcase name="validateCreateCustomerAPI" classname="com.learning.testcases.CreateCustomerTest" time="0.022"/>
  <testcase name="validateCreateCustomerAPI" classname="com.learning.testcases.CreateCustomerTest" time="0.007"/>
  <testcase name="validateCreateCustomerAPI" classname="com.learning.testcases.CreateCustomerTest" time="0.031"/>
  <testcase name="validateCreateCustomerAPI" classname="com.learning.testcases.CreateCustomerTest" time="0.018"/>
  <testcase name="validateCreateCustomerAPI" classname="com.learning.testcases.CreateCustomerTest" time="0.006"/>
  <testcase name="validateCreateCustomerAPI" classname="com.learning.testcases.CreateCustomerTest" time="0.011"/>
  <testcase name="validateCreateCustomerAPI" classname="com.learning.testcases.CreateCustomerTest" time="0.006"/>
  <testcase name="validateCreateCustomerAPI" classname="com.learning.testcases.CreateCustomerTest" time="0.005"/>
  <testcase name="validateCreateCustomerAPI" classname="com.learning.testcases.CreateCustomerTest" time="0.005"/>
  <testcase name="validateCreateCustomerAPI" classname="com.learning.testcases.CreateCustomerTest" time="0.077"/>
  <testcase name="validateCreateCustomerAPI" classname="com.learning.testcases.CreateCustomerTest" time="0.008"/>
  <testcase name="validateCreateCustomerAPI" classname="com.learning.testcases.CreateCustomerTest" time="0.013"/>
  <testcase name="validateCreateCustomerAPI" classname="com.learning.testcases.CreateCustomerTest" time="0.027"/>
  <testcase name="validateCreateCustomerAPI" classname="com.learning.testcases.CreateCustomerTest" time="0.03"/>
  <testcase name="validateCreateCustomerAPI" classname="com.learning.testcases.CreateCustomerTest" time="0.011"/>
  <testcase name="validateCreateCustomerAPI" classname="com.learning.testcases.CreateCustomerTest" time="0.015"/>
  <testcase name="validateCreateCustomerAPI" classname="com.learning.testcases.CreateCustomerTest" time="0.006"/>
  <testcase name="validateCreateCustomerAPI" classname="com.learning.testcases.CreateCustomerTest" time="0.03"/>
  <testcase name="validateCreateCustomerAPI" classname="com.learning.testcases.CreateCustomerTest" time="0.007"/>
  <testcase name="validateCreateCustomerAPI" classname="com.learning.testcases.CreateCustomerTest" time="0.038"/>
  <testcase name="validateCreateCustomerAPI" classname="com.learning.testcases.CreateCustomerTest" time="0.028"/>
  <testcase name="validateCreateCustomerAPI" classname="com.learning.testcases.CreateCustomerTest" time="0.043"/>
  <testcase name="validateCreateCustomerAPI" classname="com.learning.testcases.CreateCustomerTest" time="0.773"/>
  <testcase name="validateCreateCustomerAPI" classname="com.learning.testcases.CreateCustomerTest" time="0.045"/>
  <testcase name="validateCreateCustomerAPI" classname="com.learning.testcases.CreateCustomerTest" time="0.031"/>
  <testcase name="validateCreateCustomerAPI" classname="com.learning.testcases.CreateCustomerTest" time="0.013"/>
  <testcase name="validateCreateCustomerAPI" classname="com.learning.testcases.CreateCustomerTest" time="0.013"/>
  <testcase name="validateCreateCustomerAPI" classname="com.learning.testcases.CreateCustomerTest" time="0.004"/>
  <testcase name="validateCreateCustomerAPI" classname="com.learning.testcases.CreateCustomerTest" time="0"/>
  <testcase name="validateCreateCustomerAPI" classname="com.learning.testcases.CreateCustomerTest" time="0.038"/>
  <testcase name="validateCreateCustomerAPI" classname="com.learning.testcases.CreateCustomerTest" time="0.004"/>
  <testcase name="validateCreateCustomerAPI" classname="com.learning.testcases.CreateCustomerTest" time="0.003"/>
  <testcase name="validateCreateCustomerAPI" classname="com.learning.testcases.CreateCustomerTest" time="0.578"/>
  <testcase name="validateCreateCustomerAPI" classname="com.learning.testcases.CreateCustomerTest" time="0.088"/>
  <testcase name="validateCreateCustomerAPI" classname="com.learning.testcases.CreateCustomerTest" time="0.005"/>
  <testcase name="validateCreateCustomerAPI" classname="com.learning.testcases.CreateCustomerTest" time="0.005"/>
  <testcase name="validateCreateCustomerAPI" classname="com.learning.testcases.CreateCustomerTest" time="0.008"/>
  <testcase name="validateCreateCustomerAPI" classname="com.learning.testcases.CreateCustomerTest" time="0.005"/>
  <testcase name="validateCreateCustomerAPI" classname="com.learning.testcases.CreateCustomerTest" time="0.067"/>
  <testcase name="validateCreateCustomerAPI" classname="com.learning.testcases.CreateCustomerTest" time="0.009"/>
  <testcase name="validateCreateCustomerAPI" classname="com.learning.testcases.CreateCustomerTest" time="0.086"/>
  <testcase name="validateCreateCustomerAPI" classname="com.learning.testcases.CreateCustomerTest" time="0.01"/>
  <testcase name="validateCreateCustomerAPI" classname="com.learning.testcases.CreateCustomerTest" time="0.389"/>
  <testcase name="validateCreateCustomerAPI" classname="com.learning.testcases.CreateCustomerTest" time="0.076"/>
  <testcase name="validateCreateCustomerAPI" classname="com.learning.testcases.CreateCustomerTest" time="0.01"/>
  <testcase name="validateCreateCustomerAPI" classname="com.learning.testcases.CreateCustomerTest" time="0.022"/>
  <testcase name="validateCreateCustomerAPI" classname="com.learning.testcases.CreateCustomerTest" time="0.013"/>
  <testcase name="validateCreateCustomerAPI" classname="com.learning.testcases.CreateCustomerTest" time="0.013"/>
  <testcase name="validateCreateCustomerAPI" classname="com.learning.testcases.CreateCustomerTest" time="0.007"/>
  <testcase name="validateCreateCustomerAPI" classname="com.learning.testcases.CreateCustomerTest" time="0.239"/>
  <testcase name="validateCreateCustomerAPI" classname="com.learning.testcases.CreateCustomerTest" time="0.019"/>
  <testcase name="validateCreateCustomerAPI" classname="com.learning.testcases.CreateCustomerTest" time="0.007"/>
  <testcase name="validateCreateCustomerAPI" classname="com.learning.testcases.CreateCustomerTest" time="0.242"/>
  <testcase name="validateCreateCustomerAPI" classname="com.learning.testcases.CreateCustomerTest" time="0.007"/>
  <testcase name="validateCreateCustomerAPI" classname="com.learning.testcases.CreateCustomerTest" time="0.022"/>
  <testcase name="validateCreateCustomerAPI" classname="com.learning.testcases.CreateCustomerTest" time="0.017"/>
  <testcase name="validateCreateCustomerAPI" classname="com.learning.testcases.CreateCustomerTest" time="0.012"/>
  <testcase name="validateCreateCustomerAPI" classname="com.learning.testcases.CreateCustomerTest" time="0.029"/>
  <testcase name="validateCreateCustomerAPI" classname="com.learning.testcases.CreateCustomerTest" time="0.013"/>
  <testcase name="validateCreateCustomerAPI" classname="com.learning.testcases.CreateCustomerTest" time="0.192"/>
  <testcase name="validateCreateCustomerAPI" classname="com.learning.testcases.CreateCustomerTest" time="0.022"/>
  <testcase name="validateCreateCustomerAPI" classname="com.learning.testcases.CreateCustomerTest" time="0.005"/>
  <testcase name="validateCreateCustomerAPI" classname="com.learning.testcases.CreateCustomerTest" time="0.075"/>
  <testcase name="validateCreateCustomerAPI" classname="com.learning.testcases.CreateCustomerTest" time="0.01"/>
  <testcase name="validateCreateCustomerAPI" classname="com.learning.testcases.CreateCustomerTest" time="0.015"/>
  <testcase name="validateCreateCustomerAPI" classname="com.learning.testcases.CreateCustomerTest" time="0.013"/>
  <testcase name="validateCreateCustomerAPI" classname="com.learning.testcases.CreateCustomerTest" time="0.024"/>
  <testcase name="validateCreateCustomerAPI" classname="com.learning.testcases.CreateCustomerTest" time="0.098"/>
  <testcase name="validateCreateCustomerAPI" classname="com.learning.testcases.CreateCustomerTest" time="0.048"/>
  <testcase name="validateCreateCustomerAPI" classname="com.learning.testcases.CreateCustomerTest" time="0.041"/>
  <testcase name="validateCreateCustomerAPI" classname="com.learning.testcases.CreateCustomerTest" time="0.013"/>
  <testcase name="validateCreateCustomerAPI" classname="com.learning.testcases.CreateCustomerTest" time="0.079"/>
  <testcase name="validateCreateCustomerAPI" classname="com.learning.testcases.CreateCustomerTest" time="0.102"/>
  <testcase name="validateCreateCustomerAPI" classname="com.learning.testcases.CreateCustomerTest" time="0.007"/>
  <testcase name="validateCreateCustomerAPI" classname="com.learning.testcases.CreateCustomerTest" time="0.022"/>
  <testcase name="validateCreateCustomerAPI" classname="com.learning.testcases.CreateCustomerTest" time="0.027"/>
  <testcase name="validateCreateCustomerAPI" classname="com.learning.testcases.CreateCustomerTest" time="0.051"/>
  <testcase name="validateCreateCustomerAPI" classname="com.learning.testcases.CreateCustomerTest" time="0.087"/>
  <testcase name="validateCreateCustomerAPI" classname="com.learning.testcases.CreateCustomerTest" time="0.019"/>
  <testcase name="validateCreateCustomerAPI" classname="com.learning.testcases.CreateCustomerTest" time="0.022"/>
  <testcase name="validateCreateCustomerAPI" classname="com.learning.testcases.CreateCustomerTest" time="0.038"/>
  <testcase name="validateCreateCustomerAPI" classname="com.learning.testcases.CreateCustomerTest" time="0.093"/>
  <testcase name="validateCreateCustomerAPI" classname="com.learning.testcases.CreateCustomerTest" time="0.035"/>
  <testcase name="validateCreateCustomerAPI" classname="com.learning.testcases.CreateCustomerTest" time="0.005"/>
  <testcase name="validateCreateCustomerAPI" classname="com.learning.testcases.CreateCustomerTest" time="0.015"/>
  <testcase name="validateCreateCustomerAPI" classname="com.learning.testcases.CreateCustomerTest" time="0.019"/>
  <testcase name="validateCreateCustomerAPI" classname="com.learning.testcases.CreateCustomerTest" time="0.079"/>
  <testcase name="validateCreateCustomerAPI" classname="com.learning.testcases.CreateCustomerTest" time="0.167"/>
  <testcase name="validateCreateCustomerAPI" classname="com.learning.testcases.CreateCustomerTest" time="0.004"/>
  <testcase name="validateCreateCustomerAPI" classname="com.learning.testcases.CreateCustomerTest" time="0.005"/>
  <testcase name="validateCreateCustomerAPI" classname="com.learning.testcases.CreateCustomerTest" time="0.005"/>
  <testcase name="validateCreateCustomerAPI" classname="com.learning.testcases.CreateCustomerTest" time="0.1"/>
  <testcase name="validateCreateCustomerAPI" classname="com.learning.testcases.CreateCustomerTest" time="0.756"/>
  <testcase name="validateCreateCustomerAPI" classname="com.learning.testcases.CreateCustomerTest" time="0.006"/>
  <testcase name="validateCreateCustomerAPI" classname="com.learning.testcases.CreateCustomerTest" time="0.013"/>
  <testcase name="validateCreateCustomerAPI" classname="com.learning.testcases.CreateCustomerTest" time="0.013"/>
  <testcase name="validateCreateCustomerAPI" classname="com.learning.testcases.CreateCustomerTest" time="0.071"/>
  <testcase name="validateCreateCustomerAPI" classname="com.learning.testcases.CreateCustomerTest" time="0.053"/>
  <testcase name="validateCreateCustomerAPI" classname="com.learning.testcases.CreateCustomerTest" time="0.027"/>
  <testcase name="validateCreateCustomerAPI" classname="com.learning.testcases.CreateCustomerTest" time="0.039"/>
  <testcase name="validateCreateCustomerAPI" classname="com.learning.testcases.CreateCustomerTest" time="0.128"/>
  <testcase name="validateCreateCustomerAPI" classname="com.learning.testcases.CreateCustomerTest" time="0.034"/>
  <testcase name="validateCreateCustomerAPI" classname="com.learning.testcases.CreateCustomerTest" time="0.692"/>
  <testcase name="validateCreateCustomerAPI" classname="com.learning.testcases.CreateCustomerTest" time="0.007"/>
  <testcase name="validateCreateCustomerAPI" classname="com.learning.testcases.CreateCustomerTest" time="0.012"/>
  <testcase name="validateCreateCustomerAPI" classname="com.learning.testcases.CreateCustomerTest" time="0.043"/>
  <testcase name="validateCreateCustomerAPI" classname="com.learning.testcases.CreateCustomerTest" time="0.006"/>
  <testcase name="validateCreateCustomerAPI" classname="com.learning.testcases.CreateCustomerTest" time="0.01"/>
  <testcase name="validateCreateCustomerAPI" classname="com.learning.testcases.CreateCustomerTest" time="0.09"/>
  <testcase name="validateCreateCustomerAPI" classname="com.learning.testcases.CreateCustomerTest" time="0.009"/>
  <testcase name="validateCreateCustomerAPI" classname="com.learning.testcases.CreateCustomerTest" time="0.015"/>
  <testcase name="validateCreateCustomerAPI" classname="com.learning.testcases.CreateCustomerTest" time="0.112"/>
  <testcase name="validateCreateCustomerAPI" classname="com.learning.testcases.CreateCustomerTest" time="0.529"/>
  <testcase name="validateCreateCustomerAPI" classname="com.learning.testcases.CreateCustomerTest" time="0.008"/>
  <testcase name="validateCreateCustomerAPI" classname="com.learning.testcases.CreateCustomerTest" time="0.014"/>
  <testcase name="validateCreateCustomerAPI" classname="com.learning.testcases.CreateCustomerTest" time="0.054"/>
  <testcase name="validateCreateCustomerAPI" classname="com.learning.testcases.CreateCustomerTest" time="0.005"/>
  <testcase name="validateCreateCustomerAPI" classname="com.learning.testcases.CreateCustomerTest" time="0.136"/>
  <testcase name="validateCreateCustomerAPI" classname="com.learning.testcases.CreateCustomerTest" time="0.048"/>
  <testcase name="validateCreateCustomerAPI" classname="com.learning.testcases.CreateCustomerTest" time="0.052"/>
  <testcase name="validateCreateCustomerAPI" classname="com.learning.testcases.CreateCustomerTest" time="0.009"/>
  <testcase name="validateCreateCustomerAPI" classname="com.learning.testcases.CreateCustomerTest" time="0.07"/>
  <testcase name="validateCreateCustomerAPI" classname="com.learning.testcases.CreateCustomerTest" time="0.385"/>
  <testcase name="validateCreateCustomerAPI" classname="com.learning.testcases.CreateCustomerTest" time="0.013"/>
  <testcase name="validateCreateCustomerAPI" classname="com.learning.testcases.CreateCustomerTest" time="0.086"/>
  <testcase name="validateCreateCustomerAPI" classname="com.learning.testcases.CreateCustomerTest" time="0.012"/>
  <testcase name="validateCreateCustomerAPI" classname="com.learning.testcases.CreateCustomerTest" time="0.004"/>
  <testcase name="validateCreateCustomerAPI" classname="com.learning.testcases.CreateCustomerTest" time="0.19"/>
  <testcase name="validateCreateCustomerAPI" classname="com.learning.testcases.CreateCustomerTest" time="0.062"/>
  <testcase name="validateCreateCustomerAPI" classname="com.learning.testcases.CreateCustomerTest" time="0.013"/>
  <testcase name="validateCreateCustomerAPI" classname="com.learning.testcases.CreateCustomerTest" time="0.006"/>
  <testcase name="validateCreateCustomerAPI" classname="com.learning.testcases.CreateCustomerTest" time="0.043"/>
  <testcase name="validateCreateCustomerAPI" classname="com.learning.testcases.CreateCustomerTest" time="0.181"/>
  <testcase name="validateCreateCustomerAPI" classname="com.learning.testcases.CreateCustomerTest" time="0.057"/>
  <testcase name="validateCreateCustomerAPI" classname="com.learning.testcases.CreateCustomerTest" time="0.027"/>
  <testcase name="validateCreateCustomerAPI" classname="com.learning.testcases.CreateCustomerTest" time="0.063"/>
  <testcase name="validateCreateCustomerAPI" classname="com.learning.testcases.CreateCustomerTest" time="0.025"/>
  <testcase name="validateCreateCustomerAPI" classname="com.learning.testcases.CreateCustomerTest" time="0.156"/>
  <testcase name="validateCreateCustomerAPI" classname="com.learning.testcases.CreateCustomerTest" time="0.034"/>
  <testcase name="validateCreateCustomerAPI" classname="com.learning.testcases.CreateCustomerTest" time="0.008"/>
  <testcase name="validateCreateCustomerAPI" classname="com.learning.testcases.CreateCustomerTest" time="0.013"/>
  <testcase name="validateCreateCustomerAPI" classname="com.learning.testcases.CreateCustomerTest" time="0.037"/>
  <testcase name="validateCreateCustomerAPI" classname="com.learning.testcases.CreateCustomerTest" time="0.084"/>
  <testcase name="validateCreateCustomerAPI" classname="com.learning.testcases.CreateCustomerTest" time="0.011"/>
  <testcase name="validateCreateCustomerAPI" classname="com.learning.testcases.CreateCustomerTest" time="0.07"/>
  <testcase name="validateCreateCustomerAPI" classname="com.learning.testcases.CreateCustomerTest" time="0.011"/>
  <testcase name="validateCreateCustomerAPI" classname="com.learning.testcases.CreateCustomerTest" time="0.034"/>
  <testcase name="validateCreateCustomerAPI" classname="com.learning.testcases.CreateCustomerTest" time="0.15"/>
  <testcase name="validateCreateCustomerAPI" classname="com.learning.testcases.CreateCustomerTest" time="0.041"/>
  <testcase name="validateCreateCustomerAPI" classname="com.learning.testcases.CreateCustomerTest" time="0.012"/>
  <testcase name="validateCreateCustomerAPI" classname="com.learning.testcases.CreateCustomerTest" time="0"/>
  <testcase name="validateCreateCustomerAPI" classname="com.learning.testcases.CreateCustomerTest" time="0.017"/>
  <testcase name="validateCreateCustomerAPI" classname="com.learning.testcases.CreateCustomerTest" time="0.162"/>
  <testcase name="validateCreateCustomerAPI" classname="com.learning.testcases.CreateCustomerTest" time="0.026"/>
  <testcase name="validateCreateCustomerAPI" classname="com.learning.testcases.CreateCustomerTest" time="0.013"/>
  <testcase name="validateCreateCustomerAPI" classname="com.learning.testcases.CreateCustomerTest" time="0.005"/>
  <testcase name="validateCreateCustomerAPI" classname="com.learning.testcases.CreateCustomerTest" time="0.04"/>
  <testcase name="validateCreateCustomerAPI" classname="com.learning.testcases.CreateCustomerTest" time="0.151"/>
  <testcase name="validateCreateCustomerAPI" classname="com.learning.testcases.CreateCustomerTest" time="0.018"/>
  <testcase name="validateCreateCustomerAPI" classname="com.learning.testcases.CreateCustomerTest" time="0.004"/>
  <testcase name="validateCreateCustomerAPI" classname="com.learning.testcases.CreateCustomerTest" time="0.005"/>
  <testcase name="validateCreateCustomerAPI" classname="com.learning.testcases.CreateCustomerTest" time="0.006"/>
  <testcase name="validateCreateCustomerAPI" classname="com.learning.testcases.CreateCustomerTest" time="0.022"/>
  <testcase name="validateCreateCustomerAPI" classname="com.learning.testcases.CreateCustomerTest" time="0.068"/>
  <testcase name="validateCreateCustomerAPI" classname="com.learning.testcases.CreateCustomerTest" time="0.036"/>
  <testcase name="validateCreateCustomerAPI" classname="com.learning.testcases.CreateCustomerTest" time="0.004"/>
  <testcase name="validateCreateCustomerAPI" classname="com.learning.testcases.CreateCustomerTest" time="0.032"/>
  <testcase name="validateCreateCustomerAPI" classname="com.learning.testcases.CreateCustomerTest" time="0.036"/>
  <testcase name="validateCreateCustomerAPI" classname="com.learning.testcases.CreateCustomerTest" time="0.025"/>
  <testcase name="validateCreateCustomerAPI" classname="com.learning.testcases.CreateCustomerTest" time="0.022"/>
  <testcase name="validateCreateCustomerAPI" classname="com.learning.testcases.CreateCustomerTest" time="0.011"/>
  <testcase name="validateCreateCustomerAPI" classname="com.learning.testcases.CreateCustomerTest" time="0.197"/>
  <testcase name="validateCreateCustomerAPI" classname="com.learning.testcases.CreateCustomerTest" time="0.016"/>
  <testcase name="validateCreateCustomerAPI" classname="com.learning.testcases.CreateCustomerTest" time="0.043"/>
  <testcase name="validateCreateCustomerAPI" classname="com.learning.testcases.CreateCustomerTest" time="0.019"/>
  <testcase name="validateCreateCustomerAPI" classname="com.learning.testcases.CreateCustomerTest" time="0.014"/>
  <testcase name="validateCreateCustomerAPI" classname="com.learning.testcases.CreateCustomerTest" time="0.015"/>
  <testcase name="validateCreateCustomerAPI" classname="com.learning.testcases.CreateCustomerTest" time="0.058"/>
  <testcase name="validateCreateCustomerAPI" classname="com.learning.testcases.CreateCustomerTest" time="0.018"/>
  <testcase name="validateCreateCustomerAPI" classname="com.learning.testcases.CreateCustomerTest" time="0.057"/>
  <testcase name="validateCreateCustomerAPI" classname="com.learning.testcases.CreateCustomerTest" time="0.009"/>
  <testcase name="validateCreateCustomerAPI" classname="com.learning.testcases.CreateCustomerTest" time="0.009"/>
  <testcase name="validateCreateCustomerAPI" classname="com.learning.testcases.CreateCustomerTest" time="0.73"/>
  <testcase name="validateCreateCustomerAPI" classname="com.learning.testcases.CreateCustomerTest" time="0.059"/>
  <testcase name="validateCreateCustomerAPI" classname="com.learning.testcases.CreateCustomerTest" time="0.071"/>
  <testcase name="validateCreateCustomerAPI" classname="com.learning.testcases.CreateCustomerTest" time="0.082"/>
  <testcase name="validateCreateCustomerAPI" classname="com.learning.testcases.CreateCustomerTest" time="0.046"/>
  <testcase name="validateCreateCustomerAPI" classname="com.learning.testcases.CreateCustomerTest" time="0.015"/>
  <testcase name="validateCreateCustomerAPI" classname="com.learning.testcases.CreateCustomerTest" time="0.052"/>
  <testcase name="validateCreateCustomerAPI" classname="com.learning.testcases.CreateCustomerTest" time="0.038"/>
  <testcase name="validateCreateCustomerAPI" classname="com.learning.testcases.CreateCustomerTest" time="0.014"/>
  <testcase name="validateCreateCustomerAPI" classname="com.learning.testcases.CreateCustomerTest" time="0.122"/>
  <testcase name="validateCreateCustomerAPI" classname="com.learning.testcases.CreateCustomerTest" time="0.562"/>
  <testcase name="validateDeleteCustomerAPI" classname="com.learning.testcases.DeleteCustomerTest" time="0.006">
    <failure message="Response doesn&apos;t have ID as a field expected [true] but found [false]" type="java.lang.AssertionError">java.lang.AssertionError: Response doesn't have ID as a field expected [true] but found [false]
	at com.learning.testcases.DeleteCustomerTest.doValidationUsingJSONObject(DeleteCustomerTest.java:51)
	at com.learning.testcases.DeleteCustomerTest.validateDeleteCustomerAPI(DeleteCustomerTest.java:37)
</failure>
    <system-out><![CDATA[{
    "error": {
        "code": "resource_missing",
        "doc_url": "https://stripe.com/docs/error-codes/resource-missing",
        "message": "No such customer: 'cus_IiVPuu8g8fDbCs'",
        "param": "id",
        "type": "invalid_request_error"
    }
}
-----------------------------
Validate (using jsonObject) that service reponse has "id" as a field
]]></system-out>
  </testcase>
  <testcase name="validateDeleteCustomerAPI" classname="com.learning.testcases.DeleteCustomerTest" time="0.006">
    <failure message="Response doesn&apos;t have ID as a field expected [true] but found [false]" type="java.lang.AssertionError">java.lang.AssertionError: Response doesn't have ID as a field expected [true] but found [false]
	at com.learning.testcases.DeleteCustomerTest.doValidationUsingJSONObject(DeleteCustomerTest.java:51)
	at com.learning.testcases.DeleteCustomerTest.validateDeleteCustomerAPI(DeleteCustomerTest.java:37)
</failure>
  </testcase>
  <testcase name="validateDeleteCustomerAPI" classname="com.learning.testcases.DeleteCustomerTest" time="0.006">
    <failure message="Response doesn&apos;t have ID as a field expected [true] but found [false]" type="java.lang.AssertionError">java.lang.AssertionError: Response doesn't have ID as a field expected [true] but found [false]
	at com.learning.testcases.DeleteCustomerTest.doValidationUsingJSONObject(DeleteCustomerTest.java:51)
	at com.learning.testcases.DeleteCustomerTest.validateDeleteCustomerAPI(DeleteCustomerTest.java:37)
</failure>
  </testcase>
  <testcase name="validateDeleteCustomerAPI" classname="com.learning.testcases.DeleteCustomerTest" time="0.013">
    <failure message="Response doesn&apos;t have ID as a field expected [true] but found [false]" type="java.lang.AssertionError">java.lang.AssertionError: Response doesn't have ID as a field expected [true] but found [false]
	at com.learning.testcases.DeleteCustomerTest.doValidationUsingJSONObject(DeleteCustomerTest.java:51)
	at com.learning.testcases.DeleteCustomerTest.validateDeleteCustomerAPI(DeleteCustomerTest.java:37)
</failure>
    <system-out><![CDATA[{
    "error": {
        "code": "resource_missing",
        "doc_url": "https://stripe.com/docs/error-codes/resource-missing",
        "message": "No such customer: 'cus_IiVPlOCfCQL7pN'",
        "param": "id",
        "type": "invalid_request_error"
    }
}
-----------------------------
Validate (using jsonObject) that service reponse has "id" as a field
{
    "error": {
        "code": "resource_missing",
        "doc_url": "https://stripe.com/docs/error-codes/resource-missing",
        "message": "No such customer: 'cus_IiVPoiphzl7Oel'",
        "param": "id",
        "type": "invalid_request_error"
    }
}
-----------------------------
Validate (using jsonObject) that service reponse has "id" as a field
]]></system-out>
  </testcase>
  <testcase name="validateDeleteCustomerAPI" classname="com.learning.testcases.DeleteCustomerTest" time="0.019">
    <failure message="Response doesn&apos;t have ID as a field expected [true] but found [false]" type="java.lang.AssertionError">java.lang.AssertionError: Response doesn't have ID as a field expected [true] but found [false]
	at com.learning.testcases.DeleteCustomerTest.doValidationUsingJSONObject(DeleteCustomerTest.java:51)
	at com.learning.testcases.DeleteCustomerTest.validateDeleteCustomerAPI(DeleteCustomerTest.java:37)
</failure>
    <system-out><![CDATA[{
    "error": {
        "code": "resource_missing",
        "doc_url": "https://stripe.com/docs/error-codes/resource-missing",
        "message": "No such customer: 'cus_IiVPbZzaJnEpOr'",
        "param": "id",
        "type": "invalid_request_error"
    }
}
-----------------------------
Validate (using jsonObject) that service reponse has "id" as a field
{
    "error": {
        "code": "resource_missing",
        "doc_url": "https://stripe.com/docs/error-codes/resource-missing",
        "message": "No such customer: 'cus_IiVPCLZaR3DdDZ'",
        "param": "id",
        "type": "invalid_request_error"
    }
}
-----------------------------
Validate (using jsonObject) that service reponse has "id" as a field
]]></system-out>
  </testcase>
  <testcase name="validateDeleteCustomerAPI" classname="com.learning.testcases.DeleteCustomerTest" time="0.001">
    <failure message="Response doesn&apos;t have ID as a field expected [true] but found [false]" type="java.lang.AssertionError">java.lang.AssertionError: Response doesn't have ID as a field expected [true] but found [false]
	at com.learning.testcases.DeleteCustomerTest.doValidationUsingJSONObject(DeleteCustomerTest.java:51)
	at com.learning.testcases.DeleteCustomerTest.validateDeleteCustomerAPI(DeleteCustomerTest.java:37)
</failure>
    <system-out><![CDATA[{
    "error": {
        "code": "resource_missing",
        "doc_url": "https://stripe.com/docs/error-codes/resource-missing",
        "message": "No such customer: 'cus_IiVPFiqzrG3t2L'",
        "param": "id",
        "type": "invalid_request_error"
    }
}
-----------------------------
Validate (using jsonObject) that service reponse has "id" as a field
]]></system-out>
  </testcase>
  <testcase name="validateDeleteCustomerAPI" classname="com.learning.testcases.DeleteCustomerTest" time="0">
    <failure message="Response doesn&apos;t have ID as a field expected [true] but found [false]" type="java.lang.AssertionError">java.lang.AssertionError: Response doesn't have ID as a field expected [true] but found [false]
	at com.learning.testcases.DeleteCustomerTest.doValidationUsingJSONObject(DeleteCustomerTest.java:51)
	at com.learning.testcases.DeleteCustomerTest.validateDeleteCustomerAPI(DeleteCustomerTest.java:37)
</failure>
  </testcase>
  <testcase name="validateDeleteCustomerAPI" classname="com.learning.testcases.DeleteCustomerTest" time="0">
    <failure message="Response doesn&apos;t have ID as a field expected [true] but found [false]" type="java.lang.AssertionError">java.lang.AssertionError: Response doesn't have ID as a field expected [true] but found [false]
	at com.learning.testcases.DeleteCustomerTest.doValidationUsingJSONObject(DeleteCustomerTest.java:51)
	at com.learning.testcases.DeleteCustomerTest.validateDeleteCustomerAPI(DeleteCustomerTest.java:37)
</failure>
  </testcase>
  <testcase name="validateDeleteCustomerAPI" classname="com.learning.testcases.DeleteCustomerTest" time="0.003">
    <failure message="Response doesn&apos;t have ID as a field expected [true] but found [false]" type="java.lang.AssertionError">java.lang.AssertionError: Response doesn't have ID as a field expected [true] but found [false]
	at com.learning.testcases.DeleteCustomerTest.doValidationUsingJSONObject(DeleteCustomerTest.java:51)
	at com.learning.testcases.DeleteCustomerTest.validateDeleteCustomerAPI(DeleteCustomerTest.java:37)
</failure>
    <system-out><![CDATA[{
    "error": {
        "code": "resource_missing",
        "doc_url": "https://stripe.com/docs/error-codes/resource-missing",
        "message": "No such customer: 'cus_IiVPux3aOsMIYP'",
        "param": "id",
        "type": "invalid_request_error"
    }
}
-----------------------------
Validate (using jsonObject) that service reponse has "id" as a field
]]></system-out>
  </testcase>
  <testcase name="validateDeleteCustomerAPI" classname="com.learning.testcases.DeleteCustomerTest" time="0.084">
    <failure message="Response doesn&apos;t have ID as a field expected [true] but found [false]" type="java.lang.AssertionError">java.lang.AssertionError: Response doesn't have ID as a field expected [true] but found [false]
	at com.learning.testcases.DeleteCustomerTest.doValidationUsingJSONObject(DeleteCustomerTest.java:51)
	at com.learning.testcases.DeleteCustomerTest.validateDeleteCustomerAPI(DeleteCustomerTest.java:37)
</failure>
    <system-out><![CDATA[{
    "error": {
        "code": "resource_missing",
        "doc_url": "https://stripe.com/docs/error-codes/resource-missing",
        "message": "No such customer: 'cus_IiVPvejKpxwbzd'",
        "param": "id",
        "type": "invalid_request_error"
    }
}
-----------------------------
Validate (using jsonObject) that service reponse has "id" as a field
]]></system-out>
  </testcase>
  <testcase name="validateDeleteCustomerAPI" classname="com.learning.testcases.DeleteCustomerTest" time="0.004">
    <failure message="Response doesn&apos;t have ID as a field expected [true] but found [false]" type="java.lang.AssertionError">java.lang.AssertionError: Response doesn't have ID as a field expected [true] but found [false]
	at com.learning.testcases.DeleteCustomerTest.doValidationUsingJSONObject(DeleteCustomerTest.java:51)
	at com.learning.testcases.DeleteCustomerTest.validateDeleteCustomerAPI(DeleteCustomerTest.java:37)
</failure>
    <system-out><![CDATA[{
    "error": {
        "code": "resource_missing",
        "doc_url": "https://stripe.com/docs/error-codes/resource-missing",
        "message": "No such customer: 'cus_IiVPjAbPwTJ455'",
        "param": "id",
        "type": "invalid_request_error"
    }
}
-----------------------------
Validate (using jsonObject) that service reponse has "id" as a field
]]></system-out>
  </testcase>
  <testcase name="validateDeleteCustomerAPI" classname="com.learning.testcases.DeleteCustomerTest" time="0.018">
    <failure message="Response doesn&apos;t have ID as a field expected [true] but found [false]" type="java.lang.AssertionError">java.lang.AssertionError: Response doesn't have ID as a field expected [true] but found [false]
	at com.learning.testcases.DeleteCustomerTest.doValidationUsingJSONObject(DeleteCustomerTest.java:51)
	at com.learning.testcases.DeleteCustomerTest.validateDeleteCustomerAPI(DeleteCustomerTest.java:37)
</failure>
    <system-out><![CDATA[{
    "error": {
        "code": "resource_missing",
        "doc_url": "https://stripe.com/docs/error-codes/resource-missing",
        "message": "No such customer: 'cus_IiVPw0VRwxcYdS'",
        "param": "id",
        "type": "invalid_request_error"
    }
}
-----------------------------
Validate (using jsonObject) that service reponse has "id" as a field
{
    "error": {
        "code": "resource_missing",
        "doc_url": "https://stripe.com/docs/error-codes/resource-missing",
        "message": "No such customer: 'cus_IiVPEZcoEPduK1'",
        "param": "id",
        "type": "invalid_request_error"
    }
}
-----------------------------
Validate (using jsonObject) that service reponse has "id" as a field
]]></system-out>
  </testcase>
  <testcase name="validateDeleteCustomerAPI" classname="com.learning.testcases.DeleteCustomerTest" time="0.018">
    <failure message="Response doesn&apos;t have ID as a field expected [true] but found [false]" type="java.lang.AssertionError">java.lang.AssertionError: Response doesn't have ID as a field expected [true] but found [false]
	at com.learning.testcases.DeleteCustomerTest.doValidationUsingJSONObject(DeleteCustomerTest.java:51)
	at com.learning.testcases.DeleteCustomerTest.validateDeleteCustomerAPI(DeleteCustomerTest.java:37)
</failure>
  </testcase>
  <testcase name="validateDeleteCustomerAPI" classname="com.learning.testcases.DeleteCustomerTest" time="0.005">
    <failure message="Response doesn&apos;t have ID as a field expected [true] but found [false]" type="java.lang.AssertionError">java.lang.AssertionError: Response doesn't have ID as a field expected [true] but found [false]
	at com.learning.testcases.DeleteCustomerTest.doValidationUsingJSONObject(DeleteCustomerTest.java:51)
	at com.learning.testcases.DeleteCustomerTest.validateDeleteCustomerAPI(DeleteCustomerTest.java:37)
</failure>
    <system-out><![CDATA[{
    "error": {
        "code": "resource_missing",
        "doc_url": "https://stripe.com/docs/error-codes/resource-missing",
        "message": "No such customer: 'cus_IiVPZoQBKe8uUm'",
        "param": "id",
        "type": "invalid_request_error"
    }
}
-----------------------------
Validate (using jsonObject) that service reponse has "id" as a field
{
    "error": {
        "code": "resource_missing",
        "doc_url": "https://stripe.com/docs/error-codes/resource-missing",
        "message": "No such customer: 'cus_IiVPVWQxnGj6h2'",
        "param": "id",
        "type": "invalid_request_error"
    }
}
-----------------------------
Validate (using jsonObject) that service reponse has "id" as a field
]]></system-out>
  </testcase>
  <testcase name="validateDeleteCustomerAPI" classname="com.learning.testcases.DeleteCustomerTest" time="0.005">
    <failure message="Response doesn&apos;t have ID as a field expected [true] but found [false]" type="java.lang.AssertionError">java.lang.AssertionError: Response doesn't have ID as a field expected [true] but found [false]
	at com.learning.testcases.DeleteCustomerTest.doValidationUsingJSONObject(DeleteCustomerTest.java:51)
	at com.learning.testcases.DeleteCustomerTest.validateDeleteCustomerAPI(DeleteCustomerTest.java:37)
</failure>
  </testcase>
  <testcase name="validateDeleteCustomerAPI" classname="com.learning.testcases.DeleteCustomerTest" time="0.004">
    <failure message="Response doesn&apos;t have ID as a field expected [true] but found [false]" type="java.lang.AssertionError">java.lang.AssertionError: Response doesn't have ID as a field expected [true] but found [false]
	at com.learning.testcases.DeleteCustomerTest.doValidationUsingJSONObject(DeleteCustomerTest.java:51)
	at com.learning.testcases.DeleteCustomerTest.validateDeleteCustomerAPI(DeleteCustomerTest.java:37)
</failure>
    <system-out><![CDATA[{
    "error": {
        "code": "resource_missing",
        "doc_url": "https://stripe.com/docs/error-codes/resource-missing",
        "message": "No such customer: 'cus_IiVP7vFdhqWUab'",
        "param": "id",
        "type": "invalid_request_error"
    }
}
-----------------------------
Validate (using jsonObject) that service reponse has "id" as a field
]]></system-out>
  </testcase>
  <testcase name="validateDeleteCustomerAPI" classname="com.learning.testcases.DeleteCustomerTest" time="0.025">
    <failure message="Response doesn&apos;t have ID as a field expected [true] but found [false]" type="java.lang.AssertionError">java.lang.AssertionError: Response doesn't have ID as a field expected [true] but found [false]
	at com.learning.testcases.DeleteCustomerTest.doValidationUsingJSONObject(DeleteCustomerTest.java:51)
	at com.learning.testcases.DeleteCustomerTest.validateDeleteCustomerAPI(DeleteCustomerTest.java:37)
</failure>
    <system-out><![CDATA[{
    "error": {
        "code": "resource_missing",
        "doc_url": "https://stripe.com/docs/error-codes/resource-missing",
        "message": "No such customer: 'cus_IiVPEawmKXlDIt'",
        "param": "id",
        "type": "invalid_request_error"
    }
}
-----------------------------
Validate (using jsonObject) that service reponse has "id" as a field
]]></system-out>
  </testcase>
  <testcase name="validateDeleteCustomerAPI" classname="com.learning.testcases.DeleteCustomerTest" time="0.003">
    <failure message="Response doesn&apos;t have ID as a field expected [true] but found [false]" type="java.lang.AssertionError">java.lang.AssertionError: Response doesn't have ID as a field expected [true] but found [false]
	at com.learning.testcases.DeleteCustomerTest.doValidationUsingJSONObject(DeleteCustomerTest.java:51)
	at com.learning.testcases.DeleteCustomerTest.validateDeleteCustomerAPI(DeleteCustomerTest.java:37)
</failure>
    <system-out><![CDATA[{
    "error": {
        "code": "resource_missing",
        "doc_url": "https://stripe.com/docs/error-codes/resource-missing",
        "message": "No such customer: 'cus_IiVPjGothtRDO7'",
        "param": "id",
        "type": "invalid_request_error"
    }
}
-----------------------------
Validate (using jsonObject) that service reponse has "id" as a field
]]></system-out>
  </testcase>
  <testcase name="validateDeleteCustomerAPI" classname="com.learning.testcases.DeleteCustomerTest" time="0.147">
    <failure message="Response doesn&apos;t have ID as a field expected [true] but found [false]" type="java.lang.AssertionError">java.lang.AssertionError: Response doesn't have ID as a field expected [true] but found [false]
	at com.learning.testcases.DeleteCustomerTest.doValidationUsingJSONObject(DeleteCustomerTest.java:51)
	at com.learning.testcases.DeleteCustomerTest.validateDeleteCustomerAPI(DeleteCustomerTest.java:37)
</failure>
    <system-out><![CDATA[{
    "error": {
        "code": "resource_missing",
        "doc_url": "https://stripe.com/docs/error-codes/resource-missing",
        "message": "No such customer: 'cus_IiVPOB34AIoroq'",
        "param": "id",
        "type": "invalid_request_error"
    }
}
-----------------------------
Validate (using jsonObject) that service reponse has "id" as a field
]]></system-out>
  </testcase>
  <testcase name="validateDeleteCustomerAPI" classname="com.learning.testcases.DeleteCustomerTest" time="0.098">
    <failure message="Response doesn&apos;t have ID as a field expected [true] but found [false]" type="java.lang.AssertionError">java.lang.AssertionError: Response doesn't have ID as a field expected [true] but found [false]
	at com.learning.testcases.DeleteCustomerTest.doValidationUsingJSONObject(DeleteCustomerTest.java:51)
	at com.learning.testcases.DeleteCustomerTest.validateDeleteCustomerAPI(DeleteCustomerTest.java:37)
</failure>
    <system-out><![CDATA[{
    "error": {
        "code": "resource_missing",
        "doc_url": "https://stripe.com/docs/error-codes/resource-missing",
        "message": "No such customer: 'cus_IiVPl02kdFQcUo'",
        "param": "id",
        "type": "invalid_request_error"
    }
}
-----------------------------
Validate (using jsonObject) that service reponse has "id" as a field
]]></system-out>
  </testcase>
  <testcase name="validateDeleteCustomerAPI" classname="com.learning.testcases.DeleteCustomerTest" time="0.198">
    <failure message="Response doesn&apos;t have ID as a field expected [true] but found [false]" type="java.lang.AssertionError">java.lang.AssertionError: Response doesn't have ID as a field expected [true] but found [false]
	at com.learning.testcases.DeleteCustomerTest.doValidationUsingJSONObject(DeleteCustomerTest.java:51)
	at com.learning.testcases.DeleteCustomerTest.validateDeleteCustomerAPI(DeleteCustomerTest.java:37)
</failure>
    <system-out><![CDATA[{
    "error": {
        "code": "resource_missing",
        "doc_url": "https://stripe.com/docs/error-codes/resource-missing",
        "message": "No such customer: 'cus_IiVPmUHjzkrLwX'",
        "param": "id",
        "type": "invalid_request_error"
    }
}
-----------------------------
Validate (using jsonObject) that service reponse has "id" as a field
]]></system-out>
  </testcase>
  <testcase name="validateDeleteCustomerAPI" classname="com.learning.testcases.DeleteCustomerTest" time="0.042">
    <failure message="Response doesn&apos;t have ID as a field expected [true] but found [false]" type="java.lang.AssertionError">java.lang.AssertionError: Response doesn't have ID as a field expected [true] but found [false]
	at com.learning.testcases.DeleteCustomerTest.doValidationUsingJSONObject(DeleteCustomerTest.java:51)
	at com.learning.testcases.DeleteCustomerTest.validateDeleteCustomerAPI(DeleteCustomerTest.java:37)
</failure>
    <system-out><![CDATA[{
    "error": {
        "code": "resource_missing",
        "doc_url": "https://stripe.com/docs/error-codes/resource-missing",
        "message": "No such customer: 'cus_IiVPXtQtNLCdov'",
        "param": "id",
        "type": "invalid_request_error"
    }
}
-----------------------------
Validate (using jsonObject) that service reponse has "id" as a field
]]></system-out>
  </testcase>
  <testcase name="validateDeleteCustomerAPI" classname="com.learning.testcases.DeleteCustomerTest" time="0.017">
    <failure message="Response doesn&apos;t have ID as a field expected [true] but found [false]" type="java.lang.AssertionError">java.lang.AssertionError: Response doesn't have ID as a field expected [true] but found [false]
	at com.learning.testcases.DeleteCustomerTest.doValidationUsingJSONObject(DeleteCustomerTest.java:51)
	at com.learning.testcases.DeleteCustomerTest.validateDeleteCustomerAPI(DeleteCustomerTest.java:37)
</failure>
    <system-out><![CDATA[{
    "error": {
        "code": "resource_missing",
        "doc_url": "https://stripe.com/docs/error-codes/resource-missing",
        "message": "No such customer: 'cus_IiVPKOlxA9Blmo'",
        "param": "id",
        "type": "invalid_request_error"
    }
}
-----------------------------
Validate (using jsonObject) that service reponse has "id" as a field
]]></system-out>
  </testcase>
  <testcase name="validateDeleteCustomerAPI" classname="com.learning.testcases.DeleteCustomerTest" time="0.018">
    <failure message="Response doesn&apos;t have ID as a field expected [true] but found [false]" type="java.lang.AssertionError">java.lang.AssertionError: Response doesn't have ID as a field expected [true] but found [false]
	at com.learning.testcases.DeleteCustomerTest.doValidationUsingJSONObject(DeleteCustomerTest.java:51)
	at com.learning.testcases.DeleteCustomerTest.validateDeleteCustomerAPI(DeleteCustomerTest.java:37)
</failure>
    <system-out><![CDATA[{
    "error": {
        "code": "resource_missing",
        "doc_url": "https://stripe.com/docs/error-codes/resource-missing",
        "message": "No such customer: 'cus_IiVPSHOJW8cU1U'",
        "param": "id",
        "type": "invalid_request_error"
    }
}
-----------------------------
Validate (using jsonObject) that service reponse has "id" as a field
{
    "error": {
        "code": "resource_missing",
        "doc_url": "https://stripe.com/docs/error-codes/resource-missing",
        "message": "No such customer: 'cus_IiVPliHSFQ4uUq'",
        "param": "id",
        "type": "invalid_request_error"
    }
}
-----------------------------
Validate (using jsonObject) that service reponse has "id" as a field
]]></system-out>
  </testcase>
  <testcase name="validateDeleteCustomerAPI" classname="com.learning.testcases.DeleteCustomerTest" time="0.018">
    <failure message="Response doesn&apos;t have ID as a field expected [true] but found [false]" type="java.lang.AssertionError">java.lang.AssertionError: Response doesn't have ID as a field expected [true] but found [false]
	at com.learning.testcases.DeleteCustomerTest.doValidationUsingJSONObject(DeleteCustomerTest.java:51)
	at com.learning.testcases.DeleteCustomerTest.validateDeleteCustomerAPI(DeleteCustomerTest.java:37)
</failure>
  </testcase>
  <testcase name="validateDeleteCustomerAPI" classname="com.learning.testcases.DeleteCustomerTest" time="0.02">
    <failure message="Response doesn&apos;t have ID as a field expected [true] but found [false]" type="java.lang.AssertionError">java.lang.AssertionError: Response doesn't have ID as a field expected [true] but found [false]
	at com.learning.testcases.DeleteCustomerTest.doValidationUsingJSONObject(DeleteCustomerTest.java:51)
	at com.learning.testcases.DeleteCustomerTest.validateDeleteCustomerAPI(DeleteCustomerTest.java:37)
</failure>
    <system-out><![CDATA[{
    "error": {
        "code": "resource_missing",
        "doc_url": "https://stripe.com/docs/error-codes/resource-missing",
        "message": "No such customer: 'cus_IiVPEKSHfo2bmQ'",
        "param": "id",
        "type": "invalid_request_error"
    }
}
-----------------------------
Validate (using jsonObject) that service reponse has "id" as a field
{
    "error": {
        "code": "resource_missing",
        "doc_url": "https://stripe.com/docs/error-codes/resource-missing",
        "message": "No such customer: 'cus_IiVPMZJ6B0Xddb'",
        "param": "id",
        "type": "invalid_request_error"
    }
}
-----------------------------
Validate (using jsonObject) that service reponse has "id" as a field
]]></system-out>
  </testcase>
  <testcase name="validateDeleteCustomerAPI" classname="com.learning.testcases.DeleteCustomerTest" time="0.02">
    <failure message="Response doesn&apos;t have ID as a field expected [true] but found [false]" type="java.lang.AssertionError">java.lang.AssertionError: Response doesn't have ID as a field expected [true] but found [false]
	at com.learning.testcases.DeleteCustomerTest.doValidationUsingJSONObject(DeleteCustomerTest.java:51)
	at com.learning.testcases.DeleteCustomerTest.validateDeleteCustomerAPI(DeleteCustomerTest.java:37)
</failure>
  </testcase>
  <testcase name="validateDeleteCustomerAPI" classname="com.learning.testcases.DeleteCustomerTest" time="0.016">
    <failure message="Response doesn&apos;t have ID as a field expected [true] but found [false]" type="java.lang.AssertionError">java.lang.AssertionError: Response doesn't have ID as a field expected [true] but found [false]
	at com.learning.testcases.DeleteCustomerTest.doValidationUsingJSONObject(DeleteCustomerTest.java:51)
	at com.learning.testcases.DeleteCustomerTest.validateDeleteCustomerAPI(DeleteCustomerTest.java:37)
</failure>
    <system-out><![CDATA[{
    "error": {
        "code": "resource_missing",
        "doc_url": "https://stripe.com/docs/error-codes/resource-missing",
        "message": "No such customer: 'cus_IiVP9AETW5ZCzs'",
        "param": "id",
        "type": "invalid_request_error"
    }
}
-----------------------------
Validate (using jsonObject) that service reponse has "id" as a field
]]></system-out>
  </testcase>
  <testcase name="validateDeleteCustomerAPI" classname="com.learning.testcases.DeleteCustomerTest" time="0.154">
    <failure message="Response doesn&apos;t have ID as a field expected [true] but found [false]" type="java.lang.AssertionError">java.lang.AssertionError: Response doesn't have ID as a field expected [true] but found [false]
	at com.learning.testcases.DeleteCustomerTest.doValidationUsingJSONObject(DeleteCustomerTest.java:51)
	at com.learning.testcases.DeleteCustomerTest.validateDeleteCustomerAPI(DeleteCustomerTest.java:37)
</failure>
    <system-out><![CDATA[{
    "error": {
        "code": "resource_missing",
        "doc_url": "https://stripe.com/docs/error-codes/resource-missing",
        "message": "No such customer: 'cus_IiVPCAPPIDAE0w'",
        "param": "id",
        "type": "invalid_request_error"
    }
}
-----------------------------
Validate (using jsonObject) that service reponse has "id" as a field
]]></system-out>
  </testcase>
  <testcase name="validateDeleteCustomerAPI" classname="com.learning.testcases.DeleteCustomerTest" time="0.15">
    <failure message="Response doesn&apos;t have ID as a field expected [true] but found [false]" type="java.lang.AssertionError">java.lang.AssertionError: Response doesn't have ID as a field expected [true] but found [false]
	at com.learning.testcases.DeleteCustomerTest.doValidationUsingJSONObject(DeleteCustomerTest.java:51)
	at com.learning.testcases.DeleteCustomerTest.validateDeleteCustomerAPI(DeleteCustomerTest.java:37)
</failure>
    <system-out><![CDATA[{
    "error": {
        "code": "resource_missing",
        "doc_url": "https://stripe.com/docs/error-codes/resource-missing",
        "message": "No such customer: 'cus_IiVPGaCfK8AIGq'",
        "param": "id",
        "type": "invalid_request_error"
    }
}
-----------------------------
Validate (using jsonObject) that service reponse has "id" as a field
]]></system-out>
  </testcase>
  <testcase name="validateDeleteCustomerAPI" classname="com.learning.testcases.DeleteCustomerTest" time="0.349">
    <failure message="Response doesn&apos;t have ID as a field expected [true] but found [false]" type="java.lang.AssertionError">java.lang.AssertionError: Response doesn't have ID as a field expected [true] but found [false]
	at com.learning.testcases.DeleteCustomerTest.doValidationUsingJSONObject(DeleteCustomerTest.java:51)
	at com.learning.testcases.DeleteCustomerTest.validateDeleteCustomerAPI(DeleteCustomerTest.java:37)
</failure>
    <system-out><![CDATA[{
    "error": {
        "code": "resource_missing",
        "doc_url": "https://stripe.com/docs/error-codes/resource-missing",
        "message": "No such customer: 'cus_IiVPZ8Gs0ozdOM'",
        "param": "id",
        "type": "invalid_request_error"
    }
}
-----------------------------
Validate (using jsonObject) that service reponse has "id" as a field
]]></system-out>
  </testcase>
  <testcase name="validateDeleteCustomerAPI" classname="com.learning.testcases.DeleteCustomerTest" time="0.013">
    <failure message="Response doesn&apos;t have ID as a field expected [true] but found [false]" type="java.lang.AssertionError">java.lang.AssertionError: Response doesn't have ID as a field expected [true] but found [false]
	at com.learning.testcases.DeleteCustomerTest.doValidationUsingJSONObject(DeleteCustomerTest.java:51)
	at com.learning.testcases.DeleteCustomerTest.validateDeleteCustomerAPI(DeleteCustomerTest.java:37)
</failure>
    <system-out><![CDATA[{
    "error": {
        "code": "resource_missing",
        "doc_url": "https://stripe.com/docs/error-codes/resource-missing",
        "message": "No such customer: 'cus_IiVPV2NUggCQZs'",
        "param": "id",
        "type": "invalid_request_error"
    }
}
-----------------------------
Validate (using jsonObject) that service reponse has "id" as a field
]]></system-out>
  </testcase>
  <testcase name="validateDeleteCustomerAPI" classname="com.learning.testcases.DeleteCustomerTest" time="0.081">
    <failure message="Response doesn&apos;t have ID as a field expected [true] but found [false]" type="java.lang.AssertionError">java.lang.AssertionError: Response doesn't have ID as a field expected [true] but found [false]
	at com.learning.testcases.DeleteCustomerTest.doValidationUsingJSONObject(DeleteCustomerTest.java:51)
	at com.learning.testcases.DeleteCustomerTest.validateDeleteCustomerAPI(DeleteCustomerTest.java:37)
</failure>
    <system-out><![CDATA[{
    "error": {
        "code": "resource_missing",
        "doc_url": "https://stripe.com/docs/error-codes/resource-missing",
        "message": "No such customer: 'cus_IiVPniGy8yD7Mh'",
        "param": "id",
        "type": "invalid_request_error"
    }
}
-----------------------------
Validate (using jsonObject) that service reponse has "id" as a field
]]></system-out>
  </testcase>
  <testcase name="validateDeleteCustomerAPI" classname="com.learning.testcases.DeleteCustomerTest" time="0.003">
    <failure message="Response doesn&apos;t have ID as a field expected [true] but found [false]" type="java.lang.AssertionError">java.lang.AssertionError: Response doesn't have ID as a field expected [true] but found [false]
	at com.learning.testcases.DeleteCustomerTest.doValidationUsingJSONObject(DeleteCustomerTest.java:51)
	at com.learning.testcases.DeleteCustomerTest.validateDeleteCustomerAPI(DeleteCustomerTest.java:37)
</failure>
    <system-out><![CDATA[{
    "error": {
        "code": "resource_missing",
        "doc_url": "https://stripe.com/docs/error-codes/resource-missing",
        "message": "No such customer: 'cus_IiVP0tVtH2h6um'",
        "param": "id",
        "type": "invalid_request_error"
    }
}
-----------------------------
Validate (using jsonObject) that service reponse has "id" as a field
]]></system-out>
  </testcase>
  <testcase name="validateDeleteCustomerAPI" classname="com.learning.testcases.DeleteCustomerTest" time="0.004">
    <failure message="Response doesn&apos;t have ID as a field expected [true] but found [false]" type="java.lang.AssertionError">java.lang.AssertionError: Response doesn't have ID as a field expected [true] but found [false]
	at com.learning.testcases.DeleteCustomerTest.doValidationUsingJSONObject(DeleteCustomerTest.java:51)
	at com.learning.testcases.DeleteCustomerTest.validateDeleteCustomerAPI(DeleteCustomerTest.java:37)
</failure>
    <system-out><![CDATA[{
    "error": {
        "code": "resource_missing",
        "doc_url": "https://stripe.com/docs/error-codes/resource-missing",
        "message": "No such customer: 'cus_IiVPrieVjtYsCK'",
        "param": "id",
        "type": "invalid_request_error"
    }
}
-----------------------------
Validate (using jsonObject) that service reponse has "id" as a field
]]></system-out>
  </testcase>
  <testcase name="validateDeleteCustomerAPI" classname="com.learning.testcases.DeleteCustomerTest" time="0.015">
    <failure message="Response doesn&apos;t have ID as a field expected [true] but found [false]" type="java.lang.AssertionError">java.lang.AssertionError: Response doesn't have ID as a field expected [true] but found [false]
	at com.learning.testcases.DeleteCustomerTest.doValidationUsingJSONObject(DeleteCustomerTest.java:51)
	at com.learning.testcases.DeleteCustomerTest.validateDeleteCustomerAPI(DeleteCustomerTest.java:37)
</failure>
    <system-out><![CDATA[{
    "error": {
        "code": "resource_missing",
        "doc_url": "https://stripe.com/docs/error-codes/resource-missing",
        "message": "No such customer: 'cus_IiVPxWJBTOOXzq'",
        "param": "id",
        "type": "invalid_request_error"
    }
}
-----------------------------
Validate (using jsonObject) that service reponse has "id" as a field
]]></system-out>
  </testcase>
  <testcase name="validateDeleteCustomerAPI" classname="com.learning.testcases.DeleteCustomerTest" time="0.002">
    <failure message="Response doesn&apos;t have ID as a field expected [true] but found [false]" type="java.lang.AssertionError">java.lang.AssertionError: Response doesn't have ID as a field expected [true] but found [false]
	at com.learning.testcases.DeleteCustomerTest.doValidationUsingJSONObject(DeleteCustomerTest.java:51)
	at com.learning.testcases.DeleteCustomerTest.validateDeleteCustomerAPI(DeleteCustomerTest.java:37)
</failure>
    <system-out><![CDATA[{
    "error": {
        "code": "resource_missing",
        "doc_url": "https://stripe.com/docs/error-codes/resource-missing",
        "message": "No such customer: 'cus_IiVPvVCobLyqCY'",
        "param": "id",
        "type": "invalid_request_error"
    }
}
-----------------------------
Validate (using jsonObject) that service reponse has "id" as a field
]]></system-out>
  </testcase>
  <testcase name="validateDeleteCustomerAPI" classname="com.learning.testcases.DeleteCustomerTest" time="0.007">
    <failure message="Response doesn&apos;t have ID as a field expected [true] but found [false]" type="java.lang.AssertionError">java.lang.AssertionError: Response doesn't have ID as a field expected [true] but found [false]
	at com.learning.testcases.DeleteCustomerTest.doValidationUsingJSONObject(DeleteCustomerTest.java:51)
	at com.learning.testcases.DeleteCustomerTest.validateDeleteCustomerAPI(DeleteCustomerTest.java:37)
</failure>
    <system-out><![CDATA[{
    "error": {
        "code": "resource_missing",
        "doc_url": "https://stripe.com/docs/error-codes/resource-missing",
        "message": "No such customer: 'cus_IiVP1QKVYm1kmE'",
        "param": "id",
        "type": "invalid_request_error"
    }
}
-----------------------------
Validate (using jsonObject) that service reponse has "id" as a field
]]></system-out>
  </testcase>
  <testcase name="validateDeleteCustomerAPI" classname="com.learning.testcases.DeleteCustomerTest" time="0.128">
    <failure message="Response doesn&apos;t have ID as a field expected [true] but found [false]" type="java.lang.AssertionError">java.lang.AssertionError: Response doesn't have ID as a field expected [true] but found [false]
	at com.learning.testcases.DeleteCustomerTest.doValidationUsingJSONObject(DeleteCustomerTest.java:51)
	at com.learning.testcases.DeleteCustomerTest.validateDeleteCustomerAPI(DeleteCustomerTest.java:37)
</failure>
    <system-out><![CDATA[{
    "error": {
        "code": "resource_missing",
        "doc_url": "https://stripe.com/docs/error-codes/resource-missing",
        "message": "No such customer: 'cus_IiVP6BkObhSfx3'",
        "param": "id",
        "type": "invalid_request_error"
    }
}
-----------------------------
Validate (using jsonObject) that service reponse has "id" as a field
]]></system-out>
  </testcase>
  <testcase name="validateDeleteCustomerAPI" classname="com.learning.testcases.DeleteCustomerTest" time="0.157">
    <failure message="Response doesn&apos;t have ID as a field expected [true] but found [false]" type="java.lang.AssertionError">java.lang.AssertionError: Response doesn't have ID as a field expected [true] but found [false]
	at com.learning.testcases.DeleteCustomerTest.doValidationUsingJSONObject(DeleteCustomerTest.java:51)
	at com.learning.testcases.DeleteCustomerTest.validateDeleteCustomerAPI(DeleteCustomerTest.java:37)
</failure>
    <system-out><![CDATA[{
    "error": {
        "code": "resource_missing",
        "doc_url": "https://stripe.com/docs/error-codes/resource-missing",
        "message": "No such customer: 'cus_IiVPhZiU32t5NQ'",
        "param": "id",
        "type": "invalid_request_error"
    }
}
-----------------------------
Validate (using jsonObject) that service reponse has "id" as a field
]]></system-out>
  </testcase>
  <testcase name="validateDeleteCustomerAPI" classname="com.learning.testcases.DeleteCustomerTest" time="0.395">
    <failure message="Response doesn&apos;t have ID as a field expected [true] but found [false]" type="java.lang.AssertionError">java.lang.AssertionError: Response doesn't have ID as a field expected [true] but found [false]
	at com.learning.testcases.DeleteCustomerTest.doValidationUsingJSONObject(DeleteCustomerTest.java:51)
	at com.learning.testcases.DeleteCustomerTest.validateDeleteCustomerAPI(DeleteCustomerTest.java:37)
</failure>
    <system-out><![CDATA[{
    "error": {
        "code": "resource_missing",
        "doc_url": "https://stripe.com/docs/error-codes/resource-missing",
        "message": "No such customer: 'cus_IiVPHuNJ41jf6J'",
        "param": "id",
        "type": "invalid_request_error"
    }
}
-----------------------------
Validate (using jsonObject) that service reponse has "id" as a field
]]></system-out>
  </testcase>
  <testcase name="validateDeleteCustomerAPI" classname="com.learning.testcases.DeleteCustomerTest" time="0.097">
    <failure message="Response doesn&apos;t have ID as a field expected [true] but found [false]" type="java.lang.AssertionError">java.lang.AssertionError: Response doesn't have ID as a field expected [true] but found [false]
	at com.learning.testcases.DeleteCustomerTest.doValidationUsingJSONObject(DeleteCustomerTest.java:51)
	at com.learning.testcases.DeleteCustomerTest.validateDeleteCustomerAPI(DeleteCustomerTest.java:37)
</failure>
    <system-out><![CDATA[{
    "error": {
        "code": "resource_missing",
        "doc_url": "https://stripe.com/docs/error-codes/resource-missing",
        "message": "No such customer: 'cus_IiVPVh5uO5fhrP'",
        "param": "id",
        "type": "invalid_request_error"
    }
}
-----------------------------
Validate (using jsonObject) that service reponse has "id" as a field
]]></system-out>
  </testcase>
  <testcase name="validateDeleteCustomerAPI" classname="com.learning.testcases.DeleteCustomerTest" time="0.014">
    <failure message="Response doesn&apos;t have ID as a field expected [true] but found [false]" type="java.lang.AssertionError">java.lang.AssertionError: Response doesn't have ID as a field expected [true] but found [false]
	at com.learning.testcases.DeleteCustomerTest.doValidationUsingJSONObject(DeleteCustomerTest.java:51)
	at com.learning.testcases.DeleteCustomerTest.validateDeleteCustomerAPI(DeleteCustomerTest.java:37)
</failure>
    <system-out><![CDATA[{
    "error": {
        "code": "resource_missing",
        "doc_url": "https://stripe.com/docs/error-codes/resource-missing",
        "message": "No such customer: 'cus_IiVPKYyxNSa7AY'",
        "param": "id",
        "type": "invalid_request_error"
    }
}
-----------------------------
Validate (using jsonObject) that service reponse has "id" as a field
]]></system-out>
  </testcase>
  <testcase name="validateDeleteCustomerAPI" classname="com.learning.testcases.DeleteCustomerTest" time="0.037">
    <failure message="Response doesn&apos;t have ID as a field expected [true] but found [false]" type="java.lang.AssertionError">java.lang.AssertionError: Response doesn't have ID as a field expected [true] but found [false]
	at com.learning.testcases.DeleteCustomerTest.doValidationUsingJSONObject(DeleteCustomerTest.java:51)
	at com.learning.testcases.DeleteCustomerTest.validateDeleteCustomerAPI(DeleteCustomerTest.java:37)
</failure>
    <system-out><![CDATA[{
    "error": {
        "code": "resource_missing",
        "doc_url": "https://stripe.com/docs/error-codes/resource-missing",
        "message": "No such customer: 'cus_IiVPv47HxpnqVL'",
        "param": "id",
        "type": "invalid_request_error"
    }
}
-----------------------------
Validate (using jsonObject) that service reponse has "id" as a field
]]></system-out>
  </testcase>
  <testcase name="validateDeleteCustomerAPI" classname="com.learning.testcases.DeleteCustomerTest" time="0.013">
    <failure message="Response doesn&apos;t have ID as a field expected [true] but found [false]" type="java.lang.AssertionError">java.lang.AssertionError: Response doesn't have ID as a field expected [true] but found [false]
	at com.learning.testcases.DeleteCustomerTest.doValidationUsingJSONObject(DeleteCustomerTest.java:51)
	at com.learning.testcases.DeleteCustomerTest.validateDeleteCustomerAPI(DeleteCustomerTest.java:37)
</failure>
    <system-out><![CDATA[{
    "error": {
        "code": "resource_missing",
        "doc_url": "https://stripe.com/docs/error-codes/resource-missing",
        "message": "No such customer: 'cus_IiVPECIS1oH8QW'",
        "param": "id",
        "type": "invalid_request_error"
    }
}
-----------------------------
Validate (using jsonObject) that service reponse has "id" as a field
{
    "error": {
        "code": "resource_missing",
        "doc_url": "https://stripe.com/docs/error-codes/resource-missing",
        "message": "No such customer: 'cus_IiVPGHFD9FMZUj'",
        "param": "id",
        "type": "invalid_request_error"
    }
}
-----------------------------
Validate (using jsonObject) that service reponse has "id" as a field
]]></system-out>
  </testcase>
  <testcase name="validateDeleteCustomerAPI" classname="com.learning.testcases.DeleteCustomerTest" time="0.013">
    <failure message="Response doesn&apos;t have ID as a field expected [true] but found [false]" type="java.lang.AssertionError">java.lang.AssertionError: Response doesn't have ID as a field expected [true] but found [false]
	at com.learning.testcases.DeleteCustomerTest.doValidationUsingJSONObject(DeleteCustomerTest.java:51)
	at com.learning.testcases.DeleteCustomerTest.validateDeleteCustomerAPI(DeleteCustomerTest.java:37)
</failure>
  </testcase>
  <testcase name="validateDeleteCustomerAPI" classname="com.learning.testcases.DeleteCustomerTest" time="0.013">
    <failure message="Response doesn&apos;t have ID as a field expected [true] but found [false]" type="java.lang.AssertionError">java.lang.AssertionError: Response doesn't have ID as a field expected [true] but found [false]
	at com.learning.testcases.DeleteCustomerTest.doValidationUsingJSONObject(DeleteCustomerTest.java:51)
	at com.learning.testcases.DeleteCustomerTest.validateDeleteCustomerAPI(DeleteCustomerTest.java:37)
</failure>
    <system-out><![CDATA[{
    "error": {
        "code": "resource_missing",
        "doc_url": "https://stripe.com/docs/error-codes/resource-missing",
        "message": "No such customer: 'cus_IiVP4kOc3jmrv3'",
        "param": "id",
        "type": "invalid_request_error"
    }
}
-----------------------------
Validate (using jsonObject) that service reponse has "id" as a field
]]></system-out>
  </testcase>
  <testcase name="validateDeleteCustomerAPI" classname="com.learning.testcases.DeleteCustomerTest" time="0.03">
    <failure message="Response doesn&apos;t have ID as a field expected [true] but found [false]" type="java.lang.AssertionError">java.lang.AssertionError: Response doesn't have ID as a field expected [true] but found [false]
	at com.learning.testcases.DeleteCustomerTest.doValidationUsingJSONObject(DeleteCustomerTest.java:51)
	at com.learning.testcases.DeleteCustomerTest.validateDeleteCustomerAPI(DeleteCustomerTest.java:37)
</failure>
    <system-out><![CDATA[{
    "error": {
        "code": "resource_missing",
        "doc_url": "https://stripe.com/docs/error-codes/resource-missing",
        "message": "No such customer: 'cus_IiVP9dQddyChJQ'",
        "param": "id",
        "type": "invalid_request_error"
    }
}
-----------------------------
Validate (using jsonObject) that service reponse has "id" as a field
]]></system-out>
  </testcase>
  <testcase name="validateDeleteCustomerAPI" classname="com.learning.testcases.DeleteCustomerTest" time="0.198">
    <failure message="Response doesn&apos;t have ID as a field expected [true] but found [false]" type="java.lang.AssertionError">java.lang.AssertionError: Response doesn't have ID as a field expected [true] but found [false]
	at com.learning.testcases.DeleteCustomerTest.doValidationUsingJSONObject(DeleteCustomerTest.java:51)
	at com.learning.testcases.DeleteCustomerTest.validateDeleteCustomerAPI(DeleteCustomerTest.java:37)
</failure>
    <system-out><![CDATA[{
    "error": {
        "code": "resource_missing",
        "doc_url": "https://stripe.com/docs/error-codes/resource-missing",
        "message": "No such customer: 'cus_IiVPbMS57oX7XP'",
        "param": "id",
        "type": "invalid_request_error"
    }
}
-----------------------------
Validate (using jsonObject) that service reponse has "id" as a field
]]></system-out>
  </testcase>
  <testcase name="validateDeleteCustomerAPI" classname="com.learning.testcases.DeleteCustomerTest" time="0.002">
    <failure message="Response doesn&apos;t have ID as a field expected [true] but found [false]" type="java.lang.AssertionError">java.lang.AssertionError: Response doesn't have ID as a field expected [true] but found [false]
	at com.learning.testcases.DeleteCustomerTest.doValidationUsingJSONObject(DeleteCustomerTest.java:51)
	at com.learning.testcases.DeleteCustomerTest.validateDeleteCustomerAPI(DeleteCustomerTest.java:37)
</failure>
    <system-out><![CDATA[{
    "error": {
        "code": "resource_missing",
        "doc_url": "https://stripe.com/docs/error-codes/resource-missing",
        "message": "No such customer: 'cus_IiVPr8lfMxE9Sn'",
        "param": "id",
        "type": "invalid_request_error"
    }
}
-----------------------------
Validate (using jsonObject) that service reponse has "id" as a field
]]></system-out>
  </testcase>
  <testcase name="validateDeleteCustomerAPI" classname="com.learning.testcases.DeleteCustomerTest" time="0.57">
    <failure message="Response doesn&apos;t have ID as a field expected [true] but found [false]" type="java.lang.AssertionError">java.lang.AssertionError: Response doesn't have ID as a field expected [true] but found [false]
	at com.learning.testcases.DeleteCustomerTest.doValidationUsingJSONObject(DeleteCustomerTest.java:51)
	at com.learning.testcases.DeleteCustomerTest.validateDeleteCustomerAPI(DeleteCustomerTest.java:37)
</failure>
    <system-out><![CDATA[{
    "error": {
        "code": "resource_missing",
        "doc_url": "https://stripe.com/docs/error-codes/resource-missing",
        "message": "No such customer: 'cus_IiVP7QcAIadUII'",
        "param": "id",
        "type": "invalid_request_error"
    }
}
-----------------------------
Validate (using jsonObject) that service reponse has "id" as a field
]]></system-out>
  </testcase>
[...]
    }
}
-----------------------------
Validate (using jsonObject) that service reponse has "id" as a field
]]></system-out>
  </testcase>
  <testcase name="validateDeleteCustomerAPI" classname="com.learning.testcases.DeleteCustomerTest" time="0.084"/>
  <testcase name="validateDeleteCustomerAPI" classname="com.learning.testcases.DeleteCustomerTest" time="0.196"/>
  <testcase name="validateDeleteCustomerAPI" classname="com.learning.testcases.DeleteCustomerTest" time="0.922">
    <failure message="Response doesn&apos;t have ID as a field expected [true] but found [false]" type="java.lang.AssertionError">java.lang.AssertionError: Response doesn't have ID as a field expected [true] but found [false]
	at com.learning.testcases.DeleteCustomerTest.doValidationUsingJSONObject(DeleteCustomerTest.java:51)
	at com.learning.testcases.DeleteCustomerTest.validateDeleteCustomerAPI(DeleteCustomerTest.java:37)
</failure>
    <system-out><![CDATA[{
    "error": {
        "code": "resource_missing",
        "doc_url": "https://stripe.com/docs/error-codes/resource-missing",
        "message": "No such customer: 'cus_IiVOXSXCGNrjaD'",
        "param": "id",
        "type": "invalid_request_error"
    }
}
-----------------------------
Validate (using jsonObject) that service reponse has "id" as a field
]]></system-out>
  </testcase>
  <testcase name="validateDeleteCustomerAPI" classname="com.learning.testcases.DeleteCustomerTest" time="0.011">
    <failure message="Response doesn&apos;t have ID as a field expected [true] but found [false]" type="java.lang.AssertionError">java.lang.AssertionError: Response doesn't have ID as a field expected [true] but found [false]
	at com.learning.testcases.DeleteCustomerTest.doValidationUsingJSONObject(DeleteCustomerTest.java:51)
	at com.learning.testcases.DeleteCustomerTest.validateDeleteCustomerAPI(DeleteCustomerTest.java:37)
</failure>
    <system-out><![CDATA[{
    "error": {
        "code": "resource_missing",
        "doc_url": "https://stripe.com/docs/error-codes/resource-missing",
        "message": "No such customer: 'cus_IiVOBMYZl9xGFt'",
        "param": "id",
        "type": "invalid_request_error"
    }
}
-----------------------------
Validate (using jsonObject) that service reponse has "id" as a field
]]></system-out>
  </testcase>
  <testcase name="validateDeleteCustomerAPI" classname="com.learning.testcases.DeleteCustomerTest" time="0.007"/>
  <testcase name="validateDeleteCustomerAPI" classname="com.learning.testcases.DeleteCustomerTest" time="0.063"/>
  <testcase name="validateDeleteCustomerAPI" classname="com.learning.testcases.DeleteCustomerTest" time="0.005">
    <failure message="Response doesn&apos;t have ID as a field expected [true] but found [false]" type="java.lang.AssertionError">java.lang.AssertionError: Response doesn't have ID as a field expected [true] but found [false]
	at com.learning.testcases.DeleteCustomerTest.doValidationUsingJSONObject(DeleteCustomerTest.java:51)
	at com.learning.testcases.DeleteCustomerTest.validateDeleteCustomerAPI(DeleteCustomerTest.java:37)
</failure>
    <system-out><![CDATA[{
    "id": "cus_IiVOYQ69ZObuIz",
    "object": "customer",
    "deleted": true
}
-----------------------------
Validate (using jsonObject) that service reponse has "id" as a field
{
    "error": {
        "code": "resource_missing",
        "doc_url": "https://stripe.com/docs/error-codes/resource-missing",
        "message": "No such customer: 'cus_IiVOUpXMUlMbXR'",
        "param": "id",
        "type": "invalid_request_error"
    }
}
-----------------------------
Validate (using jsonObject) that service reponse has "id" as a field
]]></system-out>
  </testcase>
  <testcase name="validateDeleteCustomerAPI" classname="com.learning.testcases.DeleteCustomerTest" time="0.007"/>
  <testcase name="validateDeleteCustomerAPI" classname="com.learning.testcases.DeleteCustomerTest" time="0.063">
    <failure message="Response doesn&apos;t have ID as a field expected [true] but found [false]" type="java.lang.AssertionError">java.lang.AssertionError: Response doesn't have ID as a field expected [true] but found [false]
	at com.learning.testcases.DeleteCustomerTest.doValidationUsingJSONObject(DeleteCustomerTest.java:51)
	at com.learning.testcases.DeleteCustomerTest.validateDeleteCustomerAPI(DeleteCustomerTest.java:37)
</failure>
    <system-out><![CDATA[{
    "error": {
        "code": "resource_missing",
        "doc_url": "https://stripe.com/docs/error-codes/resource-missing",
        "message": "No such customer: 'cus_IiVO3NsnDIzmgG'",
        "param": "id",
        "type": "invalid_request_error"
    }
}
-----------------------------
Validate (using jsonObject) that service reponse has "id" as a field
]]></system-out>
  </testcase>
  <testcase name="validateDeleteCustomerAPI" classname="com.learning.testcases.DeleteCustomerTest" time="0.065"/>
  <testcase name="validateDeleteCustomerAPI" classname="com.learning.testcases.DeleteCustomerTest" time="0.137"/>
  <testcase name="validateDeleteCustomerAPI" classname="com.learning.testcases.DeleteCustomerTest" time="0.165"/>
  <testcase name="validateDeleteCustomerAPI" classname="com.learning.testcases.DeleteCustomerTest" time="0.953">
    <failure message="Response doesn&apos;t have ID as a field expected [true] but found [false]" type="java.lang.AssertionError">java.lang.AssertionError: Response doesn't have ID as a field expected [true] but found [false]
	at com.learning.testcases.DeleteCustomerTest.doValidationUsingJSONObject(DeleteCustomerTest.java:51)
	at com.learning.testcases.DeleteCustomerTest.validateDeleteCustomerAPI(DeleteCustomerTest.java:37)
</failure>
    <system-out><![CDATA[{
    "error": {
        "code": "resource_missing",
        "doc_url": "https://stripe.com/docs/error-codes/resource-missing",
        "message": "No such customer: 'cus_IiVOLehhHMjXLz'",
        "param": "id",
        "type": "invalid_request_error"
    }
}
-----------------------------
Validate (using jsonObject) that service reponse has "id" as a field
{
    "error": {
        "code": "resource_missing",
        "doc_url": "https://stripe.com/docs/error-codes/resource-missing",
        "message": "No such customer: 'cus_IiVOq9NBw9kNbf'",
        "param": "id",
        "type": "invalid_request_error"
    }
}
-----------------------------
Validate (using jsonObject) that service reponse has "id" as a field
]]></system-out>
  </testcase>
  <testcase name="validateDeleteCustomerAPI" classname="com.learning.testcases.DeleteCustomerTest" time="0.953">
    <failure message="Response doesn&apos;t have ID as a field expected [true] but found [false]" type="java.lang.AssertionError">java.lang.AssertionError: Response doesn't have ID as a field expected [true] but found [false]
	at com.learning.testcases.DeleteCustomerTest.doValidationUsingJSONObject(DeleteCustomerTest.java:51)
	at com.learning.testcases.DeleteCustomerTest.validateDeleteCustomerAPI(DeleteCustomerTest.java:37)
</failure>
  </testcase>
  <testcase name="validateDeleteCustomerAPI" classname="com.learning.testcases.DeleteCustomerTest" time="0.014">
    <failure message="Response doesn&apos;t have ID as a field expected [true] but found [false]" type="java.lang.AssertionError">java.lang.AssertionError: Response doesn't have ID as a field expected [true] but found [false]
	at com.learning.testcases.DeleteCustomerTest.doValidationUsingJSONObject(DeleteCustomerTest.java:51)
	at com.learning.testcases.DeleteCustomerTest.validateDeleteCustomerAPI(DeleteCustomerTest.java:37)
</failure>
    <system-out><![CDATA[{
    "id": "cus_IiVOSCITPtS6Pn",
    "object": "customer",
    "deleted": true
}
-----------------------------
Validate (using jsonObject) that service reponse has "id" as a field
{
    "error": {
        "code": "resource_missing",
        "doc_url": "https://stripe.com/docs/error-codes/resource-missing",
        "message": "No such customer: 'cus_IiVO1DkfuV9POa'",
        "param": "id",
        "type": "invalid_request_error"
    }
}
-----------------------------
Validate (using jsonObject) that service reponse has "id" as a field
]]></system-out>
  </testcase>
  <testcase name="validateDeleteCustomerAPI" classname="com.learning.testcases.DeleteCustomerTest" time="0.002"/>
  <testcase name="validateDeleteCustomerAPI" classname="com.learning.testcases.DeleteCustomerTest" time="0.028"/>
  <testcase name="validateDeleteCustomerAPI" classname="com.learning.testcases.DeleteCustomerTest" time="0.018"/>
  <testcase name="validateDeleteCustomerAPI" classname="com.learning.testcases.DeleteCustomerTest" time="0.031">
    <failure message="Response doesn&apos;t have ID as a field expected [true] but found [false]" type="java.lang.AssertionError">java.lang.AssertionError: Response doesn't have ID as a field expected [true] but found [false]
	at com.learning.testcases.DeleteCustomerTest.doValidationUsingJSONObject(DeleteCustomerTest.java:51)
	at com.learning.testcases.DeleteCustomerTest.validateDeleteCustomerAPI(DeleteCustomerTest.java:37)
</failure>
    <system-out><![CDATA[{
    "error": {
        "code": "resource_missing",
        "doc_url": "https://stripe.com/docs/error-codes/resource-missing",
        "message": "No such customer: 'cus_IiVOkujy1hC2hD'",
        "param": "id",
        "type": "invalid_request_error"
    }
}
-----------------------------
Validate (using jsonObject) that service reponse has "id" as a field
]]></system-out>
  </testcase>
  <testcase name="validateDeleteCustomerAPI" classname="com.learning.testcases.DeleteCustomerTest" time="0.005">
    <failure message="Response doesn&apos;t have ID as a field expected [true] but found [false]" type="java.lang.AssertionError">java.lang.AssertionError: Response doesn't have ID as a field expected [true] but found [false]
	at com.learning.testcases.DeleteCustomerTest.doValidationUsingJSONObject(DeleteCustomerTest.java:51)
	at com.learning.testcases.DeleteCustomerTest.validateDeleteCustomerAPI(DeleteCustomerTest.java:37)
</failure>
    <system-out><![CDATA[{
    "error": {
        "code": "resource_missing",
        "doc_url": "https://stripe.com/docs/error-codes/resource-missing",
        "message": "No such customer: 'cus_IiVOQIxF6cMogj'",
        "param": "id",
        "type": "invalid_request_error"
    }
}
-----------------------------
Validate (using jsonObject) that service reponse has "id" as a field
]]></system-out>
  </testcase>
  <testcase name="validateDeleteCustomerAPI" classname="com.learning.testcases.DeleteCustomerTest" time="0.245"/>
  <testcase name="validateDeleteCustomerAPI" classname="com.learning.testcases.DeleteCustomerTest" time="0.197"/>
  <testcase name="validateDeleteCustomerAPI" classname="com.learning.testcases.DeleteCustomerTest" time="0.905">
    <failure message="Response doesn&apos;t have ID as a field expected [true] but found [false]" type="java.lang.AssertionError">java.lang.AssertionError: Response doesn't have ID as a field expected [true] but found [false]
	at com.learning.testcases.DeleteCustomerTest.doValidationUsingJSONObject(DeleteCustomerTest.java:51)
	at com.learning.testcases.DeleteCustomerTest.validateDeleteCustomerAPI(DeleteCustomerTest.java:37)
</failure>
    <system-out><![CDATA[{
    "error": {
        "code": "resource_missing",
        "doc_url": "https://stripe.com/docs/error-codes/resource-missing",
        "message": "No such customer: 'cus_IiVOvrs1XKIJpf'",
        "param": "id",
        "type": "invalid_request_error"
    }
}
-----------------------------
Validate (using jsonObject) that service reponse has "id" as a field
]]></system-out>
  </testcase>
  <testcase name="validateDeleteCustomerAPI" classname="com.learning.testcases.DeleteCustomerTest" time="0.03">
    <failure message="Response doesn&apos;t have ID as a field expected [true] but found [false]" type="java.lang.AssertionError">java.lang.AssertionError: Response doesn't have ID as a field expected [true] but found [false]
	at com.learning.testcases.DeleteCustomerTest.doValidationUsingJSONObject(DeleteCustomerTest.java:51)
	at com.learning.testcases.DeleteCustomerTest.validateDeleteCustomerAPI(DeleteCustomerTest.java:37)
</failure>
    <system-out><![CDATA[{
    "error": {
        "code": "resource_missing",
        "doc_url": "https://stripe.com/docs/error-codes/resource-missing",
        "message": "No such customer: 'cus_IiURMJxTgubMs6'",
        "param": "id",
        "type": "invalid_request_error"
    }
}
-----------------------------
Validate (using jsonObject) that service reponse has "id" as a field
]]></system-out>
  </testcase>
  <testcase name="validateDeleteCustomerAPI" classname="com.learning.testcases.DeleteCustomerTest" time="0.007">
    <failure message="Response doesn&apos;t have ID as a field expected [true] but found [false]" type="java.lang.AssertionError">java.lang.AssertionError: Response doesn't have ID as a field expected [true] but found [false]
	at com.learning.testcases.DeleteCustomerTest.doValidationUsingJSONObject(DeleteCustomerTest.java:51)
	at com.learning.testcases.DeleteCustomerTest.validateDeleteCustomerAPI(DeleteCustomerTest.java:37)
</failure>
    <system-out><![CDATA[{
    "error": {
        "code": "resource_missing",
        "doc_url": "https://stripe.com/docs/error-codes/resource-missing",
        "message": "No such customer: 'cus_IiVOYunsceziGJ'",
        "param": "id",
        "type": "invalid_request_error"
    }
}
-----------------------------
Validate (using jsonObject) that service reponse has "id" as a field
]]></system-out>
  </testcase>
  <testcase name="validateDeleteCustomerAPI" classname="com.learning.testcases.DeleteCustomerTest" time="0.038"/>
  <testcase name="validateDeleteCustomerAPI" classname="com.learning.testcases.DeleteCustomerTest" time="0.022"/>
  <testcase name="validateDeleteCustomerAPI" classname="com.learning.testcases.DeleteCustomerTest" time="0.018"/>
  <testcase name="validateDeleteCustomerAPI" classname="com.learning.testcases.DeleteCustomerTest" time="0.023"/>
  <testcase name="validateDeleteCustomerAPI" classname="com.learning.testcases.DeleteCustomerTest" time="0.126">
    <failure message="Response doesn&apos;t have ID as a field expected [true] but found [false]" type="java.lang.AssertionError">java.lang.AssertionError: Response doesn't have ID as a field expected [true] but found [false]
	at com.learning.testcases.DeleteCustomerTest.doValidationUsingJSONObject(DeleteCustomerTest.java:51)
	at com.learning.testcases.DeleteCustomerTest.validateDeleteCustomerAPI(DeleteCustomerTest.java:37)
</failure>
    <system-out><![CDATA[{
    "error": {
        "code": "resource_missing",
        "doc_url": "https://stripe.com/docs/error-codes/resource-missing",
        "message": "No such customer: 'cus_IiUJePhOivraIO'",
        "param": "id",
        "type": "invalid_request_error"
    }
}
-----------------------------
Validate (using jsonObject) that service reponse has "id" as a field
]]></system-out>
  </testcase>
  <testcase name="validateDeleteCustomerAPI" classname="com.learning.testcases.DeleteCustomerTest" time="0.238"/>
  <testcase name="validateDeleteCustomerAPI" classname="com.learning.testcases.DeleteCustomerTest" time="0.483">
    <failure message="Response doesn&apos;t have ID as a field expected [true] but found [false]" type="java.lang.AssertionError">java.lang.AssertionError: Response doesn't have ID as a field expected [true] but found [false]
	at com.learning.testcases.DeleteCustomerTest.doValidationUsingJSONObject(DeleteCustomerTest.java:51)
	at com.learning.testcases.DeleteCustomerTest.validateDeleteCustomerAPI(DeleteCustomerTest.java:37)
</failure>
    <system-out><![CDATA[{
    "error": {
        "code": "resource_missing",
        "doc_url": "https://stripe.com/docs/error-codes/resource-missing",
        "message": "No such customer: 'cus_IiUJRvaiUdTdSW'",
        "param": "id",
        "type": "invalid_request_error"
    }
}
-----------------------------
Validate (using jsonObject) that service reponse has "id" as a field
]]></system-out>
  </testcase>
  <testcase name="validateDeleteCustomerAPI" classname="com.learning.testcases.DeleteCustomerTest" time="1.377">
    <failure message="Response doesn&apos;t have ID as a field expected [true] but found [false]" type="java.lang.AssertionError">java.lang.AssertionError: Response doesn't have ID as a field expected [true] but found [false]
	at com.learning.testcases.DeleteCustomerTest.doValidationUsingJSONObject(DeleteCustomerTest.java:51)
	at com.learning.testcases.DeleteCustomerTest.validateDeleteCustomerAPI(DeleteCustomerTest.java:37)
</failure>
    <system-out><![CDATA[{
    "error": {
        "code": "resource_missing",
        "doc_url": "https://stripe.com/docs/error-codes/resource-missing",
        "message": "No such customer: 'cus_IiUHVUVZLvapNG'",
        "param": "id",
        "type": "invalid_request_error"
    }
}
-----------------------------
Validate (using jsonObject) that service reponse has "id" as a field
{
    "error": {
        "code": "resource_missing",
        "doc_url": "https://stripe.com/docs/error-codes/resource-missing",
        "message": "No such customer: 'cus_IiUJGr2vOpFP8L'",
        "param": "id",
        "type": "invalid_request_error"
    }
}
-----------------------------
Validate (using jsonObject) that service reponse has "id" as a field
]]></system-out>
  </testcase>
  <testcase name="validateDeleteCustomerAPI" classname="com.learning.testcases.DeleteCustomerTest" time="1.377">
    <failure message="Response doesn&apos;t have ID as a field expected [true] but found [false]" type="java.lang.AssertionError">java.lang.AssertionError: Response doesn't have ID as a field expected [true] but found [false]
	at com.learning.testcases.DeleteCustomerTest.doValidationUsingJSONObject(DeleteCustomerTest.java:51)
	at com.learning.testcases.DeleteCustomerTest.validateDeleteCustomerAPI(DeleteCustomerTest.java:37)
</failure>
  </testcase>
  <testcase name="validateDeleteCustomerAPI" classname="com.learning.testcases.DeleteCustomerTest" time="1.396">
    <failure message="Response doesn&apos;t have ID as a field expected [true] but found [false]" type="java.lang.AssertionError">java.lang.AssertionError: Response doesn't have ID as a field expected [true] but found [false]
	at com.learning.testcases.DeleteCustomerTest.doValidationUsingJSONObject(DeleteCustomerTest.java:51)
	at com.learning.testcases.DeleteCustomerTest.validateDeleteCustomerAPI(DeleteCustomerTest.java:37)
</failure>
    <system-out><![CDATA[{
    "error": {
        "code": "resource_missing",
        "doc_url": "https://stripe.com/docs/error-codes/resource-missing",
        "message": "No such customer: 'cus_IiUHOuB66RZaG3'",
        "param": "id",
        "type": "invalid_request_error"
    }
}
-----------------------------
Validate (using jsonObject) that service reponse has "id" as a field
]]></system-out>
  </testcase>
  <testcase name="validateDeleteCustomerAPI" classname="com.learning.testcases.DeleteCustomerTest" time="1.403"/>
  <testcase name="validateDeleteCustomerAPI" classname="com.learning.testcases.DeleteCustomerTest" time="1.453">
    <failure message="Response doesn&apos;t have ID as a field expected [true] but found [false]" type="java.lang.AssertionError">java.lang.AssertionError: Response doesn't have ID as a field expected [true] but found [false]
	at com.learning.testcases.DeleteCustomerTest.doValidationUsingJSONObject(DeleteCustomerTest.java:51)
	at com.learning.testcases.DeleteCustomerTest.validateDeleteCustomerAPI(DeleteCustomerTest.java:37)
</failure>
    <system-out><![CDATA[{
    "error": {
        "code": "resource_missing",
        "doc_url": "https://stripe.com/docs/error-codes/resource-missing",
        "message": "No such customer: 'cus_IiUH2jQlYGZSTf'",
        "param": "id",
        "type": "invalid_request_error"
    }
}
-----------------------------
Validate (using jsonObject) that service reponse has "id" as a field
]]></system-out>
  </testcase>
</testsuite>