<?xml version="1.0" encoding="UTF-8"?>
<testng-results skipped="0" failed="0" ignored="0" total="2" passed="2">
  <reporter-output>
  </reporter-output>
  <suite name="PayPal - API Automation Suite using Rest Assured API" duration-ms="11415" started-at="2021-01-08T14:43:00 IST" finished-at="2021-01-08T14:43:11 IST">
    <groups>
    </groups>
    <test name="Create Order API Test" duration-ms="7840" started-at="2021-01-08T14:43:00 IST" finished-at="2021-01-08T14:43:07 IST">
      <class name="com.learning.testcases.paypal.CreateOrderTest">
        <test-method status="PASS" signature="createOrder()[pri:0, instance:com.learning.testcases.paypal.CreateOrderTest@17d0685f]" name="createOrder" duration-ms="7798" started-at="2021-01-08T14:43:00 IST" finished-at="2021-01-08T14:43:07 IST">
          <reporter-output>
          </reporter-output>
        </test-method> <!-- createOrder -->
      </class> <!-- com.learning.testcases.paypal.CreateOrderTest -->
    </test> <!-- Create Order API Test -->
    <test name="Get Order API Test" duration-ms="3217" started-at="2021-01-08T14:43:08 IST" finished-at="2021-01-08T14:43:11 IST">
      <class name="com.learning.testcases.paypal.GetOrderTest">
        <test-method status="PASS" signature="setup()[pri:0, instance:com.learning.testcases.paypal.GetOrderTest@78186a70]" name="setup" is-config="true" duration-ms="606" started-at="2021-01-08T14:42:59 IST" finished-at="2021-01-08T14:43:00 IST">
          <reporter-output>
          </reporter-output>
        </test-method> <!-- setup -->
        <test-method status="PASS" signature="getOrder()[pri:0, instance:com.learning.testcases.paypal.GetOrderTest@78186a70]" name="getOrder" duration-ms="3215" started-at="2021-01-08T14:43:08 IST" finished-at="2021-01-08T14:43:11 IST">
          <reporter-output>
          </reporter-output>
        </test-method> <!-- getOrder -->
        <test-method status="PASS" signature="tearDown()[pri:0, instance:com.learning.testcases.paypal.GetOrderTest@78186a70]" name="tearDown" is-config="true" duration-ms="0" started-at="2021-01-08T14:43:11 IST" finished-at="2021-01-08T14:43:11 IST">
          <reporter-output>
          </reporter-output>
        </test-method> <!-- tearDown -->
      </class> <!-- com.learning.testcases.paypal.GetOrderTest -->
    </test> <!-- Get Order API Test -->
  </suite> <!-- PayPal - API Automation Suite using Rest Assured API -->
</testng-results>
