<?xml version="1.0" encoding="UTF-8"?>
<!-- Generated by org.testng.reporters.JUnitReportReporter -->
<testsuite skipped="0" hostname="ATMECSINLT-647" name="com.learning.testcases.DeleteCustomerTest" tests="435" failures="350" timestamp="2021-01-08T01:32:14 IST" time="656.214" errors="0">
  <testcase name="validateDeleteCustomerAPI" time="1.366" classname="com.learning.testcases.DeleteCustomerTest">
    <failure type="java.lang.AssertionError" message="Response doesn&#039;t have ID as a field expected [true] but found [false]">
      <![CDATA[java.lang.AssertionError: Response doesn't have ID as a field expected [true] but found [false]
at org.testng.Assert.fail(Assert.java:99)
at org.testng.Assert.failNotEquals(Assert.java:1037)
at org.testng.Assert.assertTrue(Assert.java:45)
at com.learning.testcases.DeleteCustomerTest.doValidationUsingJSONObject(DeleteCustomerTest.java:51)
at com.learning.testcases.DeleteCustomerTest.validateDeleteCustomerAPI(DeleteCustomerTest.java:37)
at sun.reflect.GeneratedMethodAccessor250.invoke(Unknown Source)
at sun.reflect.DelegatingMethodAccessorImpl.invoke(DelegatingMethodAccessorImpl.java:43)
at java.lang.reflect.Method.invoke(Method.java:498)
at org.testng.internal.MethodInvocationHelper.invokeMethod(MethodInvocationHelper.java:132)
at org.testng.internal.TestInvoker.invokeMethod(TestInvoker.java:599)
at org.testng.internal.TestInvoker.invokeTestMethod(TestInvoker.java:174)
at org.testng.internal.TestMethodWithDataProviderMethodWorker.call(TestMethodWithDataProviderMethodWorker.java:77)
at org.testng.internal.TestMethodWithDataProviderMethodWorker.call(TestMethodWithDataProviderMethodWorker.java:15)
at java.util.concurrent.FutureTask.run(FutureTask.java:266)
at java.util.concurrent.Executors$RunnableAdapter.call(Executors.java:511)
at java.util.concurrent.FutureTask.run(FutureTask.java:266)
at java.util.concurrent.ThreadPoolExecutor.runWorker(ThreadPoolExecutor.java:1149)
at java.util.concurrent.ThreadPoolExecutor$Worker.run(ThreadPoolExecutor.java:624)
at java.lang.Thread.run(Thread.java:748)
]]>
    </failure>
  </testcase> <!-- validateDeleteCustomerAPI -->
  <system-out/>
  <testcase name="validateDeleteCustomerAPI" time="1.369" classname="com.learning.testcases.DeleteCustomerTest">
    <failure type="java.lang.AssertionError" message="Response doesn&#039;t have ID as a field expected [true] but found [false]">
      <![CDATA[java.lang.AssertionError: Response doesn't have ID as a field expected [true] but found [false]
at org.testng.Assert.fail(Assert.java:99)
at org.testng.Assert.failNotEquals(Assert.java:1037)
at org.testng.Assert.assertTrue(Assert.java:45)
at com.learning.testcases.DeleteCustomerTest.doValidationUsingJSONObject(DeleteCustomerTest.java:51)
at com.learning.testcases.DeleteCustomerTest.validateDeleteCustomerAPI(DeleteCustomerTest.java:37)
at sun.reflect.GeneratedMethodAccessor250.invoke(Unknown Source)
at sun.reflect.DelegatingMethodAccessorImpl.invoke(DelegatingMethodAccessorImpl.java:43)
at java.lang.reflect.Method.invoke(Method.java:498)
at org.testng.internal.MethodInvocationHelper.invokeMethod(MethodInvocationHelper.java:132)
at org.testng.internal.TestInvoker.invokeMethod(TestInvoker.java:599)
at org.testng.internal.TestInvoker.invokeTestMethod(TestInvoker.java:174)
at org.testng.internal.TestMethodWithDataProviderMethodWorker.call(TestMethodWithDataProviderMethodWorker.java:77)
at org.testng.internal.TestMethodWithDataProviderMethodWorker.call(TestMethodWithDataProviderMethodWorker.java:15)
at java.util.concurrent.FutureTask.run(FutureTask.java:266)
at java.util.concurrent.Executors$RunnableAdapter.call(Executors.java:511)
at java.util.concurrent.FutureTask.run(FutureTask.java:266)
at java.util.concurrent.ThreadPoolExecutor.runWorker(ThreadPoolExecutor.java:1149)
at java.util.concurrent.ThreadPoolExecutor$Worker.run(ThreadPoolExecutor.java:624)
at java.lang.Thread.run(Thread.java:748)
]]>
    </failure>
  </testcase> <!-- validateDeleteCustomerAPI -->
  <system-out/>
  <testcase name="validateDeleteCustomerAPI" time="1.478" classname="com.learning.testcases.DeleteCustomerTest"/>
  <system-out/>
  <testcase name="validateDeleteCustomerAPI" time="1.387" classname="com.learning.testcases.DeleteCustomerTest">
    <failure type="java.lang.AssertionError" message="Response doesn&#039;t have ID as a field expected [true] but found [false]">
      <![CDATA[java.lang.AssertionError: Response doesn't have ID as a field expected [true] but found [false]
at org.testng.Assert.fail(Assert.java:99)
at org.testng.Assert.failNotEquals(Assert.java:1037)
at org.testng.Assert.assertTrue(Assert.java:45)
at com.learning.testcases.DeleteCustomerTest.doValidationUsingJSONObject(DeleteCustomerTest.java:51)
at com.learning.testcases.DeleteCustomerTest.validateDeleteCustomerAPI(DeleteCustomerTest.java:37)
at sun.reflect.GeneratedMethodAccessor250.invoke(Unknown Source)
at sun.reflect.DelegatingMethodAccessorImpl.invoke(DelegatingMethodAccessorImpl.java:43)
at java.lang.reflect.Method.invoke(Method.java:498)
at org.testng.internal.MethodInvocationHelper.invokeMethod(MethodInvocationHelper.java:132)
at org.testng.internal.TestInvoker.invokeMethod(TestInvoker.java:599)
at org.testng.internal.TestInvoker.invokeTestMethod(TestInvoker.java:174)
at org.testng.internal.TestMethodWithDataProviderMethodWorker.call(TestMethodWithDataProviderMethodWorker.java:77)
at org.testng.internal.TestMethodWithDataProviderMethodWorker.call(TestMethodWithDataProviderMethodWorker.java:15)
at java.util.concurrent.FutureTask.run(FutureTask.java:266)
at java.util.concurrent.Executors$RunnableAdapter.call(Executors.java:511)
at java.util.concurrent.FutureTask.run(FutureTask.java:266)
at java.util.concurrent.ThreadPoolExecutor.runWorker(ThreadPoolExecutor.java:1149)
at java.util.concurrent.ThreadPoolExecutor$Worker.run(ThreadPoolExecutor.java:624)
at java.lang.Thread.run(Thread.java:748)
]]>
    </failure>
  </testcase> <!-- validateDeleteCustomerAPI -->
  <system-out/>
  <testcase name="validateDeleteCustomerAPI" time="1.473" classname="com.learning.testcases.DeleteCustomerTest"/>
  <system-out/>
  <testcase name="validateDeleteCustomerAPI" time="1.366" classname="com.learning.testcases.DeleteCustomerTest">
    <failure type="java.lang.AssertionError" message="Response doesn&#039;t have ID as a field expected [true] but found [false]">
      <![CDATA[java.lang.AssertionError: Response doesn't have ID as a field expected [true] but found [false]
at org.testng.Assert.fail(Assert.java:99)
at org.testng.Assert.failNotEquals(Assert.java:1037)
at org.testng.Assert.assertTrue(Assert.java:45)
at com.learning.testcases.DeleteCustomerTest.doValidationUsingJSONObject(DeleteCustomerTest.java:51)
at com.learning.testcases.DeleteCustomerTest.validateDeleteCustomerAPI(DeleteCustomerTest.java:37)
at sun.reflect.GeneratedMethodAccessor250.invoke(Unknown Source)
at sun.reflect.DelegatingMethodAccessorImpl.invoke(DelegatingMethodAccessorImpl.java:43)
at java.lang.reflect.Method.invoke(Method.java:498)
at org.testng.internal.MethodInvocationHelper.invokeMethod(MethodInvocationHelper.java:132)
at org.testng.internal.TestInvoker.invokeMethod(TestInvoker.java:599)
at org.testng.internal.TestInvoker.invokeTestMethod(TestInvoker.java:174)
at org.testng.internal.TestMethodWithDataProviderMethodWorker.call(TestMethodWithDataProviderMethodWorker.java:77)
at org.testng.internal.TestMethodWithDataProviderMethodWorker.call(TestMethodWithDataProviderMethodWorker.java:15)
at java.util.concurrent.FutureTask.run(FutureTask.java:266)
at java.util.concurrent.Executors$RunnableAdapter.call(Executors.java:511)
at java.util.concurrent.FutureTask.run(FutureTask.java:266)
at java.util.concurrent.ThreadPoolExecutor.runWorker(ThreadPoolExecutor.java:1149)
at java.util.concurrent.ThreadPoolExecutor$Worker.run(ThreadPoolExecutor.java:624)
at java.lang.Thread.run(Thread.java:748)
]]>
    </failure>
  </testcase> <!-- validateDeleteCustomerAPI -->
  <system-out/>
  <testcase name="validateDeleteCustomerAPI" time="1.423" classname="com.learning.testcases.DeleteCustomerTest">
    <failure type="java.lang.AssertionError" message="Response doesn&#039;t have ID as a field expected [true] but found [false]">
      <![CDATA[java.lang.AssertionError: Response doesn't have ID as a field expected [true] but found [false]
at org.testng.Assert.fail(Assert.java:99)
at org.testng.Assert.failNotEquals(Assert.java:1037)
at org.testng.Assert.assertTrue(Assert.java:45)
at com.learning.testcases.DeleteCustomerTest.doValidationUsingJSONObject(DeleteCustomerTest.java:51)
at com.learning.testcases.DeleteCustomerTest.validateDeleteCustomerAPI(DeleteCustomerTest.java:37)
at sun.reflect.GeneratedMethodAccessor250.invoke(Unknown Source)
at sun.reflect.DelegatingMethodAccessorImpl.invoke(DelegatingMethodAccessorImpl.java:43)
at java.lang.reflect.Method.invoke(Method.java:498)
at org.testng.internal.MethodInvocationHelper.invokeMethod(MethodInvocationHelper.java:132)
at org.testng.internal.TestInvoker.invokeMethod(TestInvoker.java:599)
at org.testng.internal.TestInvoker.invokeTestMethod(TestInvoker.java:174)
at org.testng.internal.TestMethodWithDataProviderMethodWorker.call(TestMethodWithDataProviderMethodWorker.java:77)
at org.testng.internal.TestMethodWithDataProviderMethodWorker.call(TestMethodWithDataProviderMethodWorker.java:15)
at java.util.concurrent.FutureTask.run(FutureTask.java:266)
at java.util.concurrent.Executors$RunnableAdapter.call(Executors.java:511)
at java.util.concurrent.FutureTask.run(FutureTask.java:266)
at java.util.concurrent.ThreadPoolExecutor.runWorker(ThreadPoolExecutor.java:1149)
at java.util.concurrent.ThreadPoolExecutor$Worker.run(ThreadPoolExecutor.java:624)
at java.lang.Thread.run(Thread.java:748)
]]>
    </failure>
  </testcase> <!-- validateDeleteCustomerAPI -->
  <system-out/>
  <testcase name="validateDeleteCustomerAPI" time="1.452" classname="com.learning.testcases.DeleteCustomerTest"/>
  <system-out/>
  <testcase name="validateDeleteCustomerAPI" time="1.434" classname="com.learning.testcases.DeleteCustomerTest">
    <failure type="java.lang.AssertionError" message="Response doesn&#039;t have ID as a field expected [true] but found [false]">
      <![CDATA[java.lang.AssertionError: Response doesn't have ID as a field expected [true] but found [false]
at org.testng.Assert.fail(Assert.java:99)
at org.testng.Assert.failNotEquals(Assert.java:1037)
at org.testng.Assert.assertTrue(Assert.java:45)
at com.learning.testcases.DeleteCustomerTest.doValidationUsingJSONObject(DeleteCustomerTest.java:51)
at com.learning.testcases.DeleteCustomerTest.validateDeleteCustomerAPI(DeleteCustomerTest.java:37)
at sun.reflect.GeneratedMethodAccessor250.invoke(Unknown Source)
at sun.reflect.DelegatingMethodAccessorImpl.invoke(DelegatingMethodAccessorImpl.java:43)
at java.lang.reflect.Method.invoke(Method.java:498)
at org.testng.internal.MethodInvocationHelper.invokeMethod(MethodInvocationHelper.java:132)
at org.testng.internal.TestInvoker.invokeMethod(TestInvoker.java:599)
at org.testng.internal.TestInvoker.invokeTestMethod(TestInvoker.java:174)
at org.testng.internal.TestMethodWithDataProviderMethodWorker.call(TestMethodWithDataProviderMethodWorker.java:77)
at org.testng.internal.TestMethodWithDataProviderMethodWorker.call(TestMethodWithDataProviderMethodWorker.java:15)
at java.util.concurrent.FutureTask.run(FutureTask.java:266)
at java.util.concurrent.Executors$RunnableAdapter.call(Executors.java:511)
at java.util.concurrent.FutureTask.run(FutureTask.java:266)
at java.util.concurrent.ThreadPoolExecutor.runWorker(ThreadPoolExecutor.java:1149)
at java.util.concurrent.ThreadPoolExecutor$Worker.run(ThreadPoolExecutor.java:624)
at java.lang.Thread.run(Thread.java:748)
]]>
    </failure>
  </testcase> <!-- validateDeleteCustomerAPI -->
  <system-out/>
  <testcase name="validateDeleteCustomerAPI" time="1.391" classname="com.learning.testcases.DeleteCustomerTest">
    <failure type="java.lang.AssertionError" message="Response doesn&#039;t have ID as a field expected [true] but found [false]">
      <![CDATA[java.lang.AssertionError: Response doesn't have ID as a field expected [true] but found [false]
at org.testng.Assert.fail(Assert.java:99)
at org.testng.Assert.failNotEquals(Assert.java:1037)
at org.testng.Assert.assertTrue(Assert.java:45)
at com.learning.testcases.DeleteCustomerTest.doValidationUsingJSONObject(DeleteCustomerTest.java:51)
at com.learning.testcases.DeleteCustomerTest.validateDeleteCustomerAPI(DeleteCustomerTest.java:37)
at sun.reflect.GeneratedMethodAccessor250.invoke(Unknown Source)
at sun.reflect.DelegatingMethodAccessorImpl.invoke(DelegatingMethodAccessorImpl.java:43)
at java.lang.reflect.Method.invoke(Method.java:498)
at org.testng.internal.MethodInvocationHelper.invokeMethod(MethodInvocationHelper.java:132)
at org.testng.internal.TestInvoker.invokeMethod(TestInvoker.java:599)
at org.testng.internal.TestInvoker.invokeTestMethod(TestInvoker.java:174)
at org.testng.internal.TestMethodWithDataProviderMethodWorker.call(TestMethodWithDataProviderMethodWorker.java:77)
at org.testng.internal.TestMethodWithDataProviderMethodWorker.call(TestMethodWithDataProviderMethodWorker.java:15)
at java.util.concurrent.FutureTask.run(FutureTask.java:266)
at java.util.concurrent.Executors$RunnableAdapter.call(Executors.java:511)
at java.util.concurrent.FutureTask.run(FutureTask.java:266)
at java.util.concurrent.ThreadPoolExecutor.runWorker(ThreadPoolExecutor.java:1149)
at java.util.concurrent.ThreadPoolExecutor$Worker.run(ThreadPoolExecutor.java:624)
at java.lang.Thread.run(Thread.java:748)
]]>
    </failure>
  </testcase> <!-- validateDeleteCustomerAPI -->
  <system-out/>
  <testcase name="validateDeleteCustomerAPI" time="1.357" classname="com.learning.testcases.DeleteCustomerTest">
    <failure type="java.lang.AssertionError" message="Response doesn&#039;t have ID as a field expected [true] but found [false]">
      <![CDATA[java.lang.AssertionError: Response doesn't have ID as a field expected [true] but found [false]
at org.testng.Assert.fail(Assert.java:99)
at org.testng.Assert.failNotEquals(Assert.java:1037)
at org.testng.Assert.assertTrue(Assert.java:45)
at com.learning.testcases.DeleteCustomerTest.doValidationUsingJSONObject(DeleteCustomerTest.java:51)
at com.learning.testcases.DeleteCustomerTest.validateDeleteCustomerAPI(DeleteCustomerTest.java:37)
at sun.reflect.GeneratedMethodAccessor250.invoke(Unknown Source)
at sun.reflect.DelegatingMethodAccessorImpl.invoke(DelegatingMethodAccessorImpl.java:43)
at java.lang.reflect.Method.invoke(Method.java:498)
at org.testng.internal.MethodInvocationHelper.invokeMethod(MethodInvocationHelper.java:132)
at org.testng.internal.TestInvoker.invokeMethod(TestInvoker.java:599)
at org.testng.internal.TestInvoker.invokeTestMethod(TestInvoker.java:174)
at org.testng.internal.TestMethodWithDataProviderMethodWorker.call(TestMethodWithDataProviderMethodWorker.java:77)
at org.testng.internal.TestMethodWithDataProviderMethodWorker.call(TestMethodWithDataProviderMethodWorker.java:15)
at java.util.concurrent.FutureTask.run(FutureTask.java:266)
at java.util.concurrent.Executors$RunnableAdapter.call(Executors.java:511)
at java.util.concurrent.FutureTask.run(FutureTask.java:266)
at java.util.concurrent.ThreadPoolExecutor.runWorker(ThreadPoolExecutor.java:1149)
at java.util.concurrent.ThreadPoolExecutor$Worker.run(ThreadPoolExecutor.java:624)
at java.lang.Thread.run(Thread.java:748)
]]>
    </failure>
  </testcase> <!-- validateDeleteCustomerAPI -->
  <system-out/>
  <testcase name="validateDeleteCustomerAPI" time="1.414" classname="com.learning.testcases.DeleteCustomerTest">
    <failure type="java.lang.AssertionError" message="Response doesn&#039;t have ID as a field expected [true] but found [false]">
      <![CDATA[java.lang.AssertionError: Response doesn't have ID as a field expected [true] but found [false]
at org.testng.Assert.fail(Assert.java:99)
at org.testng.Assert.failNotEquals(Assert.java:1037)
at org.testng.Assert.assertTrue(Assert.java:45)
at com.learning.testcases.DeleteCustomerTest.doValidationUsingJSONObject(DeleteCustomerTest.java:51)
at com.learning.testcases.DeleteCustomerTest.validateDeleteCustomerAPI(DeleteCustomerTest.java:37)
at sun.reflect.GeneratedMethodAccessor250.invoke(Unknown Source)
at sun.reflect.DelegatingMethodAccessorImpl.invoke(DelegatingMethodAccessorImpl.java:43)
at java.lang.reflect.Method.invoke(Method.java:498)
at org.testng.internal.MethodInvocationHelper.invokeMethod(MethodInvocationHelper.java:132)
at org.testng.internal.TestInvoker.invokeMethod(TestInvoker.java:599)
at org.testng.internal.TestInvoker.invokeTestMethod(TestInvoker.java:174)
at org.testng.internal.TestMethodWithDataProviderMethodWorker.call(TestMethodWithDataProviderMethodWorker.java:77)
at org.testng.internal.TestMethodWithDataProviderMethodWorker.call(TestMethodWithDataProviderMethodWorker.java:15)
at java.util.concurrent.FutureTask.run(FutureTask.java:266)
at java.util.concurrent.Executors$RunnableAdapter.call(Executors.java:511)
at java.util.concurrent.FutureTask.run(FutureTask.java:266)
at java.util.concurrent.ThreadPoolExecutor.runWorker(ThreadPoolExecutor.java:1149)
at java.util.concurrent.ThreadPoolExecutor$Worker.run(ThreadPoolExecutor.java:624)
at java.lang.Thread.run(Thread.java:748)
]]>
    </failure>
  </testcase> <!-- validateDeleteCustomerAPI -->
  <system-out/>
  <testcase name="validateDeleteCustomerAPI" time="1.460" classname="com.learning.testcases.DeleteCustomerTest">
    <failure type="java.lang.AssertionError" message="Response doesn&#039;t have ID as a field expected [true] but found [false]">
      <![CDATA[java.lang.AssertionError: Response doesn't have ID as a field expected [true] but found [false]
at org.testng.Assert.fail(Assert.java:99)
at org.testng.Assert.failNotEquals(Assert.java:1037)
at org.testng.Assert.assertTrue(Assert.java:45)
at com.learning.testcases.DeleteCustomerTest.doValidationUsingJSONObject(DeleteCustomerTest.java:51)
at com.learning.testcases.DeleteCustomerTest.validateDeleteCustomerAPI(DeleteCustomerTest.java:37)
at sun.reflect.GeneratedMethodAccessor250.invoke(Unknown Source)
at sun.reflect.DelegatingMethodAccessorImpl.invoke(DelegatingMethodAccessorImpl.java:43)
at java.lang.reflect.Method.invoke(Method.java:498)
at org.testng.internal.MethodInvocationHelper.invokeMethod(MethodInvocationHelper.java:132)
at org.testng.internal.TestInvoker.invokeMethod(TestInvoker.java:599)
at org.testng.internal.TestInvoker.invokeTestMethod(TestInvoker.java:174)
at org.testng.internal.TestMethodWithDataProviderMethodWorker.call(TestMethodWithDataProviderMethodWorker.java:77)
at org.testng.internal.TestMethodWithDataProviderMethodWorker.call(TestMethodWithDataProviderMethodWorker.java:15)
at java.util.concurrent.FutureTask.run(FutureTask.java:266)
at java.util.concurrent.Executors$RunnableAdapter.call(Executors.java:511)
at java.util.concurrent.FutureTask.run(FutureTask.java:266)
at java.util.concurrent.ThreadPoolExecutor.runWorker(ThreadPoolExecutor.java:1149)
at java.util.concurrent.ThreadPoolExecutor$Worker.run(ThreadPoolExecutor.java:624)
at java.lang.Thread.run(Thread.java:748)
]]>
    </failure>
  </testcase> <!-- validateDeleteCustomerAPI -->
  <system-out/>
  <testcase name="validateDeleteCustomerAPI" time="1.375" classname="com.learning.testcases.DeleteCustomerTest">
    <failure type="java.lang.AssertionError" message="Response doesn&#039;t have ID as a field expected [true] but found [false]">
      <![CDATA[java.lang.AssertionError: Response doesn't have ID as a field expected [true] but found [false]
at org.testng.Assert.fail(Assert.java:99)
at org.testng.Assert.failNotEquals(Assert.java:1037)
at org.testng.Assert.assertTrue(Assert.java:45)
at com.learning.testcases.DeleteCustomerTest.doValidationUsingJSONObject(DeleteCustomerTest.java:51)
at com.learning.testcases.DeleteCustomerTest.validateDeleteCustomerAPI(DeleteCustomerTest.java:37)
at sun.reflect.GeneratedMethodAccessor250.invoke(Unknown Source)
at sun.reflect.DelegatingMethodAccessorImpl.invoke(DelegatingMethodAccessorImpl.java:43)
at java.lang.reflect.Method.invoke(Method.java:498)
at org.testng.internal.MethodInvocationHelper.invokeMethod(MethodInvocationHelper.java:132)
at org.testng.internal.TestInvoker.invokeMethod(TestInvoker.java:599)
at org.testng.internal.TestInvoker.invokeTestMethod(TestInvoker.java:174)
at org.testng.internal.TestMethodWithDataProviderMethodWorker.call(TestMethodWithDataProviderMethodWorker.java:77)
at org.testng.internal.TestMethodWithDataProviderMethodWorker.call(TestMethodWithDataProviderMethodWorker.java:15)
at java.util.concurrent.FutureTask.run(FutureTask.java:266)
at java.util.concurrent.Executors$RunnableAdapter.call(Executors.java:511)
at java.util.concurrent.FutureTask.run(FutureTask.java:266)
at java.util.concurrent.ThreadPoolExecutor.runWorker(ThreadPoolExecutor.java:1149)
at java.util.concurrent.ThreadPoolExecutor$Worker.run(ThreadPoolExecutor.java:624)
at java.lang.Thread.run(Thread.java:748)
]]>
    </failure>
  </testcase> <!-- validateDeleteCustomerAPI -->
  <system-out/>
  <testcase name="validateDeleteCustomerAPI" time="1.394" classname="com.learning.testcases.DeleteCustomerTest">
    <failure type="java.lang.AssertionError" message="Response doesn&#039;t have ID as a field expected [true] but found [false]">
      <![CDATA[java.lang.AssertionError: Response doesn't have ID as a field expected [true] but found [false]
at org.testng.Assert.fail(Assert.java:99)
at org.testng.Assert.failNotEquals(Assert.java:1037)
at org.testng.Assert.assertTrue(Assert.java:45)
at com.learning.testcases.DeleteCustomerTest.doValidationUsingJSONObject(DeleteCustomerTest.java:51)
at com.learning.testcases.DeleteCustomerTest.validateDeleteCustomerAPI(DeleteCustomerTest.java:37)
at sun.reflect.GeneratedMethodAccessor250.invoke(Unknown Source)
at sun.reflect.DelegatingMethodAccessorImpl.invoke(DelegatingMethodAccessorImpl.java:43)
at java.lang.reflect.Method.invoke(Method.java:498)
at org.testng.internal.MethodInvocationHelper.invokeMethod(MethodInvocationHelper.java:132)
at org.testng.internal.TestInvoker.invokeMethod(TestInvoker.java:599)
at org.testng.internal.TestInvoker.invokeTestMethod(TestInvoker.java:174)
at org.testng.internal.TestMethodWithDataProviderMethodWorker.call(TestMethodWithDataProviderMethodWorker.java:77)
at org.testng.internal.TestMethodWithDataProviderMethodWorker.call(TestMethodWithDataProviderMethodWorker.java:15)
at java.util.concurrent.FutureTask.run(FutureTask.java:266)
at java.util.concurrent.Executors$RunnableAdapter.call(Executors.java:511)
at java.util.concurrent.FutureTask.run(FutureTask.java:266)
at java.util.concurrent.ThreadPoolExecutor.runWorker(ThreadPoolExecutor.java:1149)
at java.util.concurrent.ThreadPoolExecutor$Worker.run(ThreadPoolExecutor.java:624)
at java.lang.Thread.run(Thread.java:748)
]]>
    </failure>
  </testcase> <!-- validateDeleteCustomerAPI -->
  <system-out/>
  <testcase name="validateDeleteCustomerAPI" time="1.437" classname="com.learning.testcases.DeleteCustomerTest">
    <failure type="java.lang.AssertionError" message="Response doesn&#039;t have ID as a field expected [true] but found [false]">
      <![CDATA[java.lang.AssertionError: Response doesn't have ID as a field expected [true] but found [false]
at org.testng.Assert.fail(Assert.java:99)
at org.testng.Assert.failNotEquals(Assert.java:1037)
at org.testng.Assert.assertTrue(Assert.java:45)
at com.learning.testcases.DeleteCustomerTest.doValidationUsingJSONObject(DeleteCustomerTest.java:51)
at com.learning.testcases.DeleteCustomerTest.validateDeleteCustomerAPI(DeleteCustomerTest.java:37)
at sun.reflect.GeneratedMethodAccessor250.invoke(Unknown Source)
at sun.reflect.DelegatingMethodAccessorImpl.invoke(DelegatingMethodAccessorImpl.java:43)
at java.lang.reflect.Method.invoke(Method.java:498)
at org.testng.internal.MethodInvocationHelper.invokeMethod(MethodInvocationHelper.java:132)
at org.testng.internal.TestInvoker.invokeMethod(TestInvoker.java:599)
at org.testng.internal.TestInvoker.invokeTestMethod(TestInvoker.java:174)
at org.testng.internal.TestMethodWithDataProviderMethodWorker.call(TestMethodWithDataProviderMethodWorker.java:77)
at org.testng.internal.TestMethodWithDataProviderMethodWorker.call(TestMethodWithDataProviderMethodWorker.java:15)
at java.util.concurrent.FutureTask.run(FutureTask.java:266)
at java.util.concurrent.Executors$RunnableAdapter.call(Executors.java:511)
at java.util.concurrent.FutureTask.run(FutureTask.java:266)
at java.util.concurrent.ThreadPoolExecutor.runWorker(ThreadPoolExecutor.java:1149)
at java.util.concurrent.ThreadPoolExecutor$Worker.run(ThreadPoolExecutor.java:624)
at java.lang.Thread.run(Thread.java:748)
]]>
    </failure>
  </testcase> <!-- validateDeleteCustomerAPI -->
  <system-out/>
  <testcase name="validateDeleteCustomerAPI" time="1.341" classname="com.learning.testcases.DeleteCustomerTest">
    <failure type="java.lang.AssertionError" message="Response doesn&#039;t have ID as a field expected [true] but found [false]">
      <![CDATA[java.lang.AssertionError: Response doesn't have ID as a field expected [true] but found [false]
at org.testng.Assert.fail(Assert.java:99)
at org.testng.Assert.failNotEquals(Assert.java:1037)
at org.testng.Assert.assertTrue(Assert.java:45)
at com.learning.testcases.DeleteCustomerTest.doValidationUsingJSONObject(DeleteCustomerTest.java:51)
at com.learning.testcases.DeleteCustomerTest.validateDeleteCustomerAPI(DeleteCustomerTest.java:37)
at sun.reflect.GeneratedMethodAccessor250.invoke(Unknown Source)
at sun.reflect.DelegatingMethodAccessorImpl.invoke(DelegatingMethodAccessorImpl.java:43)
at java.lang.reflect.Method.invoke(Method.java:498)
at org.testng.internal.MethodInvocationHelper.invokeMethod(MethodInvocationHelper.java:132)
at org.testng.internal.TestInvoker.invokeMethod(TestInvoker.java:599)
at org.testng.internal.TestInvoker.invokeTestMethod(TestInvoker.java:174)
at org.testng.internal.TestMethodWithDataProviderMethodWorker.call(TestMethodWithDataProviderMethodWorker.java:77)
at org.testng.internal.TestMethodWithDataProviderMethodWorker.call(TestMethodWithDataProviderMethodWorker.java:15)
at java.util.concurrent.FutureTask.run(FutureTask.java:266)
at java.util.concurrent.Executors$RunnableAdapter.call(Executors.java:511)
at java.util.concurrent.FutureTask.run(FutureTask.java:266)
at java.util.concurrent.ThreadPoolExecutor.runWorker(ThreadPoolExecutor.java:1149)
at java.util.concurrent.ThreadPoolExecutor$Worker.run(ThreadPoolExecutor.java:624)
at java.lang.Thread.run(Thread.java:748)
]]>
    </failure>
  </testcase> <!-- validateDeleteCustomerAPI -->
  <system-out/>
  <testcase name="validateDeleteCustomerAPI" time="1.372" classname="com.learning.testcases.DeleteCustomerTest">
    <failure type="java.lang.AssertionError" message="Response doesn&#039;t have ID as a field expected [true] but found [false]">
      <![CDATA[java.lang.AssertionError: Response doesn't have ID as a field expected [true] but found [false]
at org.testng.Assert.fail(Assert.java:99)
at org.testng.Assert.failNotEquals(Assert.java:1037)
at org.testng.Assert.assertTrue(Assert.java:45)
at com.learning.testcases.DeleteCustomerTest.doValidationUsingJSONObject(DeleteCustomerTest.java:51)
at com.learning.testcases.DeleteCustomerTest.validateDeleteCustomerAPI(DeleteCustomerTest.java:37)
at sun.reflect.GeneratedMethodAccessor250.invoke(Unknown Source)
at sun.reflect.DelegatingMethodAccessorImpl.invoke(DelegatingMethodAccessorImpl.java:43)
at java.lang.reflect.Method.invoke(Method.java:498)
at org.testng.internal.MethodInvocationHelper.invokeMethod(MethodInvocationHelper.java:132)
at org.testng.internal.TestInvoker.invokeMethod(TestInvoker.java:599)
at org.testng.internal.TestInvoker.invokeTestMethod(TestInvoker.java:174)
at org.testng.internal.TestMethodWithDataProviderMethodWorker.call(TestMethodWithDataProviderMethodWorker.java:77)
at org.testng.internal.TestMethodWithDataProviderMethodWorker.call(TestMethodWithDataProviderMethodWorker.java:15)
at java.util.concurrent.FutureTask.run(FutureTask.java:266)
at java.util.concurrent.Executors$RunnableAdapter.call(Executors.java:511)
at java.util.concurrent.FutureTask.run(FutureTask.java:266)
at java.util.concurrent.ThreadPoolExecutor.runWorker(ThreadPoolExecutor.java:1149)
at java.util.concurrent.ThreadPoolExecutor$Worker.run(ThreadPoolExecutor.java:624)
at java.lang.Thread.run(Thread.java:748)
]]>
    </failure>
  </testcase> <!-- validateDeleteCustomerAPI -->
  <system-out/>
  <testcase name="validateDeleteCustomerAPI" time="1.397" classname="com.learning.testcases.DeleteCustomerTest">
    <failure type="java.lang.AssertionError" message="Response doesn&#039;t have ID as a field expected [true] but found [false]">
      <![CDATA[java.lang.AssertionError: Response doesn't have ID as a field expected [true] but found [false]
at org.testng.Assert.fail(Assert.java:99)
at org.testng.Assert.failNotEquals(Assert.java:1037)
at org.testng.Assert.assertTrue(Assert.java:45)
at com.learning.testcases.DeleteCustomerTest.doValidationUsingJSONObject(DeleteCustomerTest.java:51)
at com.learning.testcases.DeleteCustomerTest.validateDeleteCustomerAPI(DeleteCustomerTest.java:37)
at sun.reflect.GeneratedMethodAccessor250.invoke(Unknown Source)
at sun.reflect.DelegatingMethodAccessorImpl.invoke(DelegatingMethodAccessorImpl.java:43)
at java.lang.reflect.Method.invoke(Method.java:498)
at org.testng.internal.MethodInvocationHelper.invokeMethod(MethodInvocationHelper.java:132)
at org.testng.internal.TestInvoker.invokeMethod(TestInvoker.java:599)
at org.testng.internal.TestInvoker.invokeTestMethod(TestInvoker.java:174)
at org.testng.internal.TestMethodWithDataProviderMethodWorker.call(TestMethodWithDataProviderMethodWorker.java:77)
at org.testng.internal.TestMethodWithDataProviderMethodWorker.call(TestMethodWithDataProviderMethodWorker.java:15)
at java.util.concurrent.FutureTask.run(FutureTask.java:266)
at java.util.concurrent.Executors$RunnableAdapter.call(Executors.java:511)
at java.util.concurrent.FutureTask.run(FutureTask.java:266)
at java.util.concurrent.ThreadPoolExecutor.runWorker(ThreadPoolExecutor.java:1149)
at java.util.concurrent.ThreadPoolExecutor$Worker.run(ThreadPoolExecutor.java:624)
at java.lang.Thread.run(Thread.java:748)
]]>
    </failure>
  </testcase> <!-- validateDeleteCustomerAPI -->
  <system-out/>
  <testcase name="validateDeleteCustomerAPI" time="1.523" classname="com.learning.testcases.DeleteCustomerTest">
    <failure type="java.lang.AssertionError" message="Response doesn&#039;t have ID as a field expected [true] but found [false]">
      <![CDATA[java.lang.AssertionError: Response doesn't have ID as a field expected [true] but found [false]
at org.testng.Assert.fail(Assert.java:99)
at org.testng.Assert.failNotEquals(Assert.java:1037)
at org.testng.Assert.assertTrue(Assert.java:45)
at com.learning.testcases.DeleteCustomerTest.doValidationUsingJSONObject(DeleteCustomerTest.java:51)
at com.learning.testcases.DeleteCustomerTest.validateDeleteCustomerAPI(DeleteCustomerTest.java:37)
at sun.reflect.GeneratedMethodAccessor250.invoke(Unknown Source)
at sun.reflect.DelegatingMethodAccessorImpl.invoke(DelegatingMethodAccessorImpl.java:43)
at java.lang.reflect.Method.invoke(Method.java:498)
at org.testng.internal.MethodInvocationHelper.invokeMethod(MethodInvocationHelper.java:132)
at org.testng.internal.TestInvoker.invokeMethod(TestInvoker.java:599)
at org.testng.internal.TestInvoker.invokeTestMethod(TestInvoker.java:174)
at org.testng.internal.TestMethodWithDataProviderMethodWorker.call(TestMethodWithDataProviderMethodWorker.java:77)
at org.testng.internal.TestMethodWithDataProviderMethodWorker.call(TestMethodWithDataProviderMethodWorker.java:15)
at java.util.concurrent.FutureTask.run(FutureTask.java:266)
at java.util.concurrent.Executors$RunnableAdapter.call(Executors.java:511)
at java.util.concurrent.FutureTask.run(FutureTask.java:266)
at java.util.concurrent.ThreadPoolExecutor.runWorker(ThreadPoolExecutor.java:1149)
at java.util.concurrent.ThreadPoolExecutor$Worker.run(ThreadPoolExecutor.java:624)
at java.lang.Thread.run(Thread.java:748)
]]>
    </failure>
  </testcase> <!-- validateDeleteCustomerAPI -->
  <system-out/>
  <testcase name="validateDeleteCustomerAPI" time="1.397" classname="com.learning.testcases.DeleteCustomerTest">
    <failure type="java.lang.AssertionError" message="Response doesn&#039;t have ID as a field expected [true] but found [false]">
      <![CDATA[java.lang.AssertionError: Response doesn't have ID as a field expected [true] but found [false]
at org.testng.Assert.fail(Assert.java:99)
at org.testng.Assert.failNotEquals(Assert.java:1037)
at org.testng.Assert.assertTrue(Assert.java:45)
at com.learning.testcases.DeleteCustomerTest.doValidationUsingJSONObject(DeleteCustomerTest.java:51)
at com.learning.testcases.DeleteCustomerTest.validateDeleteCustomerAPI(DeleteCustomerTest.java:37)
at sun.reflect.GeneratedMethodAccessor250.invoke(Unknown Source)
at sun.reflect.DelegatingMethodAccessorImpl.invoke(DelegatingMethodAccessorImpl.java:43)
at java.lang.reflect.Method.invoke(Method.java:498)
at org.testng.internal.MethodInvocationHelper.invokeMethod(MethodInvocationHelper.java:132)
at org.testng.internal.TestInvoker.invokeMethod(TestInvoker.java:599)
at org.testng.internal.TestInvoker.invokeTestMethod(TestInvoker.java:174)
at org.testng.internal.TestMethodWithDataProviderMethodWorker.call(TestMethodWithDataProviderMethodWorker.java:77)
at org.testng.internal.TestMethodWithDataProviderMethodWorker.call(TestMethodWithDataProviderMethodWorker.java:15)
at java.util.concurrent.FutureTask.run(FutureTask.java:266)
at java.util.concurrent.Executors$RunnableAdapter.call(Executors.java:511)
at java.util.concurrent.FutureTask.run(FutureTask.java:266)
at java.util.concurrent.ThreadPoolExecutor.runWorker(ThreadPoolExecutor.java:1149)
at java.util.concurrent.ThreadPoolExecutor$Worker.run(ThreadPoolExecutor.java:624)
at java.lang.Thread.run(Thread.java:748)
]]>
    </failure>
  </testcase> <!-- validateDeleteCustomerAPI -->
  <system-out/>
  <testcase name="validateDeleteCustomerAPI" time="1.417" classname="com.learning.testcases.DeleteCustomerTest">
    <failure type="java.lang.AssertionError" message="Response doesn&#039;t have ID as a field expected [true] but found [false]">
      <![CDATA[java.lang.AssertionError: Response doesn't have ID as a field expected [true] but found [false]
at org.testng.Assert.fail(Assert.java:99)
at org.testng.Assert.failNotEquals(Assert.java:1037)
at org.testng.Assert.assertTrue(Assert.java:45)
at com.learning.testcases.DeleteCustomerTest.doValidationUsingJSONObject(DeleteCustomerTest.java:51)
at com.learning.testcases.DeleteCustomerTest.validateDeleteCustomerAPI(DeleteCustomerTest.java:37)
at sun.reflect.GeneratedMethodAccessor250.invoke(Unknown Source)
at sun.reflect.DelegatingMethodAccessorImpl.invoke(DelegatingMethodAccessorImpl.java:43)
at java.lang.reflect.Method.invoke(Method.java:498)
at org.testng.internal.MethodInvocationHelper.invokeMethod(MethodInvocationHelper.java:132)
at org.testng.internal.TestInvoker.invokeMethod(TestInvoker.java:599)
at org.testng.internal.TestInvoker.invokeTestMethod(TestInvoker.java:174)
at org.testng.internal.TestMethodWithDataProviderMethodWorker.call(TestMethodWithDataProviderMethodWorker.java:77)
at org.testng.internal.TestMethodWithDataProviderMethodWorker.call(TestMethodWithDataProviderMethodWorker.java:15)
at java.util.concurrent.FutureTask.run(FutureTask.java:266)
at java.util.concurrent.Executors$RunnableAdapter.call(Executors.java:511)
at java.util.concurrent.FutureTask.run(FutureTask.java:266)
at java.util.concurrent.ThreadPoolExecutor.runWorker(ThreadPoolExecutor.java:1149)
at java.util.concurrent.ThreadPoolExecutor$Worker.run(ThreadPoolExecutor.java:624)
at java.lang.Thread.run(Thread.java:748)
]]>
    </failure>
  </testcase> <!-- validateDeleteCustomerAPI -->
  <system-out/>
  <testcase name="validateDeleteCustomerAPI" time="1.431" classname="com.learning.testcases.DeleteCustomerTest">
    <failure type="java.lang.AssertionError" message="Response doesn&#039;t have ID as a field expected [true] but found [false]">
      <![CDATA[java.lang.AssertionError: Response doesn't have ID as a field expected [true] but found [false]
at org.testng.Assert.fail(Assert.java:99)
at org.testng.Assert.failNotEquals(Assert.java:1037)
at org.testng.Assert.assertTrue(Assert.java:45)
at com.learning.testcases.DeleteCustomerTest.doValidationUsingJSONObject(DeleteCustomerTest.java:51)
at com.learning.testcases.DeleteCustomerTest.validateDeleteCustomerAPI(DeleteCustomerTest.java:37)
at sun.reflect.GeneratedMethodAccessor250.invoke(Unknown Source)
at sun.reflect.DelegatingMethodAccessorImpl.invoke(DelegatingMethodAccessorImpl.java:43)
at java.lang.reflect.Method.invoke(Method.java:498)
at org.testng.internal.MethodInvocationHelper.invokeMethod(MethodInvocationHelper.java:132)
at org.testng.internal.TestInvoker.invokeMethod(TestInvoker.java:599)
at org.testng.internal.TestInvoker.invokeTestMethod(TestInvoker.java:174)
at org.testng.internal.TestMethodWithDataProviderMethodWorker.call(TestMethodWithDataProviderMethodWorker.java:77)
at org.testng.internal.TestMethodWithDataProviderMethodWorker.call(TestMethodWithDataProviderMethodWorker.java:15)
at java.util.concurrent.FutureTask.run(FutureTask.java:266)
at java.util.concurrent.Executors$RunnableAdapter.call(Executors.java:511)
at java.util.concurrent.FutureTask.run(FutureTask.java:266)
at java.util.concurrent.ThreadPoolExecutor.runWorker(ThreadPoolExecutor.java:1149)
at java.util.concurrent.ThreadPoolExecutor$Worker.run(ThreadPoolExecutor.java:624)
at java.lang.Thread.run(Thread.java:748)
]]>
    </failure>
  </testcase> <!-- validateDeleteCustomerAPI -->
  <system-out/>
  <testcase name="validateDeleteCustomerAPI" time="1.460" classname="com.learning.testcases.DeleteCustomerTest">
    <failure type="java.lang.AssertionError" message="Response doesn&#039;t have ID as a field expected [true] but found [false]">
      <![CDATA[java.lang.AssertionError: Response doesn't have ID as a field expected [true] but found [false]
at org.testng.Assert.fail(Assert.java:99)
at org.testng.Assert.failNotEquals(Assert.java:1037)
at org.testng.Assert.assertTrue(Assert.java:45)
at com.learning.testcases.DeleteCustomerTest.doValidationUsingJSONObject(DeleteCustomerTest.java:51)
at com.learning.testcases.DeleteCustomerTest.validateDeleteCustomerAPI(DeleteCustomerTest.java:37)
at sun.reflect.GeneratedMethodAccessor250.invoke(Unknown Source)
at sun.reflect.DelegatingMethodAccessorImpl.invoke(DelegatingMethodAccessorImpl.java:43)
at java.lang.reflect.Method.invoke(Method.java:498)
at org.testng.internal.MethodInvocationHelper.invokeMethod(MethodInvocationHelper.java:132)
at org.testng.internal.TestInvoker.invokeMethod(TestInvoker.java:599)
at org.testng.internal.TestInvoker.invokeTestMethod(TestInvoker.java:174)
at org.testng.internal.TestMethodWithDataProviderMethodWorker.call(TestMethodWithDataProviderMethodWorker.java:77)
at org.testng.internal.TestMethodWithDataProviderMethodWorker.call(TestMethodWithDataProviderMethodWorker.java:15)
at java.util.concurrent.FutureTask.run(FutureTask.java:266)
at java.util.concurrent.Executors$RunnableAdapter.call(Executors.java:511)
at java.util.concurrent.FutureTask.run(FutureTask.java:266)
at java.util.concurrent.ThreadPoolExecutor.runWorker(ThreadPoolExecutor.java:1149)
at java.util.concurrent.ThreadPoolExecutor$Worker.run(ThreadPoolExecutor.java:624)
at java.lang.Thread.run(Thread.java:748)
]]>
    </failure>
  </testcase> <!-- validateDeleteCustomerAPI -->
  <system-out/>
  <testcase name="validateDeleteCustomerAPI" time="1.427" classname="com.learning.testcases.DeleteCustomerTest">
    <failure type="java.lang.AssertionError" message="Response doesn&#039;t have ID as a field expected [true] but found [false]">
      <![CDATA[java.lang.AssertionError: Response doesn't have ID as a field expected [true] but found [false]
at org.testng.Assert.fail(Assert.java:99)
at org.testng.Assert.failNotEquals(Assert.java:1037)
at org.testng.Assert.assertTrue(Assert.java:45)
at com.learning.testcases.DeleteCustomerTest.doValidationUsingJSONObject(DeleteCustomerTest.java:51)
at com.learning.testcases.DeleteCustomerTest.validateDeleteCustomerAPI(DeleteCustomerTest.java:37)
at sun.reflect.GeneratedMethodAccessor250.invoke(Unknown Source)
at sun.reflect.DelegatingMethodAccessorImpl.invoke(DelegatingMethodAccessorImpl.java:43)
at java.lang.reflect.Method.invoke(Method.java:498)
at org.testng.internal.MethodInvocationHelper.invokeMethod(MethodInvocationHelper.java:132)
at org.testng.internal.TestInvoker.invokeMethod(TestInvoker.java:599)
at org.testng.internal.TestInvoker.invokeTestMethod(TestInvoker.java:174)
at org.testng.internal.TestMethodWithDataProviderMethodWorker.call(TestMethodWithDataProviderMethodWorker.java:77)
at org.testng.internal.TestMethodWithDataProviderMethodWorker.call(TestMethodWithDataProviderMethodWorker.java:15)
at java.util.concurrent.FutureTask.run(FutureTask.java:266)
at java.util.concurrent.Executors$RunnableAdapter.call(Executors.java:511)
at java.util.concurrent.FutureTask.run(FutureTask.java:266)
at java.util.concurrent.ThreadPoolExecutor.runWorker(ThreadPoolExecutor.java:1149)
at java.util.concurrent.ThreadPoolExecutor$Worker.run(ThreadPoolExecutor.java:624)
at java.lang.Thread.run(Thread.java:748)
]]>
    </failure>
  </testcase> <!-- validateDeleteCustomerAPI -->
  <system-out/>
  <testcase name="validateDeleteCustomerAPI" time="1.482" classname="com.learning.testcases.DeleteCustomerTest">
    <failure type="java.lang.AssertionError" message="Response doesn&#039;t have ID as a field expected [true] but found [false]">
      <![CDATA[java.lang.AssertionError: Response doesn't have ID as a field expected [true] but found [false]
at org.testng.Assert.fail(Assert.java:99)
at org.testng.Assert.failNotEquals(Assert.java:1037)
at org.testng.Assert.assertTrue(Assert.java:45)
at com.learning.testcases.DeleteCustomerTest.doValidationUsingJSONObject(DeleteCustomerTest.java:51)
at com.learning.testcases.DeleteCustomerTest.validateDeleteCustomerAPI(DeleteCustomerTest.java:37)
at sun.reflect.GeneratedMethodAccessor250.invoke(Unknown Source)
at sun.reflect.DelegatingMethodAccessorImpl.invoke(DelegatingMethodAccessorImpl.java:43)
at java.lang.reflect.Method.invoke(Method.java:498)
at org.testng.internal.MethodInvocationHelper.invokeMethod(MethodInvocationHelper.java:132)
at org.testng.internal.TestInvoker.invokeMethod(TestInvoker.java:599)
at org.testng.internal.TestInvoker.invokeTestMethod(TestInvoker.java:174)
at org.testng.internal.TestMethodWithDataProviderMethodWorker.call(TestMethodWithDataProviderMethodWorker.java:77)
at org.testng.internal.TestMethodWithDataProviderMethodWorker.call(TestMethodWithDataProviderMethodWorker.java:15)
at java.util.concurrent.FutureTask.run(FutureTask.java:266)
at java.util.concurrent.Executors$RunnableAdapter.call(Executors.java:511)
at java.util.concurrent.FutureTask.run(FutureTask.java:266)
at java.util.concurrent.ThreadPoolExecutor.runWorker(ThreadPoolExecutor.java:1149)
at java.util.concurrent.ThreadPoolExecutor$Worker.run(ThreadPoolExecutor.java:624)
at java.lang.Thread.run(Thread.java:748)
]]>
    </failure>
  </testcase> <!-- validateDeleteCustomerAPI -->
  <system-out/>
  <testcase name="validateDeleteCustomerAPI" time="1.403" classname="com.learning.testcases.DeleteCustomerTest">
    <failure type="java.lang.AssertionError" message="Response doesn&#039;t have ID as a field expected [true] but found [false]">
      <![CDATA[java.lang.AssertionError: Response doesn't have ID as a field expected [true] but found [false]
at org.testng.Assert.fail(Assert.java:99)
at org.testng.Assert.failNotEquals(Assert.java:1037)
at org.testng.Assert.assertTrue(Assert.java:45)
at com.learning.testcases.DeleteCustomerTest.doValidationUsingJSONObject(DeleteCustomerTest.java:51)
at com.learning.testcases.DeleteCustomerTest.validateDeleteCustomerAPI(DeleteCustomerTest.java:37)
at sun.reflect.GeneratedMethodAccessor250.invoke(Unknown Source)
at sun.reflect.DelegatingMethodAccessorImpl.invoke(DelegatingMethodAccessorImpl.java:43)
at java.lang.reflect.Method.invoke(Method.java:498)
at org.testng.internal.MethodInvocationHelper.invokeMethod(MethodInvocationHelper.java:132)
at org.testng.internal.TestInvoker.invokeMethod(TestInvoker.java:599)
at org.testng.internal.TestInvoker.invokeTestMethod(TestInvoker.java:174)
at org.testng.internal.TestMethodWithDataProviderMethodWorker.call(TestMethodWithDataProviderMethodWorker.java:77)
at org.testng.internal.TestMethodWithDataProviderMethodWorker.call(TestMethodWithDataProviderMethodWorker.java:15)
at java.util.concurrent.FutureTask.run(FutureTask.java:266)
at java.util.concurrent.Executors$RunnableAdapter.call(Executors.java:511)
at java.util.concurrent.FutureTask.run(FutureTask.java:266)
at java.util.concurrent.ThreadPoolExecutor.runWorker(ThreadPoolExecutor.java:1149)
at java.util.concurrent.ThreadPoolExecutor$Worker.run(ThreadPoolExecutor.java:624)
at java.lang.Thread.run(Thread.java:748)
]]>
    </failure>
  </testcase> <!-- validateDeleteCustomerAPI -->
  <system-out/>
  <testcase name="validateDeleteCustomerAPI" time="1.477" classname="com.learning.testcases.DeleteCustomerTest">
    <failure type="java.lang.AssertionError" message="Response doesn&#039;t have ID as a field expected [true] but found [false]">
      <![CDATA[java.lang.AssertionError: Response doesn't have ID as a field expected [true] but found [false]
at org.testng.Assert.fail(Assert.java:99)
at org.testng.Assert.failNotEquals(Assert.java:1037)
at org.testng.Assert.assertTrue(Assert.java:45)
at com.learning.testcases.DeleteCustomerTest.doValidationUsingJSONObject(DeleteCustomerTest.java:51)
at com.learning.testcases.DeleteCustomerTest.validateDeleteCustomerAPI(DeleteCustomerTest.java:37)
at sun.reflect.GeneratedMethodAccessor250.invoke(Unknown Source)
at sun.reflect.DelegatingMethodAccessorImpl.invoke(DelegatingMethodAccessorImpl.java:43)
at java.lang.reflect.Method.invoke(Method.java:498)
at org.testng.internal.MethodInvocationHelper.invokeMethod(MethodInvocationHelper.java:132)
at org.testng.internal.TestInvoker.invokeMethod(TestInvoker.java:599)
at org.testng.internal.TestInvoker.invokeTestMethod(TestInvoker.java:174)
at org.testng.internal.TestMethodWithDataProviderMethodWorker.call(TestMethodWithDataProviderMethodWorker.java:77)
at org.testng.internal.TestMethodWithDataProviderMethodWorker.call(TestMethodWithDataProviderMethodWorker.java:15)
at java.util.concurrent.FutureTask.run(FutureTask.java:266)
at java.util.concurrent.Executors$RunnableAdapter.call(Executors.java:511)
at java.util.concurrent.FutureTask.run(FutureTask.java:266)
at java.util.concurrent.ThreadPoolExecutor.runWorker(ThreadPoolExecutor.java:1149)
at java.util.concurrent.ThreadPoolExecutor$Worker.run(ThreadPoolExecutor.java:624)
at java.lang.Thread.run(Thread.java:748)
]]>
    </failure>
  </testcase> <!-- validateDeleteCustomerAPI -->
  <system-out/>
  <testcase name="validateDeleteCustomerAPI" time="1.459" classname="com.learning.testcases.DeleteCustomerTest">
    <failure type="java.lang.AssertionError" message="Response doesn&#039;t have ID as a field expected [true] but found [false]">
      <![CDATA[java.lang.AssertionError: Response doesn't have ID as a field expected [true] but found [false]
at org.testng.Assert.fail(Assert.java:99)
at org.testng.Assert.failNotEquals(Assert.java:1037)
at org.testng.Assert.assertTrue(Assert.java:45)
at com.learning.testcases.DeleteCustomerTest.doValidationUsingJSONObject(DeleteCustomerTest.java:51)
at com.learning.testcases.DeleteCustomerTest.validateDeleteCustomerAPI(DeleteCustomerTest.java:37)
at sun.reflect.GeneratedMethodAccessor250.invoke(Unknown Source)
at sun.reflect.DelegatingMethodAccessorImpl.invoke(DelegatingMethodAccessorImpl.java:43)
at java.lang.reflect.Method.invoke(Method.java:498)
at org.testng.internal.MethodInvocationHelper.invokeMethod(MethodInvocationHelper.java:132)
at org.testng.internal.TestInvoker.invokeMethod(TestInvoker.java:599)
at org.testng.internal.TestInvoker.invokeTestMethod(TestInvoker.java:174)
at org.testng.internal.TestMethodWithDataProviderMethodWorker.call(TestMethodWithDataProviderMethodWorker.java:77)
at org.testng.internal.TestMethodWithDataProviderMethodWorker.call(TestMethodWithDataProviderMethodWorker.java:15)
at java.util.concurrent.FutureTask.run(FutureTask.java:266)
at java.util.concurrent.Executors$RunnableAdapter.call(Executors.java:511)
at java.util.concurrent.FutureTask.run(FutureTask.java:266)
at java.util.concurrent.ThreadPoolExecutor.runWorker(ThreadPoolExecutor.java:1149)
at java.util.concurrent.ThreadPoolExecutor$Worker.run(ThreadPoolExecutor.java:624)
at java.lang.Thread.run(Thread.java:748)
]]>
    </failure>
  </testcase> <!-- validateDeleteCustomerAPI -->
  <system-out/>
  <testcase name="validateDeleteCustomerAPI" time="1.380" classname="com.learning.testcases.DeleteCustomerTest">
    <failure type="java.lang.AssertionError" message="Response doesn&#039;t have ID as a field expected [true] but found [false]">
      <![CDATA[java.lang.AssertionError: Response doesn't have ID as a field expected [true] but found [false]
at org.testng.Assert.fail(Assert.java:99)
at org.testng.Assert.failNotEquals(Assert.java:1037)
at org.testng.Assert.assertTrue(Assert.java:45)
at com.learning.testcases.DeleteCustomerTest.doValidationUsingJSONObject(DeleteCustomerTest.java:51)
at com.learning.testcases.DeleteCustomerTest.validateDeleteCustomerAPI(DeleteCustomerTest.java:37)
at sun.reflect.GeneratedMethodAccessor250.invoke(Unknown Source)
at sun.reflect.DelegatingMethodAccessorImpl.invoke(DelegatingMethodAccessorImpl.java:43)
at java.lang.reflect.Method.invoke(Method.java:498)
at org.testng.internal.MethodInvocationHelper.invokeMethod(MethodInvocationHelper.java:132)
at org.testng.internal.TestInvoker.invokeMethod(TestInvoker.java:599)
at org.testng.internal.TestInvoker.invokeTestMethod(TestInvoker.java:174)
at org.testng.internal.TestMethodWithDataProviderMethodWorker.call(TestMethodWithDataProviderMethodWorker.java:77)
at org.testng.internal.TestMethodWithDataProviderMethodWorker.call(TestMethodWithDataProviderMethodWorker.java:15)
at java.util.concurrent.FutureTask.run(FutureTask.java:266)
at java.util.concurrent.Executors$RunnableAdapter.call(Executors.java:511)
at java.util.concurrent.FutureTask.run(FutureTask.java:266)
at java.util.concurrent.ThreadPoolExecutor.runWorker(ThreadPoolExecutor.java:1149)
at java.util.concurrent.ThreadPoolExecutor$Worker.run(ThreadPoolExecutor.java:624)
at java.lang.Thread.run(Thread.java:748)
]]>
    </failure>
  </testcase> <!-- validateDeleteCustomerAPI -->
  <system-out/>
  <testcase name="validateDeleteCustomerAPI" time="1.404" classname="com.learning.testcases.DeleteCustomerTest">
    <failure type="java.lang.AssertionError" message="Response doesn&#039;t have ID as a field expected [true] but found [false]">
      <![CDATA[java.lang.AssertionError: Response doesn't have ID as a field expected [true] but found [false]
at org.testng.Assert.fail(Assert.java:99)
at org.testng.Assert.failNotEquals(Assert.java:1037)
at org.testng.Assert.assertTrue(Assert.java:45)
at com.learning.testcases.DeleteCustomerTest.doValidationUsingJSONObject(DeleteCustomerTest.java:51)
at com.learning.testcases.DeleteCustomerTest.validateDeleteCustomerAPI(DeleteCustomerTest.java:37)
at sun.reflect.GeneratedMethodAccessor250.invoke(Unknown Source)
at sun.reflect.DelegatingMethodAccessorImpl.invoke(DelegatingMethodAccessorImpl.java:43)
at java.lang.reflect.Method.invoke(Method.java:498)
at org.testng.internal.MethodInvocationHelper.invokeMethod(MethodInvocationHelper.java:132)
at org.testng.internal.TestInvoker.invokeMethod(TestInvoker.java:599)
at org.testng.internal.TestInvoker.invokeTestMethod(TestInvoker.java:174)
at org.testng.internal.TestMethodWithDataProviderMethodWorker.call(TestMethodWithDataProviderMethodWorker.java:77)
at org.testng.internal.TestMethodWithDataProviderMethodWorker.call(TestMethodWithDataProviderMethodWorker.java:15)
at java.util.concurrent.FutureTask.run(FutureTask.java:266)
at java.util.concurrent.Executors$RunnableAdapter.call(Executors.java:511)
at java.util.concurrent.FutureTask.run(FutureTask.java:266)
at java.util.concurrent.ThreadPoolExecutor.runWorker(ThreadPoolExecutor.java:1149)
at java.util.concurrent.ThreadPoolExecutor$Worker.run(ThreadPoolExecutor.java:624)
at java.lang.Thread.run(Thread.java:748)
]]>
    </failure>
  </testcase> <!-- validateDeleteCustomerAPI -->
  <system-out/>
  <testcase name="validateDeleteCustomerAPI" time="1.427" classname="com.learning.testcases.DeleteCustomerTest">
    <failure type="java.lang.AssertionError" message="Response doesn&#039;t have ID as a field expected [true] but found [false]">
      <![CDATA[java.lang.AssertionError: Response doesn't have ID as a field expected [true] but found [false]
at org.testng.Assert.fail(Assert.java:99)
at org.testng.Assert.failNotEquals(Assert.java:1037)
at org.testng.Assert.assertTrue(Assert.java:45)
at com.learning.testcases.DeleteCustomerTest.doValidationUsingJSONObject(DeleteCustomerTest.java:51)
at com.learning.testcases.DeleteCustomerTest.validateDeleteCustomerAPI(DeleteCustomerTest.java:37)
at sun.reflect.GeneratedMethodAccessor250.invoke(Unknown Source)
at sun.reflect.DelegatingMethodAccessorImpl.invoke(DelegatingMethodAccessorImpl.java:43)
at java.lang.reflect.Method.invoke(Method.java:498)
at org.testng.internal.MethodInvocationHelper.invokeMethod(MethodInvocationHelper.java:132)
at org.testng.internal.TestInvoker.invokeMethod(TestInvoker.java:599)
at org.testng.internal.TestInvoker.invokeTestMethod(TestInvoker.java:174)
at org.testng.internal.TestMethodWithDataProviderMethodWorker.call(TestMethodWithDataProviderMethodWorker.java:77)
at org.testng.internal.TestMethodWithDataProviderMethodWorker.call(TestMethodWithDataProviderMethodWorker.java:15)
at java.util.concurrent.FutureTask.run(FutureTask.java:266)
at java.util.concurrent.Executors$RunnableAdapter.call(Executors.java:511)
at java.util.concurrent.FutureTask.run(FutureTask.java:266)
at java.util.concurrent.ThreadPoolExecutor.runWorker(ThreadPoolExecutor.java:1149)
at java.util.concurrent.ThreadPoolExecutor$Worker.run(ThreadPoolExecutor.java:624)
at java.lang.Thread.run(Thread.java:748)
]]>
    </failure>
  </testcase> <!-- validateDeleteCustomerAPI -->
  <system-out/>
  <testcase name="validateDeleteCustomerAPI" time="1.476" classname="com.learning.testcases.DeleteCustomerTest"/>
  <system-out/>
  <testcase name="validateDeleteCustomerAPI" time="1.390" classname="com.learning.testcases.DeleteCustomerTest">
    <failure type="java.lang.AssertionError" message="Response doesn&#039;t have ID as a field expected [true] but found [false]">
      <![CDATA[java.lang.AssertionError: Response doesn't have ID as a field expected [true] but found [false]
at org.testng.Assert.fail(Assert.java:99)
at org.testng.Assert.failNotEquals(Assert.java:1037)
at org.testng.Assert.assertTrue(Assert.java:45)
at com.learning.testcases.DeleteCustomerTest.doValidationUsingJSONObject(DeleteCustomerTest.java:51)
at com.learning.testcases.DeleteCustomerTest.validateDeleteCustomerAPI(DeleteCustomerTest.java:37)
at sun.reflect.GeneratedMethodAccessor250.invoke(Unknown Source)
at sun.reflect.DelegatingMethodAccessorImpl.invoke(DelegatingMethodAccessorImpl.java:43)
at java.lang.reflect.Method.invoke(Method.java:498)
at org.testng.internal.MethodInvocationHelper.invokeMethod(MethodInvocationHelper.java:132)
at org.testng.internal.TestInvoker.invokeMethod(TestInvoker.java:599)
at org.testng.internal.TestInvoker.invokeTestMethod(TestInvoker.java:174)
at org.testng.internal.TestMethodWithDataProviderMethodWorker.call(TestMethodWithDataProviderMethodWorker.java:77)
at org.testng.internal.TestMethodWithDataProviderMethodWorker.call(TestMethodWithDataProviderMethodWorker.java:15)
at java.util.concurrent.FutureTask.run(FutureTask.java:266)
at java.util.concurrent.Executors$RunnableAdapter.call(Executors.java:511)
at java.util.concurrent.FutureTask.run(FutureTask.java:266)
at java.util.concurrent.ThreadPoolExecutor.runWorker(ThreadPoolExecutor.java:1149)
at java.util.concurrent.ThreadPoolExecutor$Worker.run(ThreadPoolExecutor.java:624)
at java.lang.Thread.run(Thread.java:748)
]]>
    </failure>
  </testcase> <!-- validateDeleteCustomerAPI -->
  <system-out/>
  <testcase name="validateDeleteCustomerAPI" time="1.391" classname="com.learning.testcases.DeleteCustomerTest">
    <failure type="java.lang.AssertionError" message="Response doesn&#039;t have ID as a field expected [true] but found [false]">
      <![CDATA[java.lang.AssertionError: Response doesn't have ID as a field expected [true] but found [false]
at org.testng.Assert.fail(Assert.java:99)
at org.testng.Assert.failNotEquals(Assert.java:1037)
at org.testng.Assert.assertTrue(Assert.java:45)
at com.learning.testcases.DeleteCustomerTest.doValidationUsingJSONObject(DeleteCustomerTest.java:51)
at com.learning.testcases.DeleteCustomerTest.validateDeleteCustomerAPI(DeleteCustomerTest.java:37)
at sun.reflect.GeneratedMethodAccessor250.invoke(Unknown Source)
at sun.reflect.DelegatingMethodAccessorImpl.invoke(DelegatingMethodAccessorImpl.java:43)
at java.lang.reflect.Method.invoke(Method.java:498)
at org.testng.internal.MethodInvocationHelper.invokeMethod(MethodInvocationHelper.java:132)
at org.testng.internal.TestInvoker.invokeMethod(TestInvoker.java:599)
at org.testng.internal.TestInvoker.invokeTestMethod(TestInvoker.java:174)
at org.testng.internal.TestMethodWithDataProviderMethodWorker.call(TestMethodWithDataProviderMethodWorker.java:77)
at org.testng.internal.TestMethodWithDataProviderMethodWorker.call(TestMethodWithDataProviderMethodWorker.java:15)
at java.util.concurrent.FutureTask.run(FutureTask.java:266)
at java.util.concurrent.Executors$RunnableAdapter.call(Executors.java:511)
at java.util.concurrent.FutureTask.run(FutureTask.java:266)
at java.util.concurrent.ThreadPoolExecutor.runWorker(ThreadPoolExecutor.java:1149)
at java.util.concurrent.ThreadPoolExecutor$Worker.run(ThreadPoolExecutor.java:624)
at java.lang.Thread.run(Thread.java:748)
]]>
    </failure>
  </testcase> <!-- validateDeleteCustomerAPI -->
  <system-out/>
  <testcase name="validateDeleteCustomerAPI" time="1.396" classname="com.learning.testcases.DeleteCustomerTest">
    <failure type="java.lang.AssertionError" message="Response doesn&#039;t have ID as a field expected [true] but found [false]">
      <![CDATA[java.lang.AssertionError: Response doesn't have ID as a field expected [true] but found [false]
at org.testng.Assert.fail(Assert.java:99)
at org.testng.Assert.failNotEquals(Assert.java:1037)
at org.testng.Assert.assertTrue(Assert.java:45)
at com.learning.testcases.DeleteCustomerTest.doValidationUsingJSONObject(DeleteCustomerTest.java:51)
at com.learning.testcases.DeleteCustomerTest.validateDeleteCustomerAPI(DeleteCustomerTest.java:37)
at sun.reflect.GeneratedMethodAccessor250.invoke(Unknown Source)
at sun.reflect.DelegatingMethodAccessorImpl.invoke(DelegatingMethodAccessorImpl.java:43)
at java.lang.reflect.Method.invoke(Method.java:498)
at org.testng.internal.MethodInvocationHelper.invokeMethod(MethodInvocationHelper.java:132)
at org.testng.internal.TestInvoker.invokeMethod(TestInvoker.java:599)
at org.testng.internal.TestInvoker.invokeTestMethod(TestInvoker.java:174)
at org.testng.internal.TestMethodWithDataProviderMethodWorker.call(TestMethodWithDataProviderMethodWorker.java:77)
at org.testng.internal.TestMethodWithDataProviderMethodWorker.call(TestMethodWithDataProviderMethodWorker.java:15)
at java.util.concurrent.FutureTask.run(FutureTask.java:266)
at java.util.concurrent.Executors$RunnableAdapter.call(Executors.java:511)
at java.util.concurrent.FutureTask.run(FutureTask.java:266)
at java.util.concurrent.ThreadPoolExecutor.runWorker(ThreadPoolExecutor.java:1149)
at java.util.concurrent.ThreadPoolExecutor$Worker.run(ThreadPoolExecutor.java:624)
at java.lang.Thread.run(Thread.java:748)
]]>
    </failure>
  </testcase> <!-- validateDeleteCustomerAPI -->
  <system-out/>
  <testcase name="validateDeleteCustomerAPI" time="1.463" classname="com.learning.testcases.DeleteCustomerTest">
    <failure type="java.lang.AssertionError" message="Response doesn&#039;t have ID as a field expected [true] but found [false]">
      <![CDATA[java.lang.AssertionError: Response doesn't have ID as a field expected [true] but found [false]
at org.testng.Assert.fail(Assert.java:99)
at org.testng.Assert.failNotEquals(Assert.java:1037)
at org.testng.Assert.assertTrue(Assert.java:45)
at com.learning.testcases.DeleteCustomerTest.doValidationUsingJSONObject(DeleteCustomerTest.java:51)
at com.learning.testcases.DeleteCustomerTest.validateDeleteCustomerAPI(DeleteCustomerTest.java:37)
at sun.reflect.NativeMethodAccessorImpl.invoke0(Native Method)
at sun.reflect.NativeMethodAccessorImpl.invoke(NativeMethodAccessorImpl.java:62)
at sun.reflect.DelegatingMethodAccessorImpl.invoke(DelegatingMethodAccessorImpl.java:43)
at java.lang.reflect.Method.invoke(Method.java:498)
at org.testng.internal.MethodInvocationHelper.invokeMethod(MethodInvocationHelper.java:132)
at org.testng.internal.TestInvoker.invokeMethod(TestInvoker.java:599)
at org.testng.internal.TestInvoker.invokeTestMethod(TestInvoker.java:174)
at org.testng.internal.TestMethodWithDataProviderMethodWorker.call(TestMethodWithDataProviderMethodWorker.java:77)
at org.testng.internal.TestMethodWithDataProviderMethodWorker.call(TestMethodWithDataProviderMethodWorker.java:15)
at java.util.concurrent.FutureTask.run(FutureTask.java:266)
at java.util.concurrent.Executors$RunnableAdapter.call(Executors.java:511)
at java.util.concurrent.FutureTask.run(FutureTask.java:266)
at java.util.concurrent.ThreadPoolExecutor.runWorker(ThreadPoolExecutor.java:1149)
at java.util.concurrent.ThreadPoolExecutor$Worker.run(ThreadPoolExecutor.java:624)
at java.lang.Thread.run(Thread.java:748)
]]>
    </failure>
  </testcase> <!-- validateDeleteCustomerAPI -->
  <system-out/>
  <testcase name="validateDeleteCustomerAPI" time="1.429" classname="com.learning.testcases.DeleteCustomerTest"/>
  <system-out/>
  <testcase name="validateDeleteCustomerAPI" time="1.428" classname="com.learning.testcases.DeleteCustomerTest">
    <failure type="java.lang.AssertionError" message="Response doesn&#039;t have ID as a field expected [true] but found [false]">
      <![CDATA[java.lang.AssertionError: Response doesn't have ID as a field expected [true] but found [false]
at org.testng.Assert.fail(Assert.java:99)
at org.testng.Assert.failNotEquals(Assert.java:1037)
at org.testng.Assert.assertTrue(Assert.java:45)
at com.learning.testcases.DeleteCustomerTest.doValidationUsingJSONObject(DeleteCustomerTest.java:51)
at com.learning.testcases.DeleteCustomerTest.validateDeleteCustomerAPI(DeleteCustomerTest.java:37)
at sun.reflect.GeneratedMethodAccessor250.invoke(Unknown Source)
at sun.reflect.DelegatingMethodAccessorImpl.invoke(DelegatingMethodAccessorImpl.java:43)
at java.lang.reflect.Method.invoke(Method.java:498)
at org.testng.internal.MethodInvocationHelper.invokeMethod(MethodInvocationHelper.java:132)
at org.testng.internal.TestInvoker.invokeMethod(TestInvoker.java:599)
at org.testng.internal.TestInvoker.invokeTestMethod(TestInvoker.java:174)
at org.testng.internal.TestMethodWithDataProviderMethodWorker.call(TestMethodWithDataProviderMethodWorker.java:77)
at org.testng.internal.TestMethodWithDataProviderMethodWorker.call(TestMethodWithDataProviderMethodWorker.java:15)
at java.util.concurrent.FutureTask.run(FutureTask.java:266)
at java.util.concurrent.Executors$RunnableAdapter.call(Executors.java:511)
at java.util.concurrent.FutureTask.run(FutureTask.java:266)
at java.util.concurrent.ThreadPoolExecutor.runWorker(ThreadPoolExecutor.java:1149)
at java.util.concurrent.ThreadPoolExecutor$Worker.run(ThreadPoolExecutor.java:624)
at java.lang.Thread.run(Thread.java:748)
]]>
    </failure>
  </testcase> <!-- validateDeleteCustomerAPI -->
  <system-out/>
  <testcase name="validateDeleteCustomerAPI" time="1.560" classname="com.learning.testcases.DeleteCustomerTest">
    <failure type="java.lang.AssertionError" message="Response doesn&#039;t have ID as a field expected [true] but found [false]">
      <![CDATA[java.lang.AssertionError: Response doesn't have ID as a field expected [true] but found [false]
at org.testng.Assert.fail(Assert.java:99)
at org.testng.Assert.failNotEquals(Assert.java:1037)
at org.testng.Assert.assertTrue(Assert.java:45)
at com.learning.testcases.DeleteCustomerTest.doValidationUsingJSONObject(DeleteCustomerTest.java:51)
at com.learning.testcases.DeleteCustomerTest.validateDeleteCustomerAPI(DeleteCustomerTest.java:37)
at sun.reflect.GeneratedMethodAccessor250.invoke(Unknown Source)
at sun.reflect.DelegatingMethodAccessorImpl.invoke(DelegatingMethodAccessorImpl.java:43)
at java.lang.reflect.Method.invoke(Method.java:498)
at org.testng.internal.MethodInvocationHelper.invokeMethod(MethodInvocationHelper.java:132)
at org.testng.internal.TestInvoker.invokeMethod(TestInvoker.java:599)
at org.testng.internal.TestInvoker.invokeTestMethod(TestInvoker.java:174)
at org.testng.internal.TestMethodWithDataProviderMethodWorker.call(TestMethodWithDataProviderMethodWorker.java:77)
at org.testng.internal.TestMethodWithDataProviderMethodWorker.call(TestMethodWithDataProviderMethodWorker.java:15)
at java.util.concurrent.FutureTask.run(FutureTask.java:266)
at java.util.concurrent.Executors$RunnableAdapter.call(Executors.java:511)
at java.util.concurrent.FutureTask.run(FutureTask.java:266)
at java.util.concurrent.ThreadPoolExecutor.runWorker(ThreadPoolExecutor.java:1149)
at java.util.concurrent.ThreadPoolExecutor$Worker.run(ThreadPoolExecutor.java:624)
at java.lang.Thread.run(Thread.java:748)
]]>
    </failure>
  </testcase> <!-- validateDeleteCustomerAPI -->
  <system-out/>
  <testcase name="validateDeleteCustomerAPI" time="1.448" classname="com.learning.testcases.DeleteCustomerTest">
    <failure type="java.lang.AssertionError" message="Response doesn&#039;t have ID as a field expected [true] but found [false]">
      <![CDATA[java.lang.AssertionError: Response doesn't have ID as a field expected [true] but found [false]
at org.testng.Assert.fail(Assert.java:99)
at org.testng.Assert.failNotEquals(Assert.java:1037)
at org.testng.Assert.assertTrue(Assert.java:45)
at com.learning.testcases.DeleteCustomerTest.doValidationUsingJSONObject(DeleteCustomerTest.java:51)
at com.learning.testcases.DeleteCustomerTest.validateDeleteCustomerAPI(DeleteCustomerTest.java:37)
at sun.reflect.GeneratedMethodAccessor250.invoke(Unknown Source)
at sun.reflect.DelegatingMethodAccessorImpl.invoke(DelegatingMethodAccessorImpl.java:43)
at java.lang.reflect.Method.invoke(Method.java:498)
at org.testng.internal.MethodInvocationHelper.invokeMethod(MethodInvocationHelper.java:132)
at org.testng.internal.TestInvoker.invokeMethod(TestInvoker.java:599)
at org.testng.internal.TestInvoker.invokeTestMethod(TestInvoker.java:174)
at org.testng.internal.TestMethodWithDataProviderMethodWorker.call(TestMethodWithDataProviderMethodWorker.java:77)
at org.testng.internal.TestMethodWithDataProviderMethodWorker.call(TestMethodWithDataProviderMethodWorker.java:15)
at java.util.concurrent.FutureTask.run(FutureTask.java:266)
at java.util.concurrent.Executors$RunnableAdapter.call(Executors.java:511)
at java.util.concurrent.FutureTask.run(FutureTask.java:266)
at java.util.concurrent.ThreadPoolExecutor.runWorker(ThreadPoolExecutor.java:1149)
at java.util.concurrent.ThreadPoolExecutor$Worker.run(ThreadPoolExecutor.java:624)
at java.lang.Thread.run(Thread.java:748)
]]>
    </failure>
  </testcase> <!-- validateDeleteCustomerAPI -->
  <system-out/>
  <testcase name="validateDeleteCustomerAPI" time="1.463" classname="com.learning.testcases.DeleteCustomerTest">
    <failure type="java.lang.AssertionError" message="Response doesn&#039;t have ID as a field expected [true] but found [false]">
      <![CDATA[java.lang.AssertionError: Response doesn't have ID as a field expected [true] but found [false]
at org.testng.Assert.fail(Assert.java:99)
at org.testng.Assert.failNotEquals(Assert.java:1037)
at org.testng.Assert.assertTrue(Assert.java:45)
at com.learning.testcases.DeleteCustomerTest.doValidationUsingJSONObject(DeleteCustomerTest.java:51)
at com.learning.testcases.DeleteCustomerTest.validateDeleteCustomerAPI(DeleteCustomerTest.java:37)
at sun.reflect.GeneratedMethodAccessor250.invoke(Unknown Source)
at sun.reflect.DelegatingMethodAccessorImpl.invoke(DelegatingMethodAccessorImpl.java:43)
at java.lang.reflect.Method.invoke(Method.java:498)
at org.testng.internal.MethodInvocationHelper.invokeMethod(MethodInvocationHelper.java:132)
at org.testng.internal.TestInvoker.invokeMethod(TestInvoker.java:599)
at org.testng.internal.TestInvoker.invokeTestMethod(TestInvoker.java:174)
at org.testng.internal.TestMethodWithDataProviderMethodWorker.call(TestMethodWithDataProviderMethodWorker.java:77)
at org.testng.internal.TestMethodWithDataProviderMethodWorker.call(TestMethodWithDataProviderMethodWorker.java:15)
at java.util.concurrent.FutureTask.run(FutureTask.java:266)
at java.util.concurrent.Executors$RunnableAdapter.call(Executors.java:511)
at java.util.concurrent.FutureTask.run(FutureTask.java:266)
at java.util.concurrent.ThreadPoolExecutor.runWorker(ThreadPoolExecutor.java:1149)
at java.util.concurrent.ThreadPoolExecutor$Worker.run(ThreadPoolExecutor.java:624)
at java.lang.Thread.run(Thread.java:748)
]]>
    </failure>
  </testcase> <!-- validateDeleteCustomerAPI -->
  <system-out/>
  <testcase name="validateDeleteCustomerAPI" time="1.390" classname="com.learning.testcases.DeleteCustomerTest">
    <failure type="java.lang.AssertionError" message="Response doesn&#039;t have ID as a field expected [true] but found [false]">
      <![CDATA[java.lang.AssertionError: Response doesn't have ID as a field expected [true] but found [false]
at org.testng.Assert.fail(Assert.java:99)
at org.testng.Assert.failNotEquals(Assert.java:1037)
at org.testng.Assert.assertTrue(Assert.java:45)
at com.learning.testcases.DeleteCustomerTest.doValidationUsingJSONObject(DeleteCustomerTest.java:51)
at com.learning.testcases.DeleteCustomerTest.validateDeleteCustomerAPI(DeleteCustomerTest.java:37)
at sun.reflect.GeneratedMethodAccessor250.invoke(Unknown Source)
at sun.reflect.DelegatingMethodAccessorImpl.invoke(DelegatingMethodAccessorImpl.java:43)
at java.lang.reflect.Method.invoke(Method.java:498)
at org.testng.internal.MethodInvocationHelper.invokeMethod(MethodInvocationHelper.java:132)
at org.testng.internal.TestInvoker.invokeMethod(TestInvoker.java:599)
at org.testng.internal.TestInvoker.invokeTestMethod(TestInvoker.java:174)
at org.testng.internal.TestMethodWithDataProviderMethodWorker.call(TestMethodWithDataProviderMethodWorker.java:77)
at org.testng.internal.TestMethodWithDataProviderMethodWorker.call(TestMethodWithDataProviderMethodWorker.java:15)
at java.util.concurrent.FutureTask.run(FutureTask.java:266)
at java.util.concurrent.Executors$RunnableAdapter.call(Executors.java:511)
at java.util.concurrent.FutureTask.run(FutureTask.java:266)
at java.util.concurrent.ThreadPoolExecutor.runWorker(ThreadPoolExecutor.java:1149)
at java.util.concurrent.ThreadPoolExecutor$Worker.run(ThreadPoolExecutor.java:624)
at java.lang.Thread.run(Thread.java:748)
]]>
    </failure>
  </testcase> <!-- validateDeleteCustomerAPI -->
  <system-out/>
  <testcase name="validateDeleteCustomerAPI" time="1.527" classname="com.learning.testcases.DeleteCustomerTest"/>
  <system-out/>
  <testcase name="validateDeleteCustomerAPI" time="1.348" classname="com.learning.testcases.DeleteCustomerTest">
    <failure type="java.lang.AssertionError" message="Response doesn&#039;t have ID as a field expected [true] but found [false]">
      <![CDATA[java.lang.AssertionError: Response doesn't have ID as a field expected [true] but found [false]
at org.testng.Assert.fail(Assert.java:99)
at org.testng.Assert.failNotEquals(Assert.java:1037)
at org.testng.Assert.assertTrue(Assert.java:45)
at com.learning.testcases.DeleteCustomerTest.doValidationUsingJSONObject(DeleteCustomerTest.java:51)
at com.learning.testcases.DeleteCustomerTest.validateDeleteCustomerAPI(DeleteCustomerTest.java:37)
at sun.reflect.GeneratedMethodAccessor250.invoke(Unknown Source)
at sun.reflect.DelegatingMethodAccessorImpl.invoke(DelegatingMethodAccessorImpl.java:43)
at java.lang.reflect.Method.invoke(Method.java:498)
at org.testng.internal.MethodInvocationHelper.invokeMethod(MethodInvocationHelper.java:132)
at org.testng.internal.TestInvoker.invokeMethod(TestInvoker.java:599)
at org.testng.internal.TestInvoker.invokeTestMethod(TestInvoker.java:174)
at org.testng.internal.TestMethodWithDataProviderMethodWorker.call(TestMethodWithDataProviderMethodWorker.java:77)
at org.testng.internal.TestMethodWithDataProviderMethodWorker.call(TestMethodWithDataProviderMethodWorker.java:15)
at java.util.concurrent.FutureTask.run(FutureTask.java:266)
at java.util.concurrent.Executors$RunnableAdapter.call(Executors.java:511)
at java.util.concurrent.FutureTask.run(FutureTask.java:266)
at java.util.concurrent.ThreadPoolExecutor.runWorker(ThreadPoolExecutor.java:1149)
at java.util.concurrent.ThreadPoolExecutor$Worker.run(ThreadPoolExecutor.java:624)
at java.lang.Thread.run(Thread.java:748)
]]>
    </failure>
  </testcase> <!-- validateDeleteCustomerAPI -->
  <system-out/>
  <testcase name="validateDeleteCustomerAPI" time="1.638" classname="com.learning.testcases.DeleteCustomerTest"/>
  <system-out/>
  <testcase name="validateDeleteCustomerAPI" time="4.529" classname="com.learning.testcases.DeleteCustomerTest">
    <failure type="java.lang.AssertionError" message="Response doesn&#039;t have ID as a field expected [true] but found [false]">
      <![CDATA[java.lang.AssertionError: Response doesn't have ID as a field expected [true] but found [false]
at org.testng.Assert.fail(Assert.java:99)
at org.testng.Assert.failNotEquals(Assert.java:1037)
at org.testng.Assert.assertTrue(Assert.java:45)
at com.learning.testcases.DeleteCustomerTest.doValidationUsingJSONObject(DeleteCustomerTest.java:51)
at com.learning.testcases.DeleteCustomerTest.validateDeleteCustomerAPI(DeleteCustomerTest.java:37)
at sun.reflect.NativeMethodAccessorImpl.invoke0(Native Method)
at sun.reflect.NativeMethodAccessorImpl.invoke(NativeMethodAccessorImpl.java:62)
at sun.reflect.DelegatingMethodAccessorImpl.invoke(DelegatingMethodAccessorImpl.java:43)
at java.lang.reflect.Method.invoke(Method.java:498)
at org.testng.internal.MethodInvocationHelper.invokeMethod(MethodInvocationHelper.java:132)
at org.testng.internal.TestInvoker.invokeMethod(TestInvoker.java:599)
at org.testng.internal.TestInvoker.invokeTestMethod(TestInvoker.java:174)
at org.testng.internal.TestMethodWithDataProviderMethodWorker.call(TestMethodWithDataProviderMethodWorker.java:77)
at org.testng.internal.TestMethodWithDataProviderMethodWorker.call(TestMethodWithDataProviderMethodWorker.java:15)
at java.util.concurrent.FutureTask.run(FutureTask.java:266)
at java.util.concurrent.Executors$RunnableAdapter.call(Executors.java:511)
at java.util.concurrent.FutureTask.run(FutureTask.java:266)
at java.util.concurrent.ThreadPoolExecutor.runWorker(ThreadPoolExecutor.java:1149)
at java.util.concurrent.ThreadPoolExecutor$Worker.run(ThreadPoolExecutor.java:624)
at java.lang.Thread.run(Thread.java:748)
]]>
    </failure>
  </testcase> <!-- validateDeleteCustomerAPI -->
  <system-out/>
  <testcase name="validateDeleteCustomerAPI" time="1.411" classname="com.learning.testcases.DeleteCustomerTest">
    <failure type="java.lang.AssertionError" message="Response doesn&#039;t have ID as a field expected [true] but found [false]">
      <![CDATA[java.lang.AssertionError: Response doesn't have ID as a field expected [true] but found [false]
at org.testng.Assert.fail(Assert.java:99)
at org.testng.Assert.failNotEquals(Assert.java:1037)
at org.testng.Assert.assertTrue(Assert.java:45)
at com.learning.testcases.DeleteCustomerTest.doValidationUsingJSONObject(DeleteCustomerTest.java:51)
at com.learning.testcases.DeleteCustomerTest.validateDeleteCustomerAPI(DeleteCustomerTest.java:37)
at sun.reflect.GeneratedMethodAccessor250.invoke(Unknown Source)
at sun.reflect.DelegatingMethodAccessorImpl.invoke(DelegatingMethodAccessorImpl.java:43)
at java.lang.reflect.Method.invoke(Method.java:498)
at org.testng.internal.MethodInvocationHelper.invokeMethod(MethodInvocationHelper.java:132)
at org.testng.internal.TestInvoker.invokeMethod(TestInvoker.java:599)
at org.testng.internal.TestInvoker.invokeTestMethod(TestInvoker.java:174)
at org.testng.internal.TestMethodWithDataProviderMethodWorker.call(TestMethodWithDataProviderMethodWorker.java:77)
at org.testng.internal.TestMethodWithDataProviderMethodWorker.call(TestMethodWithDataProviderMethodWorker.java:15)
at java.util.concurrent.FutureTask.run(FutureTask.java:266)
at java.util.concurrent.Executors$RunnableAdapter.call(Executors.java:511)
at java.util.concurrent.FutureTask.run(FutureTask.java:266)
at java.util.concurrent.ThreadPoolExecutor.runWorker(ThreadPoolExecutor.java:1149)
at java.util.concurrent.ThreadPoolExecutor$Worker.run(ThreadPoolExecutor.java:624)
at java.lang.Thread.run(Thread.java:748)
]]>
    </failure>
  </testcase> <!-- validateDeleteCustomerAPI -->
  <system-out/>
  <testcase name="validateDeleteCustomerAPI" time="1.386" classname="com.learning.testcases.DeleteCustomerTest">
    <failure type="java.lang.AssertionError" message="Response doesn&#039;t have ID as a field expected [true] but found [false]">
      <![CDATA[java.lang.AssertionError: Response doesn't have ID as a field expected [true] but found [false]
at org.testng.Assert.fail(Assert.java:99)
at org.testng.Assert.failNotEquals(Assert.java:1037)
at org.testng.Assert.assertTrue(Assert.java:45)
at com.learning.testcases.DeleteCustomerTest.doValidationUsingJSONObject(DeleteCustomerTest.java:51)
at com.learning.testcases.DeleteCustomerTest.validateDeleteCustomerAPI(DeleteCustomerTest.java:37)
at sun.reflect.GeneratedMethodAccessor250.invoke(Unknown Source)
at sun.reflect.DelegatingMethodAccessorImpl.invoke(DelegatingMethodAccessorImpl.java:43)
at java.lang.reflect.Method.invoke(Method.java:498)
at org.testng.internal.MethodInvocationHelper.invokeMethod(MethodInvocationHelper.java:132)
at org.testng.internal.TestInvoker.invokeMethod(TestInvoker.java:599)
at org.testng.internal.TestInvoker.invokeTestMethod(TestInvoker.java:174)
at org.testng.internal.TestMethodWithDataProviderMethodWorker.call(TestMethodWithDataProviderMethodWorker.java:77)
at org.testng.internal.TestMethodWithDataProviderMethodWorker.call(TestMethodWithDataProviderMethodWorker.java:15)
at java.util.concurrent.FutureTask.run(FutureTask.java:266)
at java.util.concurrent.Executors$RunnableAdapter.call(Executors.java:511)
at java.util.concurrent.FutureTask.run(FutureTask.java:266)
at java.util.concurrent.ThreadPoolExecutor.runWorker(ThreadPoolExecutor.java:1149)
at java.util.concurrent.ThreadPoolExecutor$Worker.run(ThreadPoolExecutor.java:624)
at java.lang.Thread.run(Thread.java:748)
]]>
    </failure>
  </testcase> <!-- validateDeleteCustomerAPI -->
  <system-out/>
  <testcase name="validateDeleteCustomerAPI" time="1.405" classname="com.learning.testcases.DeleteCustomerTest">
    <failure type="java.lang.AssertionError" message="Response doesn&#039;t have ID as a field expected [true] but found [false]">
      <![CDATA[java.lang.AssertionError: Response doesn't have ID as a field expected [true] but found [false]
at org.testng.Assert.fail(Assert.java:99)
at org.testng.Assert.failNotEquals(Assert.java:1037)
at org.testng.Assert.assertTrue(Assert.java:45)
at com.learning.testcases.DeleteCustomerTest.doValidationUsingJSONObject(DeleteCustomerTest.java:51)
[...]
at org.testng.internal.MethodInvocationHelper.invokeMethod(MethodInvocationHelper.java:132)
at org.testng.internal.TestInvoker.invokeMethod(TestInvoker.java:599)
at org.testng.internal.TestInvoker.invokeTestMethod(TestInvoker.java:174)
at org.testng.internal.TestMethodWithDataProviderMethodWorker.call(TestMethodWithDataProviderMethodWorker.java:77)
at org.testng.internal.TestMethodWithDataProviderMethodWorker.call(TestMethodWithDataProviderMethodWorker.java:15)
at java.util.concurrent.FutureTask.run(FutureTask.java:266)
at java.util.concurrent.Executors$RunnableAdapter.call(Executors.java:511)
at java.util.concurrent.FutureTask.run(FutureTask.java:266)
at java.util.concurrent.ThreadPoolExecutor.runWorker(ThreadPoolExecutor.java:1149)
at java.util.concurrent.ThreadPoolExecutor$Worker.run(ThreadPoolExecutor.java:624)
at java.lang.Thread.run(Thread.java:748)
]]>
    </failure>
  </testcase> <!-- validateDeleteCustomerAPI -->
  <system-out/>
  <testcase name="validateDeleteCustomerAPI" time="1.391" classname="com.learning.testcases.DeleteCustomerTest">
    <failure type="java.lang.AssertionError" message="Response doesn&#039;t have ID as a field expected [true] but found [false]">
      <![CDATA[java.lang.AssertionError: Response doesn't have ID as a field expected [true] but found [false]
at org.testng.Assert.fail(Assert.java:99)
at org.testng.Assert.failNotEquals(Assert.java:1037)
at org.testng.Assert.assertTrue(Assert.java:45)
at com.learning.testcases.DeleteCustomerTest.doValidationUsingJSONObject(DeleteCustomerTest.java:51)
at com.learning.testcases.DeleteCustomerTest.validateDeleteCustomerAPI(DeleteCustomerTest.java:37)
at sun.reflect.GeneratedMethodAccessor250.invoke(Unknown Source)
at sun.reflect.DelegatingMethodAccessorImpl.invoke(DelegatingMethodAccessorImpl.java:43)
at java.lang.reflect.Method.invoke(Method.java:498)
at org.testng.internal.MethodInvocationHelper.invokeMethod(MethodInvocationHelper.java:132)
at org.testng.internal.TestInvoker.invokeMethod(TestInvoker.java:599)
at org.testng.internal.TestInvoker.invokeTestMethod(TestInvoker.java:174)
at org.testng.internal.TestMethodWithDataProviderMethodWorker.call(TestMethodWithDataProviderMethodWorker.java:77)
at org.testng.internal.TestMethodWithDataProviderMethodWorker.call(TestMethodWithDataProviderMethodWorker.java:15)
at java.util.concurrent.FutureTask.run(FutureTask.java:266)
at java.util.concurrent.Executors$RunnableAdapter.call(Executors.java:511)
at java.util.concurrent.FutureTask.run(FutureTask.java:266)
at java.util.concurrent.ThreadPoolExecutor.runWorker(ThreadPoolExecutor.java:1149)
at java.util.concurrent.ThreadPoolExecutor$Worker.run(ThreadPoolExecutor.java:624)
at java.lang.Thread.run(Thread.java:748)
]]>
    </failure>
  </testcase> <!-- validateDeleteCustomerAPI -->
  <system-out/>
  <testcase name="validateDeleteCustomerAPI" time="1.406" classname="com.learning.testcases.DeleteCustomerTest">
    <failure type="java.lang.AssertionError" message="Response doesn&#039;t have ID as a field expected [true] but found [false]">
      <![CDATA[java.lang.AssertionError: Response doesn't have ID as a field expected [true] but found [false]
at org.testng.Assert.fail(Assert.java:99)
at org.testng.Assert.failNotEquals(Assert.java:1037)
at org.testng.Assert.assertTrue(Assert.java:45)
at com.learning.testcases.DeleteCustomerTest.doValidationUsingJSONObject(DeleteCustomerTest.java:51)
at com.learning.testcases.DeleteCustomerTest.validateDeleteCustomerAPI(DeleteCustomerTest.java:37)
at sun.reflect.GeneratedMethodAccessor250.invoke(Unknown Source)
at sun.reflect.DelegatingMethodAccessorImpl.invoke(DelegatingMethodAccessorImpl.java:43)
at java.lang.reflect.Method.invoke(Method.java:498)
at org.testng.internal.MethodInvocationHelper.invokeMethod(MethodInvocationHelper.java:132)
at org.testng.internal.TestInvoker.invokeMethod(TestInvoker.java:599)
at org.testng.internal.TestInvoker.invokeTestMethod(TestInvoker.java:174)
at org.testng.internal.TestMethodWithDataProviderMethodWorker.call(TestMethodWithDataProviderMethodWorker.java:77)
at org.testng.internal.TestMethodWithDataProviderMethodWorker.call(TestMethodWithDataProviderMethodWorker.java:15)
at java.util.concurrent.FutureTask.run(FutureTask.java:266)
at java.util.concurrent.Executors$RunnableAdapter.call(Executors.java:511)
at java.util.concurrent.FutureTask.run(FutureTask.java:266)
at java.util.concurrent.ThreadPoolExecutor.runWorker(ThreadPoolExecutor.java:1149)
at java.util.concurrent.ThreadPoolExecutor$Worker.run(ThreadPoolExecutor.java:624)
at java.lang.Thread.run(Thread.java:748)
]]>
    </failure>
  </testcase> <!-- validateDeleteCustomerAPI -->
  <system-out/>
  <testcase name="validateDeleteCustomerAPI" time="1.407" classname="com.learning.testcases.DeleteCustomerTest">
    <failure type="java.lang.AssertionError" message="Response doesn&#039;t have ID as a field expected [true] but found [false]">
      <![CDATA[java.lang.AssertionError: Response doesn't have ID as a field expected [true] but found [false]
at org.testng.Assert.fail(Assert.java:99)
at org.testng.Assert.failNotEquals(Assert.java:1037)
at org.testng.Assert.assertTrue(Assert.java:45)
at com.learning.testcases.DeleteCustomerTest.doValidationUsingJSONObject(DeleteCustomerTest.java:51)
at com.learning.testcases.DeleteCustomerTest.validateDeleteCustomerAPI(DeleteCustomerTest.java:37)
at sun.reflect.GeneratedMethodAccessor250.invoke(Unknown Source)
at sun.reflect.DelegatingMethodAccessorImpl.invoke(DelegatingMethodAccessorImpl.java:43)
at java.lang.reflect.Method.invoke(Method.java:498)
at org.testng.internal.MethodInvocationHelper.invokeMethod(MethodInvocationHelper.java:132)
at org.testng.internal.TestInvoker.invokeMethod(TestInvoker.java:599)
at org.testng.internal.TestInvoker.invokeTestMethod(TestInvoker.java:174)
at org.testng.internal.TestMethodWithDataProviderMethodWorker.call(TestMethodWithDataProviderMethodWorker.java:77)
at org.testng.internal.TestMethodWithDataProviderMethodWorker.call(TestMethodWithDataProviderMethodWorker.java:15)
at java.util.concurrent.FutureTask.run(FutureTask.java:266)
at java.util.concurrent.Executors$RunnableAdapter.call(Executors.java:511)
at java.util.concurrent.FutureTask.run(FutureTask.java:266)
at java.util.concurrent.ThreadPoolExecutor.runWorker(ThreadPoolExecutor.java:1149)
at java.util.concurrent.ThreadPoolExecutor$Worker.run(ThreadPoolExecutor.java:624)
at java.lang.Thread.run(Thread.java:748)
]]>
    </failure>
  </testcase> <!-- validateDeleteCustomerAPI -->
  <system-out/>
  <testcase name="validateDeleteCustomerAPI" time="1.381" classname="com.learning.testcases.DeleteCustomerTest">
    <failure type="java.lang.AssertionError" message="Response doesn&#039;t have ID as a field expected [true] but found [false]">
      <![CDATA[java.lang.AssertionError: Response doesn't have ID as a field expected [true] but found [false]
at org.testng.Assert.fail(Assert.java:99)
at org.testng.Assert.failNotEquals(Assert.java:1037)
at org.testng.Assert.assertTrue(Assert.java:45)
at com.learning.testcases.DeleteCustomerTest.doValidationUsingJSONObject(DeleteCustomerTest.java:51)
at com.learning.testcases.DeleteCustomerTest.validateDeleteCustomerAPI(DeleteCustomerTest.java:37)
at sun.reflect.GeneratedMethodAccessor250.invoke(Unknown Source)
at sun.reflect.DelegatingMethodAccessorImpl.invoke(DelegatingMethodAccessorImpl.java:43)
at java.lang.reflect.Method.invoke(Method.java:498)
at org.testng.internal.MethodInvocationHelper.invokeMethod(MethodInvocationHelper.java:132)
at org.testng.internal.TestInvoker.invokeMethod(TestInvoker.java:599)
at org.testng.internal.TestInvoker.invokeTestMethod(TestInvoker.java:174)
at org.testng.internal.TestMethodWithDataProviderMethodWorker.call(TestMethodWithDataProviderMethodWorker.java:77)
at org.testng.internal.TestMethodWithDataProviderMethodWorker.call(TestMethodWithDataProviderMethodWorker.java:15)
at java.util.concurrent.FutureTask.run(FutureTask.java:266)
at java.util.concurrent.Executors$RunnableAdapter.call(Executors.java:511)
at java.util.concurrent.FutureTask.run(FutureTask.java:266)
at java.util.concurrent.ThreadPoolExecutor.runWorker(ThreadPoolExecutor.java:1149)
at java.util.concurrent.ThreadPoolExecutor$Worker.run(ThreadPoolExecutor.java:624)
at java.lang.Thread.run(Thread.java:748)
]]>
    </failure>
  </testcase> <!-- validateDeleteCustomerAPI -->
  <system-out/>
  <testcase name="validateDeleteCustomerAPI" time="2.314" classname="com.learning.testcases.DeleteCustomerTest"/>
  <system-out/>
  <testcase name="validateDeleteCustomerAPI" time="1.463" classname="com.learning.testcases.DeleteCustomerTest"/>
  <system-out/>
  <testcase name="validateDeleteCustomerAPI" time="1.413" classname="com.learning.testcases.DeleteCustomerTest">
    <failure type="java.lang.AssertionError" message="Response doesn&#039;t have ID as a field expected [true] but found [false]">
      <![CDATA[java.lang.AssertionError: Response doesn't have ID as a field expected [true] but found [false]
at org.testng.Assert.fail(Assert.java:99)
at org.testng.Assert.failNotEquals(Assert.java:1037)
at org.testng.Assert.assertTrue(Assert.java:45)
at com.learning.testcases.DeleteCustomerTest.doValidationUsingJSONObject(DeleteCustomerTest.java:51)
at com.learning.testcases.DeleteCustomerTest.validateDeleteCustomerAPI(DeleteCustomerTest.java:37)
at sun.reflect.GeneratedMethodAccessor250.invoke(Unknown Source)
at sun.reflect.DelegatingMethodAccessorImpl.invoke(DelegatingMethodAccessorImpl.java:43)
at java.lang.reflect.Method.invoke(Method.java:498)
at org.testng.internal.MethodInvocationHelper.invokeMethod(MethodInvocationHelper.java:132)
at org.testng.internal.TestInvoker.invokeMethod(TestInvoker.java:599)
at org.testng.internal.TestInvoker.invokeTestMethod(TestInvoker.java:174)
at org.testng.internal.TestMethodWithDataProviderMethodWorker.call(TestMethodWithDataProviderMethodWorker.java:77)
at org.testng.internal.TestMethodWithDataProviderMethodWorker.call(TestMethodWithDataProviderMethodWorker.java:15)
at java.util.concurrent.FutureTask.run(FutureTask.java:266)
at java.util.concurrent.Executors$RunnableAdapter.call(Executors.java:511)
at java.util.concurrent.FutureTask.run(FutureTask.java:266)
at java.util.concurrent.ThreadPoolExecutor.runWorker(ThreadPoolExecutor.java:1149)
at java.util.concurrent.ThreadPoolExecutor$Worker.run(ThreadPoolExecutor.java:624)
at java.lang.Thread.run(Thread.java:748)
]]>
    </failure>
  </testcase> <!-- validateDeleteCustomerAPI -->
  <system-out/>
  <testcase name="validateDeleteCustomerAPI" time="1.353" classname="com.learning.testcases.DeleteCustomerTest">
    <failure type="java.lang.AssertionError" message="Response doesn&#039;t have ID as a field expected [true] but found [false]">
      <![CDATA[java.lang.AssertionError: Response doesn't have ID as a field expected [true] but found [false]
at org.testng.Assert.fail(Assert.java:99)
at org.testng.Assert.failNotEquals(Assert.java:1037)
at org.testng.Assert.assertTrue(Assert.java:45)
at com.learning.testcases.DeleteCustomerTest.doValidationUsingJSONObject(DeleteCustomerTest.java:51)
at com.learning.testcases.DeleteCustomerTest.validateDeleteCustomerAPI(DeleteCustomerTest.java:37)
at sun.reflect.GeneratedMethodAccessor250.invoke(Unknown Source)
at sun.reflect.DelegatingMethodAccessorImpl.invoke(DelegatingMethodAccessorImpl.java:43)
at java.lang.reflect.Method.invoke(Method.java:498)
at org.testng.internal.MethodInvocationHelper.invokeMethod(MethodInvocationHelper.java:132)
at org.testng.internal.TestInvoker.invokeMethod(TestInvoker.java:599)
at org.testng.internal.TestInvoker.invokeTestMethod(TestInvoker.java:174)
at org.testng.internal.TestMethodWithDataProviderMethodWorker.call(TestMethodWithDataProviderMethodWorker.java:77)
at org.testng.internal.TestMethodWithDataProviderMethodWorker.call(TestMethodWithDataProviderMethodWorker.java:15)
at java.util.concurrent.FutureTask.run(FutureTask.java:266)
at java.util.concurrent.Executors$RunnableAdapter.call(Executors.java:511)
at java.util.concurrent.FutureTask.run(FutureTask.java:266)
at java.util.concurrent.ThreadPoolExecutor.runWorker(ThreadPoolExecutor.java:1149)
at java.util.concurrent.ThreadPoolExecutor$Worker.run(ThreadPoolExecutor.java:624)
at java.lang.Thread.run(Thread.java:748)
]]>
    </failure>
  </testcase> <!-- validateDeleteCustomerAPI -->
  <system-out/>
  <testcase name="validateDeleteCustomerAPI" time="1.450" classname="com.learning.testcases.DeleteCustomerTest"/>
  <system-out/>
  <testcase name="validateDeleteCustomerAPI" time="1.389" classname="com.learning.testcases.DeleteCustomerTest">
    <failure type="java.lang.AssertionError" message="Response doesn&#039;t have ID as a field expected [true] but found [false]">
      <![CDATA[java.lang.AssertionError: Response doesn't have ID as a field expected [true] but found [false]
at org.testng.Assert.fail(Assert.java:99)
at org.testng.Assert.failNotEquals(Assert.java:1037)
at org.testng.Assert.assertTrue(Assert.java:45)
at com.learning.testcases.DeleteCustomerTest.doValidationUsingJSONObject(DeleteCustomerTest.java:51)
at com.learning.testcases.DeleteCustomerTest.validateDeleteCustomerAPI(DeleteCustomerTest.java:37)
at sun.reflect.GeneratedMethodAccessor250.invoke(Unknown Source)
at sun.reflect.DelegatingMethodAccessorImpl.invoke(DelegatingMethodAccessorImpl.java:43)
at java.lang.reflect.Method.invoke(Method.java:498)
at org.testng.internal.MethodInvocationHelper.invokeMethod(MethodInvocationHelper.java:132)
at org.testng.internal.TestInvoker.invokeMethod(TestInvoker.java:599)
at org.testng.internal.TestInvoker.invokeTestMethod(TestInvoker.java:174)
at org.testng.internal.TestMethodWithDataProviderMethodWorker.call(TestMethodWithDataProviderMethodWorker.java:77)
at org.testng.internal.TestMethodWithDataProviderMethodWorker.call(TestMethodWithDataProviderMethodWorker.java:15)
at java.util.concurrent.FutureTask.run(FutureTask.java:266)
at java.util.concurrent.Executors$RunnableAdapter.call(Executors.java:511)
at java.util.concurrent.FutureTask.run(FutureTask.java:266)
at java.util.concurrent.ThreadPoolExecutor.runWorker(ThreadPoolExecutor.java:1149)
at java.util.concurrent.ThreadPoolExecutor$Worker.run(ThreadPoolExecutor.java:624)
at java.lang.Thread.run(Thread.java:748)
]]>
    </failure>
  </testcase> <!-- validateDeleteCustomerAPI -->
  <system-out/>
  <testcase name="validateDeleteCustomerAPI" time="1.403" classname="com.learning.testcases.DeleteCustomerTest">
    <failure type="java.lang.AssertionError" message="Response doesn&#039;t have ID as a field expected [true] but found [false]">
      <![CDATA[java.lang.AssertionError: Response doesn't have ID as a field expected [true] but found [false]
at org.testng.Assert.fail(Assert.java:99)
at org.testng.Assert.failNotEquals(Assert.java:1037)
at org.testng.Assert.assertTrue(Assert.java:45)
at com.learning.testcases.DeleteCustomerTest.doValidationUsingJSONObject(DeleteCustomerTest.java:51)
at com.learning.testcases.DeleteCustomerTest.validateDeleteCustomerAPI(DeleteCustomerTest.java:37)
at sun.reflect.GeneratedMethodAccessor250.invoke(Unknown Source)
at sun.reflect.DelegatingMethodAccessorImpl.invoke(DelegatingMethodAccessorImpl.java:43)
at java.lang.reflect.Method.invoke(Method.java:498)
at org.testng.internal.MethodInvocationHelper.invokeMethod(MethodInvocationHelper.java:132)
at org.testng.internal.TestInvoker.invokeMethod(TestInvoker.java:599)
at org.testng.internal.TestInvoker.invokeTestMethod(TestInvoker.java:174)
at org.testng.internal.TestMethodWithDataProviderMethodWorker.call(TestMethodWithDataProviderMethodWorker.java:77)
at org.testng.internal.TestMethodWithDataProviderMethodWorker.call(TestMethodWithDataProviderMethodWorker.java:15)
at java.util.concurrent.FutureTask.run(FutureTask.java:266)
at java.util.concurrent.Executors$RunnableAdapter.call(Executors.java:511)
at java.util.concurrent.FutureTask.run(FutureTask.java:266)
at java.util.concurrent.ThreadPoolExecutor.runWorker(ThreadPoolExecutor.java:1149)
at java.util.concurrent.ThreadPoolExecutor$Worker.run(ThreadPoolExecutor.java:624)
at java.lang.Thread.run(Thread.java:748)
]]>
    </failure>
  </testcase> <!-- validateDeleteCustomerAPI -->
  <system-out/>
  <testcase name="validateDeleteCustomerAPI" time="1.461" classname="com.learning.testcases.DeleteCustomerTest">
    <failure type="java.lang.AssertionError" message="Response doesn&#039;t have ID as a field expected [true] but found [false]">
      <![CDATA[java.lang.AssertionError: Response doesn't have ID as a field expected [true] but found [false]
at org.testng.Assert.fail(Assert.java:99)
at org.testng.Assert.failNotEquals(Assert.java:1037)
at org.testng.Assert.assertTrue(Assert.java:45)
at com.learning.testcases.DeleteCustomerTest.doValidationUsingJSONObject(DeleteCustomerTest.java:51)
at com.learning.testcases.DeleteCustomerTest.validateDeleteCustomerAPI(DeleteCustomerTest.java:37)
at sun.reflect.GeneratedMethodAccessor250.invoke(Unknown Source)
at sun.reflect.DelegatingMethodAccessorImpl.invoke(DelegatingMethodAccessorImpl.java:43)
at java.lang.reflect.Method.invoke(Method.java:498)
at org.testng.internal.MethodInvocationHelper.invokeMethod(MethodInvocationHelper.java:132)
at org.testng.internal.TestInvoker.invokeMethod(TestInvoker.java:599)
at org.testng.internal.TestInvoker.invokeTestMethod(TestInvoker.java:174)
at org.testng.internal.TestMethodWithDataProviderMethodWorker.call(TestMethodWithDataProviderMethodWorker.java:77)
at org.testng.internal.TestMethodWithDataProviderMethodWorker.call(TestMethodWithDataProviderMethodWorker.java:15)
at java.util.concurrent.FutureTask.run(FutureTask.java:266)
at java.util.concurrent.Executors$RunnableAdapter.call(Executors.java:511)
at java.util.concurrent.FutureTask.run(FutureTask.java:266)
at java.util.concurrent.ThreadPoolExecutor.runWorker(ThreadPoolExecutor.java:1149)
at java.util.concurrent.ThreadPoolExecutor$Worker.run(ThreadPoolExecutor.java:624)
at java.lang.Thread.run(Thread.java:748)
]]>
    </failure>
  </testcase> <!-- validateDeleteCustomerAPI -->
  <system-out/>
  <testcase name="validateDeleteCustomerAPI" time="1.389" classname="com.learning.testcases.DeleteCustomerTest">
    <failure type="java.lang.AssertionError" message="Response doesn&#039;t have ID as a field expected [true] but found [false]">
      <![CDATA[java.lang.AssertionError: Response doesn't have ID as a field expected [true] but found [false]
at org.testng.Assert.fail(Assert.java:99)
at org.testng.Assert.failNotEquals(Assert.java:1037)
at org.testng.Assert.assertTrue(Assert.java:45)
at com.learning.testcases.DeleteCustomerTest.doValidationUsingJSONObject(DeleteCustomerTest.java:51)
at com.learning.testcases.DeleteCustomerTest.validateDeleteCustomerAPI(DeleteCustomerTest.java:37)
at sun.reflect.GeneratedMethodAccessor250.invoke(Unknown Source)
at sun.reflect.DelegatingMethodAccessorImpl.invoke(DelegatingMethodAccessorImpl.java:43)
at java.lang.reflect.Method.invoke(Method.java:498)
at org.testng.internal.MethodInvocationHelper.invokeMethod(MethodInvocationHelper.java:132)
at org.testng.internal.TestInvoker.invokeMethod(TestInvoker.java:599)
at org.testng.internal.TestInvoker.invokeTestMethod(TestInvoker.java:174)
at org.testng.internal.TestMethodWithDataProviderMethodWorker.call(TestMethodWithDataProviderMethodWorker.java:77)
at org.testng.internal.TestMethodWithDataProviderMethodWorker.call(TestMethodWithDataProviderMethodWorker.java:15)
at java.util.concurrent.FutureTask.run(FutureTask.java:266)
at java.util.concurrent.Executors$RunnableAdapter.call(Executors.java:511)
at java.util.concurrent.FutureTask.run(FutureTask.java:266)
at java.util.concurrent.ThreadPoolExecutor.runWorker(ThreadPoolExecutor.java:1149)
at java.util.concurrent.ThreadPoolExecutor$Worker.run(ThreadPoolExecutor.java:624)
at java.lang.Thread.run(Thread.java:748)
]]>
    </failure>
  </testcase> <!-- validateDeleteCustomerAPI -->
  <system-out/>
</testsuite> <!-- com.learning.testcases.DeleteCustomerTest -->
